<?xml version="1.0" encoding="UTF-8"?>
  <testsuite tests="60" failures="3" time="6586.262992406">
      <testcase name="[sig-scheduling] SchedulerPredicates [Serial] validates local ephemeral storage resource limits of pods that are allowed to run [Feature:LocalStorageCapacityIsolation]" classname="Kubernetes e2e suite" time="0">
          <skipped></skipped>
      </testcase>
      <testcase name="[sig-storage] Subpath [Volume type: gcePDPartitioned] should support existing directory" classname="Kubernetes e2e suite" time="0">
          <skipped></skipped>
      </testcase>
      <testcase name="[sig-network] Services should have session affinity work for LoadBalancer service with ESIPP on [Slow] [DisabledForLargeClusters]" classname="Kubernetes e2e suite" time="0">
          <skipped></skipped>
      </testcase>
      <testcase name="[sig-storage] PersistentVolumes-local  Local volume that cannot be mounted [Slow] should fail due to wrong node" classname="Kubernetes e2e suite" time="0">
          <skipped></skipped>
      </testcase>
      <testcase name="[sig-cli] Kubectl Port forwarding [k8s.io] With a server listening on localhost [k8s.io] that expects a client request should support a client that connects, sends DATA, and disconnects" classname="Kubernetes e2e suite" time="0">
          <skipped></skipped>
      </testcase>
      <testcase name="[sig-storage] Subpath [Volume type: gluster] should support non-existent path" classname="Kubernetes e2e suite" time="0">
          <skipped></skipped>
      </testcase>
      <testcase name="[sig-storage] Subpath [Volume type: hostPath] should support non-existent path" classname="Kubernetes e2e suite" time="0">
          <skipped></skipped>
      </testcase>
      <testcase name="[sig-storage] Subpath Atomic writer volumes should support subpaths with downward pod" classname="Kubernetes e2e suite" time="0">
          <skipped></skipped>
      </testcase>
      <testcase name="[sig-storage] Pod Disks should be able to delete a non-existent PD without error" classname="Kubernetes e2e suite" time="0">
          <skipped></skipped>
      </testcase>
      <testcase name="[sig-storage] Subpath Atomic writer volumes should support subpaths with configmap pod" classname="Kubernetes e2e suite" time="0">
          <skipped></skipped>
      </testcase>
      <testcase name="[sig-storage] PersistentVolumes-local  Pod with node different from PV&#39;s NodeAffinity should fail scheduling due to different NodeSelector" classname="Kubernetes e2e suite" time="0">
          <skipped></skipped>
      </testcase>
      <testcase name="[sig-storage] Subpath [Volume type: hostPath] should support readOnly file specified in the volumeMount" classname="Kubernetes e2e suite" time="0">
          <skipped></skipped>
      </testcase>
      <testcase name="[sig-storage] PersistentVolumes-local  [Volume type: tmpfs] Two pods mounting a local volume at the same time should be able to write from pod1 and read from pod2" classname="Kubernetes e2e suite" time="0">
          <skipped></skipped>
      </testcase>
      <testcase name="[k8s.io] [sig-node] PreStop should call prestop when killing a pod  [Conformance]" classname="Kubernetes e2e suite" time="0">
          <skipped></skipped>
      </testcase>
      <testcase name="[k8s.io] [Feature:Example] [k8s.io] Redis should create and stop redis servers" classname="Kubernetes e2e suite" time="0">
          <skipped></skipped>
      </testcase>
      <testcase name="[sig-storage] Subpath [Volume type: nfsPVC] should support creating multiple subpath from same volumes [Slow]" classname="Kubernetes e2e suite" time="0">
          <skipped></skipped>
      </testcase>
      <testcase name="[sig-network] Networking Granular Checks: Pods should function for intra-pod communication: udp [NodeConformance] [Conformance]" classname="Kubernetes e2e suite" time="0">
          <skipped></skipped>
      </testcase>
      <testcase name="[sig-storage] Subpath [Volume type: emptyDir] should support creating multiple subpath from same volumes [Slow]" classname="Kubernetes e2e suite" time="0">
          <skipped></skipped>
      </testcase>
      <testcase name="[sig-autoscaling] [HPA] Horizontal pod autoscaling (scale resource: CPU) [sig-autoscaling] [Serial] [Slow] ReplicaSet Should scale from 5 pods to 3 pods and from 3 to 1" classname="Kubernetes e2e suite" time="0">
          <skipped></skipped>
      </testcase>
      <testcase name="[sig-storage] PersistentVolumes-local  [Volume type: blockfs] Set fsGroup for local volume should set fsGroup for one pod" classname="Kubernetes e2e suite" time="0">
          <skipped></skipped>
      </testcase>
      <testcase name="[sig-scalability] Load capacity [Feature:ManualPerformance] should be able to handle 30 pods per node { Random} with 0 secrets, 0 configmaps and 0 daemons with quotas" classname="Kubernetes e2e suite" time="0">
          <skipped></skipped>
      </testcase>
      <testcase name="[k8s.io] Docker Containers should be able to override the image&#39;s default command and arguments [NodeConformance] [Conformance]" classname="Kubernetes e2e suite" time="0">
          <skipped></skipped>
      </testcase>
      <testcase name="[sig-api-machinery] AdmissionWebhook Should be able to deny custom resource creation" classname="Kubernetes e2e suite" time="0">
          <skipped></skipped>
      </testcase>
      <testcase name="[sig-network] NetworkPolicy NetworkPolicy between server and client should enforce policy based on NamespaceSelector [Feature:NetworkPolicy]" classname="Kubernetes e2e suite" time="0">
          <skipped></skipped>
      </testcase>
      <testcase name="[sig-storage] Subpath [Volume type: gcePDPartitioned] should support existing directories when readOnly specified in the volumeSource" classname="Kubernetes e2e suite" time="0">
          <skipped></skipped>
      </testcase>
      <testcase name="[sig-storage] ConfigMap should be consumable from pods in volume [NodeConformance] [Conformance]" classname="Kubernetes e2e suite" time="0">
          <skipped></skipped>
      </testcase>
      <testcase name="[sig-storage] GCP Volumes NFSv4 should be mountable for NFSv4" classname="Kubernetes e2e suite" time="0">
          <skipped></skipped>
      </testcase>
      <testcase name="[sig-cli] Kubectl client [k8s.io] Simple pod should support exec through kubectl proxy" classname="Kubernetes e2e suite" time="0">
          <skipped></skipped>
      </testcase>
      <testcase name="[sig-storage] NFSPersistentVolumes[Disruptive][Flaky] when kube-controller-manager restarts should delete a bound PVC from a clientPod, restart the kube-control-manager, and ensure the kube-controller-manager does not crash" classname="Kubernetes e2e suite" time="0">
          <skipped></skipped>
      </testcase>
      <testcase name="[sig-autoscaling] Cluster size autoscaling [Slow] shouldn&#39;t scale down when non expendable pod is running [Feature:ClusterSizeAutoscalingScaleDown]" classname="Kubernetes e2e suite" time="0">
          <skipped></skipped>
      </testcase>
      <testcase name="[sig-api-machinery] Garbage collector should not be blocked by dependency circle [Conformance]" classname="Kubernetes e2e suite" time="0">
          <skipped></skipped>
      </testcase>
      <testcase name="[k8s.io] Docker Containers should be able to override the image&#39;s default command (docker entrypoint) [NodeConformance] [Conformance]" classname="Kubernetes e2e suite" time="0">
          <skipped></skipped>
      </testcase>
      <testcase name="[sig-network] Loadbalancing: L7 GCE [Slow] [Feature:Ingress] should support multiple TLS certs" classname="Kubernetes e2e suite" time="0">
          <skipped></skipped>
      </testcase>
      <testcase name="[sig-autoscaling] Cluster size autoscaling [Slow] Should scale up GPU pool from 0 [GpuType:nvidia-tesla-v100] [Feature:ClusterSizeAutoscalingGpu]" classname="Kubernetes e2e suite" time="0">
          <skipped></skipped>
      </testcase>
      <testcase name="[sig-apps] StatefulSet [k8s.io] Basic StatefulSet functionality [StatefulSetBasic] should perform canary updates and phased rolling updates of template modifications [Conformance]" classname="Kubernetes e2e suite" time="119.15743729"></testcase>
      <testcase name="[sig-scheduling] SchedulerPredicates [Serial] validates that NodeAffinity is respected if not matching" classname="Kubernetes e2e suite" time="0">
          <skipped></skipped>
      </testcase>
      <testcase name="[sig-apps] ReplicaSet should surface a failure condition on a common issue like exceeded quota" classname="Kubernetes e2e suite" time="9.729395438"></testcase>
      <testcase name="[sig-network] Services should be able to switch session affinity for NodePort service" classname="Kubernetes e2e suite" time="0">
          <skipped></skipped>
      </testcase>
      <testcase name="[sig-autoscaling] Cluster size autoscaling [Slow] shouldn&#39;t scale up when expendable pod is preempted [Feature:ClusterSizeAutoscalingScaleUp]" classname="Kubernetes e2e suite" time="0">
          <skipped></skipped>
      </testcase>
      <testcase name="[sig-storage] Subpath [Volume type: hostPath] should unmount if pod is gracefully deleted while kubelet is down [Disruptive][Slow]" classname="Kubernetes e2e suite" time="0">
          <skipped></skipped>
      </testcase>
      <testcase name="[sig-cli] Kubectl client [k8s.io] Proxy server should support --unix-socket=/path  [Conformance]" classname="Kubernetes e2e suite" time="0">
          <skipped></skipped>
      </testcase>
      <testcase name="[sig-api-machinery] Garbage collector should delete RS created by deployment when not orphaning [Conformance]" classname="Kubernetes e2e suite" time="0">
          <skipped></skipped>
      </testcase>
      <testcase name="[k8s.io] [sig-node] Security Context [Feature:SecurityContext] should support seccomp default which is unconfined [Feature:Seccomp]" classname="Kubernetes e2e suite" time="0">
          <skipped></skipped>
      </testcase>
      <testcase name="[sig-storage] PVC Protection Verify that scheduling of a pod that uses PVC that is being deleted fails and the pod becomes Unschedulable" classname="Kubernetes e2e suite" time="0">
          <skipped></skipped>
      </testcase>
      <testcase name="[sig-network] Services [Feature:GCEAlphaFeature][Slow] should be able to create and tear down a standard-tier load balancer [Slow]" classname="Kubernetes e2e suite" time="0">
          <skipped></skipped>
      </testcase>
      <testcase name="[sig-network] Networking Granular Checks: Services [Slow] should function for endpoint-Service: udp" classname="Kubernetes e2e suite" time="0">
          <skipped></skipped>
      </testcase>
      <testcase name="[sig-cluster-lifecycle] Reboot [Disruptive] [Feature:Reboot] each node by dropping all outbound packets for a while and ensure they function afterwards" classname="Kubernetes e2e suite" time="0">
          <skipped></skipped>
      </testcase>
      <testcase name="[sig-instrumentation] Logging soak [Performance] [Slow] [Disruptive] should survive logging 1KB every 1s seconds, for a duration of 2m0s, scaling up to 1 pods per node" classname="Kubernetes e2e suite" time="0">
          <skipped></skipped>
      </testcase>
      <testcase name="[sig-storage] [Serial] Volume metrics PVController should create unbound pv count metrics for pvc controller after creating pv only" classname="Kubernetes e2e suite" time="0">
          <skipped></skipped>
      </testcase>
      <testcase name="[sig-storage] Storage Policy Based Volume Provisioning [Feature:vsphere] verify VSAN storage capability with invalid diskStripes value is not honored for dynamically provisioned pvc using storageclass" classname="Kubernetes e2e suite" time="0">
          <skipped></skipped>
      </testcase>
      <testcase name="[k8s.io] Pods should allow activeDeadlineSeconds to be updated [NodeConformance] [Conformance]" classname="Kubernetes e2e suite" time="0">
          <skipped></skipped>
      </testcase>
      <testcase name="[sig-storage] Subpath [Volume type: gluster] should fail if subpath file is outside the volume [Slow]" classname="Kubernetes e2e suite" time="0">
          <skipped></skipped>
      </testcase>
      <testcase name="[sig-storage] Downward API volume should provide node allocatable (cpu) as default cpu limit if the limit is not set [NodeConformance] [Conformance]" classname="Kubernetes e2e suite" time="0">
          <skipped></skipped>
      </testcase>
      <testcase name="[k8s.io] Pods should cap back-off at MaxContainerBackOff [Slow][NodeConformance]" classname="Kubernetes e2e suite" time="0">
          <skipped></skipped>
      </testcase>
      <testcase name="[sig-storage] Volume plugin streaming [Slow] GlusterFS should write files of various sizes, verify size, validate content" classname="Kubernetes e2e suite" time="0">
          <skipped></skipped>
      </testcase>
      <testcase name="[sig-storage] NFSPersistentVolumes[Disruptive][Flaky] when kubelet restarts Should test that a volume mounted to a pod that is force deleted while the kubelet is down unmounts when the kubelet returns." classname="Kubernetes e2e suite" time="0">
          <skipped></skipped>
      </testcase>
      <testcase name="[sig-apps] StatefulSet [k8s.io] Basic StatefulSet functionality [StatefulSetBasic] should adopt matching orphans and release non-matching pods" classname="Kubernetes e2e suite" time="95.410294193"></testcase>
      <testcase name="[sig-cli] Kubectl client [k8s.io] Kubectl taint [Serial] should update the taint on a node" classname="Kubernetes e2e suite" time="0">
          <skipped></skipped>
      </testcase>
      <testcase name="[sig-cli] Kubectl Port forwarding [k8s.io] With a server listening on 0.0.0.0 [k8s.io] that expects a client request should support a client that connects, sends DATA, and disconnects" classname="Kubernetes e2e suite" time="0">
          <skipped></skipped>
      </testcase>
      <testcase name="[sig-storage] Volumes GlusterFS should be mountable" classname="Kubernetes e2e suite" time="0">
          <skipped></skipped>
      </testcase>
      <testcase name="[sig-cli] Kubectl client [k8s.io] Kubectl apply should reuse port when apply to an existing SVC" classname="Kubernetes e2e suite" time="0">
          <skipped></skipped>
      </testcase>
      <testcase name="[sig-cli] Kubectl client [k8s.io] Kubectl apply apply set/view last-applied" classname="Kubernetes e2e suite" time="0">
          <skipped></skipped>
      </testcase>
      <testcase name="[sig-storage] Subpath [Volume type: gluster] should support readOnly directory specified in the volumeMount" classname="Kubernetes e2e suite" time="0">
          <skipped></skipped>
      </testcase>
      <testcase name="[sig-storage] PersistentVolumes-local  [Volume type: gce-localssd-scsi-fs] [Serial] One pod requesting one prebound PVC should be able to mount volume and write from pod1" classname="Kubernetes e2e suite" time="0">
          <skipped></skipped>
      </testcase>
      <testcase name="[sig-network] Services should be able to create an internal type load balancer [Slow] [DisabledForLargeClusters]" classname="Kubernetes e2e suite" time="0">
          <skipped></skipped>
      </testcase>
      <testcase name="[sig-api-machinery] Downward API should provide container&#39;s limits.cpu/memory and requests.cpu/memory as env vars [NodeConformance] [Conformance]" classname="Kubernetes e2e suite" time="0">
          <skipped></skipped>
      </testcase>
      <testcase name="[sig-api-machinery] Watchers should be able to restart watching from the last resource version observed by the previous watch [Conformance]" classname="Kubernetes e2e suite" time="0">
          <skipped></skipped>
      </testcase>
      <testcase name="[sig-network] Services should create endpoints for unready pods" classname="Kubernetes e2e suite" time="0">
          <skipped></skipped>
      </testcase>
      <testcase name="[sig-apps] Deployment deployment reaping should cascade to its replica sets and pods" classname="Kubernetes e2e suite" time="10.828698112"></testcase>
      <testcase name="[k8s.io] [sig-node] SSH should SSH to all nodes and run commands" classname="Kubernetes e2e suite" time="0">
          <skipped></skipped>
      </testcase>
      <testcase name="[sig-storage] Dynamic Provisioning DynamicProvisioner Default should be disabled by changing the default annotation [Serial] [Disruptive]" classname="Kubernetes e2e suite" time="0">
          <skipped></skipped>
      </testcase>
      <testcase name="[sig-auth] PodSecurityPolicy should allow pods under the privileged extensions.PodSecurityPolicy" classname="Kubernetes e2e suite" time="0">
          <skipped></skipped>
      </testcase>
      <testcase name="[k8s.io] Sysctls [NodeFeature:Sysctls] should reject invalid sysctls" classname="Kubernetes e2e suite" time="0">
          <skipped></skipped>
      </testcase>
      <testcase name="[sig-scheduling] Multi-AZ Clusters should spread the pods of a replication controller across zones" classname="Kubernetes e2e suite" time="0">
          <skipped></skipped>
      </testcase>
      <testcase name="[sig-autoscaling] Cluster size autoscaling [Slow] should increase cluster size if pods are pending due to pod anti-affinity [Feature:ClusterSizeAutoscalingScaleUp]" classname="Kubernetes e2e suite" time="0">
          <skipped></skipped>
      </testcase>
      <testcase name="[sig-cli] Kubectl client [k8s.io] Update Demo should create and stop a replication controller  [Conformance]" classname="Kubernetes e2e suite" time="0">
          <skipped></skipped>
      </testcase>
      <testcase name="[sig-scheduling] SchedulerPredicates [Serial] validates that NodeSelector is respected if not matching  [Conformance]" classname="Kubernetes e2e suite" time="0">
          <skipped></skipped>
      </testcase>
      <testcase name="[k8s.io] [Feature:Example] [k8s.io] Downward API should create a pod that prints his name and namespace" classname="Kubernetes e2e suite" time="0">
          <skipped></skipped>
      </testcase>
      <testcase name="[sig-auth] PodSecurityPolicy should forbid pod creation when no PSP is available" classname="Kubernetes e2e suite" time="0">
          <skipped></skipped>
      </testcase>
      <testcase name="[sig-network] Services should check NodePort out-of-range" classname="Kubernetes e2e suite" time="0">
          <skipped></skipped>
      </testcase>
      <testcase name="[sig-cli] Kubectl client [k8s.io] Kubectl api-versions should check if v1 is in available api versions  [Conformance]" classname="Kubernetes e2e suite" time="0">
          <skipped></skipped>
      </testcase>
      <testcase name="[sig-storage] Subpath [Volume type: hostPathSymlink] should fail if subpath directory is outside the volume [Slow]" classname="Kubernetes e2e suite" time="0">
          <skipped></skipped>
      </testcase>
      <testcase name="[k8s.io] [Feature:Example] [k8s.io] Cassandra should create and scale cassandra" classname="Kubernetes e2e suite" time="0">
          <skipped></skipped>
      </testcase>
      <testcase name="[sig-api-machinery] CustomResourceDefinition Watch CustomResourceDefinition Watch watch on custom resource definition objects" classname="Kubernetes e2e suite" time="0">
          <skipped></skipped>
      </testcase>
      <testcase name="[sig-storage] PersistentVolumes-local  [Volume type: dir-bindmounted] One pod requesting one prebound PVC should be able to mount volume and write from pod1" classname="Kubernetes e2e suite" time="0">
          <skipped></skipped>
      </testcase>
      <testcase name="[sig-storage] Storage Policy Based Volume Provisioning [Feature:vsphere] verify VSAN storage capability with non-vsan datastore is not honored for dynamically provisioned pvc using storageclass" classname="Kubernetes e2e suite" time="0">
          <skipped></skipped>
      </testcase>
      <testcase name="[sig-storage] PersistentVolumes-local  [Volume type: blockfs] One pod requesting one prebound PVC should be able to mount volume and read from pod1" classname="Kubernetes e2e suite" time="0">
          <skipped></skipped>
      </testcase>
      <testcase name="[sig-network] NetworkPolicy NetworkPolicy between server and client should allow ingress access on one named port [Feature:NetworkPolicy]" classname="Kubernetes e2e suite" time="0">
          <skipped></skipped>
      </testcase>
      <testcase name="[sig-autoscaling] DNS horizontal autoscaling [Serial] [Slow] kube-dns-autoscaler should scale kube-dns pods when cluster size changed" classname="Kubernetes e2e suite" time="0">
          <skipped></skipped>
      </testcase>
      <testcase name="[sig-apps] ReplicaSet should adopt matching pods on creation and release no longer matching pods" classname="Kubernetes e2e suite" time="32.616799861"></testcase>
      <testcase name="[sig-storage] Volumes Azure Disk [Feature:Volumes] should be mountable [Slow]" classname="Kubernetes e2e suite" time="0">
          <skipped></skipped>
      </testcase>
      <testcase name="[sig-api-machinery] Generated clientset should create v1beta1 cronJobs, delete cronJobs, watch cronJobs" classname="Kubernetes e2e suite" time="0">
          <skipped></skipped>
      </testcase>
      <testcase name="[sig-storage] PersistentVolumes-local  [Volume type: dir-link-bindmounted] Two pods mounting a local volume one after the other should be able to write from pod1 and read from pod2" classname="Kubernetes e2e suite" time="0">
          <skipped></skipped>
      </testcase>
      <testcase name="[sig-api-machinery] Garbage collector should delete pods created by rc when not orphaning [Conformance]" classname="Kubernetes e2e suite" time="0">
          <skipped></skipped>
      </testcase>
      <testcase name="[sig-network] Services should work after restarting kube-proxy [Disruptive]" classname="Kubernetes e2e suite" time="0">
          <skipped></skipped>
      </testcase>
      <testcase name="[sig-network] Services should be able to create a functioning NodePort service" classname="Kubernetes e2e suite" time="0">
          <skipped></skipped>
      </testcase>
      <testcase name="[sig-cluster-lifecycle] ingress Upgrade [Feature:IngressUpgrade] ingress upgrade should maintain a functioning ingress" classname="Kubernetes e2e suite" time="0">
          <skipped></skipped>
      </testcase>
      <testcase name="[sig-api-machinery] Namespaces [Serial] should ensure that all pods are removed when a namespace is deleted." classname="Kubernetes e2e suite" time="0">
          <skipped></skipped>
      </testcase>
      <testcase name="[k8s.io] EquivalenceCache [Serial] validates GeneralPredicates is properly invalidated when a pod is scheduled [Slow]" classname="Kubernetes e2e suite" time="0">
          <skipped></skipped>
      </testcase>
      <testcase name="[sig-storage] NFSPersistentVolumes[Disruptive][Flaky] when kubelet restarts Should test that a volume mounted to a pod that is deleted while the kubelet is down unmounts when the kubelet returns." classname="Kubernetes e2e suite" time="0">
          <skipped></skipped>
      </testcase>
      <testcase name="[sig-storage] Pod Disks schedule pods each with a PD, delete pod and verify detach [Slow] for read-only PD with pod delete grace period of &#34;immediate (0s)&#34;" classname="Kubernetes e2e suite" time="0">
          <skipped></skipped>
      </testcase>
      <testcase name="[sig-storage] PersistentVolumes-local  [Volume type: gce-localssd-scsi-fs] [Serial] One pod requesting one prebound PVC should be able to mount volume and read from pod1" classname="Kubernetes e2e suite" time="0">
          <skipped></skipped>
      </testcase>
      <testcase name="[sig-storage] Subpath [Volume type: nfs] should support existing single file" classname="Kubernetes e2e suite" time="0">
          <skipped></skipped>
      </testcase>
      <testcase name="[sig-storage] Subpath [Volume type: nfsPVC] should fail if subpath file is outside the volume [Slow]" classname="Kubernetes e2e suite" time="0">
          <skipped></skipped>
      </testcase>
      <testcase name="[sig-storage] Volume plugin streaming [Slow] Ceph-RBD [Feature:Volumes] should write files of various sizes, verify size, validate content" classname="Kubernetes e2e suite" time="0">
          <skipped></skipped>
      </testcase>
      <testcase name="[sig-autoscaling] Cluster size autoscaling [Slow] shouldn&#39;t scale up when expendable pod is created [Feature:ClusterSizeAutoscalingScaleUp]" classname="Kubernetes e2e suite" time="0">
          <skipped></skipped>
      </testcase>
      <testcase name="[sig-auth] [Feature:NodeAuthorizer] Getting an existing configmap should exit with the Forbidden error" classname="Kubernetes e2e suite" time="0">
          <skipped></skipped>
      </testcase>
      <testcase name="[sig-cli] Kubectl client [k8s.io] Kubectl create quota should create a quota with scopes" classname="Kubernetes e2e suite" time="0">
          <skipped></skipped>
      </testcase>
      <testcase name="[sig-cli] Kubectl Port forwarding [k8s.io] With a server listening on 0.0.0.0 [k8s.io] that expects NO client request should support a client that connects, sends DATA, and disconnects" classname="Kubernetes e2e suite" time="0">
          <skipped></skipped>
      </testcase>
      <testcase name="[sig-apps] Daemon set [Serial] should retry creating failed daemon pods [Conformance]" classname="Kubernetes e2e suite" time="104.712914244"></testcase>
      <testcase name="[k8s.io] GKE node pools [Feature:GKENodePool] should create a cluster with multiple node pools [Feature:GKENodePool]" classname="Kubernetes e2e suite" time="0">
          <skipped></skipped>
      </testcase>
      <testcase name="[sig-network] Networking Granular Checks: Services [Slow] should update endpoints: http" classname="Kubernetes e2e suite" time="0">
          <skipped></skipped>
      </testcase>
      <testcase name="[sig-storage] Subpath [Volume type: nfsPVC] should support readOnly directory specified in the volumeMount" classname="Kubernetes e2e suite" time="0">
          <skipped></skipped>
      </testcase>
      <testcase name="[sig-storage] Secrets should be consumable from pods in volume with mappings [NodeConformance] [Conformance]" classname="Kubernetes e2e suite" time="0">
          <skipped></skipped>
      </testcase>
      <testcase name="[sig-storage] HostPath should support existing directory subPath" classname="Kubernetes e2e suite" time="0">
          <skipped></skipped>
      </testcase>
      <testcase name="[k8s.io] Probing container should be restarted with a /healthz http liveness probe [NodeConformance] [Conformance]" classname="Kubernetes e2e suite" time="0">
          <skipped></skipped>
      </testcase>
      <testcase name="[sig-network] Loadbalancing: L7 GCE [Slow] [Feature:Ingress] should create ingress with pre-shared certificate" classname="Kubernetes e2e suite" time="0">
          <skipped></skipped>
      </testcase>
      <testcase name="[sig-storage] Subpath [Volume type: nfs] should support existing directory" classname="Kubernetes e2e suite" time="0">
          <skipped></skipped>
      </testcase>
      <testcase name="[sig-api-machinery] AdmissionWebhook Should unconditionally reject operations on fail closed webhook" classname="Kubernetes e2e suite" time="0">
          <skipped></skipped>
      </testcase>
      <testcase name="[sig-storage] Volume Placement should create and delete pod with multiple volumes from same datastore" classname="Kubernetes e2e suite" time="0">
          <skipped></skipped>
      </testcase>
      <testcase name="[sig-apps] Deployment deployment should delete old replica sets" classname="Kubernetes e2e suite" time="12.020780377"></testcase>
      <testcase name="[sig-scheduling] ResourceQuota should create a ResourceQuota and capture the life of a replica set." classname="Kubernetes e2e suite" time="0">
          <skipped></skipped>
      </testcase>
      <testcase name="[sig-scheduling] SchedulerPredicates [Serial] validates that taints-tolerations is respected if not matching" classname="Kubernetes e2e suite" time="0">
          <skipped></skipped>
      </testcase>
      <testcase name="[sig-auth] ServiceAccounts should ensure a single API token exists" classname="Kubernetes e2e suite" time="0">
          <skipped></skipped>
      </testcase>
      <testcase name="[k8s.io] [sig-node] Pods Extended [k8s.io] Pods Set QOS Class should be submitted and removed  [Conformance]" classname="Kubernetes e2e suite" time="0">
          <skipped></skipped>
      </testcase>
      <testcase name="[sig-scalability] Empty [Feature:Empty] starts a pod" classname="Kubernetes e2e suite" time="0">
          <skipped></skipped>
      </testcase>
      <testcase name="[sig-autoscaling] Cluster size autoscaling [Slow] Should scale up GPU pool from 0 [GpuType:nvidia-tesla-k80] [Feature:ClusterSizeAutoscalingGpu]" classname="Kubernetes e2e suite" time="0">
          <skipped></skipped>
      </testcase>
      <testcase name="[sig-storage] Subpath [Volume type: gluster] should fail if subpath directory is outside the volume [Slow]" classname="Kubernetes e2e suite" time="0">
          <skipped></skipped>
      </testcase>
      <testcase name="[sig-scalability] Load capacity [Feature:ManualPerformance] should be able to handle 30 pods per node {extensions Deployment} with 0 secrets, 0 configmaps and 0 daemons" classname="Kubernetes e2e suite" time="0">
          <skipped></skipped>
      </testcase>
      <testcase name="[sig-apps] DisruptionController should create a PodDisruptionBudget" classname="Kubernetes e2e suite" time="6.567026813"></testcase>
      <testcase name="[sig-service-catalog] [Feature:PodPreset] PodPreset should create a pod preset" classname="Kubernetes e2e suite" time="0">
          <skipped></skipped>
      </testcase>
      <testcase name="[sig-storage] Projected should set DefaultMode on files [NodeConformance] [Conformance]" classname="Kubernetes e2e suite" time="0">
          <skipped></skipped>
      </testcase>
      <testcase name="[sig-apps] Deployment deployment should support rollback" classname="Kubernetes e2e suite" time="27.235222713"></testcase>
      <testcase name="[sig-storage] PVC Protection Verify &#34;immediate&#34; deletion of a PVC that is not in active use by a pod" classname="Kubernetes e2e suite" time="0">
          <skipped></skipped>
      </testcase>
      <testcase name="[sig-network] Loadbalancing: L7 GCE [Slow] [Feature:NEG] should conform to Ingress spec" classname="Kubernetes e2e suite" time="0">
          <skipped></skipped>
      </testcase>
      <testcase name="[sig-network] DNS should provide DNS for services  [Conformance]" classname="Kubernetes e2e suite" time="0">
          <skipped></skipped>
      </testcase>
      <testcase name="[sig-network] Loadbalancing: L7 GCE [Slow] [Feature:NEG] should be able to create a ClusterIP service [Unreleased]" classname="Kubernetes e2e suite" time="0">
          <skipped></skipped>
      </testcase>
      <testcase name="[sig-scalability] Density [Feature:ManualPerformance] should allow starting 30 pods per node using { ReplicationController} with 0 secrets, 0 configmaps and 0 daemons with quotas" classname="Kubernetes e2e suite" time="0">
          <skipped></skipped>
      </testcase>
      <testcase name="[sig-cli] Kubectl client [k8s.io] Kubectl taint [Serial] should remove all the taints with the same key off a node" classname="Kubernetes e2e suite" time="0">
          <skipped></skipped>
      </testcase>
      <testcase name="[sig-cluster-lifecycle] Reboot [Disruptive] [Feature:Reboot] each node by dropping all inbound packets for a while and ensure they function afterwards" classname="Kubernetes e2e suite" time="0">
          <skipped></skipped>
      </testcase>
      <testcase name="[sig-api-machinery] Downward API should provide pod UID as env vars [NodeConformance] [Conformance]" classname="Kubernetes e2e suite" time="0">
          <skipped></skipped>
      </testcase>
      <testcase name="[sig-cli] Kubectl client [k8s.io] Update Demo should do a rolling update of a replication controller  [Conformance]" classname="Kubernetes e2e suite" time="0">
          <skipped></skipped>
      </testcase>
      <testcase name="[sig-network] Loadbalancing: L7 GCE [Slow] [Feature:kubemci] should create ingress with backend HTTPS" classname="Kubernetes e2e suite" time="0">
          <skipped></skipped>
      </testcase>
      <testcase name="[k8s.io] Cluster size autoscaler scalability [Slow] should scale down underutilized nodes [Feature:ClusterAutoscalerScalability4]" classname="Kubernetes e2e suite" time="0">
          <skipped></skipped>
      </testcase>
      <testcase name="[sig-storage] ConfigMap should be consumable from pods in volume as non-root with defaultMode and fsGroup set [NodeFeature:FSGroup]" classname="Kubernetes e2e suite" time="0">
          <skipped></skipped>
      </testcase>
      <testcase name="[sig-apps] StatefulSet [k8s.io] Deploy clustered applications [Feature:StatefulSet] [Slow] should creating a working CockroachDB cluster" classname="Kubernetes e2e suite" time="602.103545926"></testcase>
      <testcase name="[sig-storage] NFSPersistentVolumes[Disruptive][Flaky] when kubelet restarts Should test that a file written to the mount before kubelet restart is readable after restart." classname="Kubernetes e2e suite" time="0">
          <skipped></skipped>
      </testcase>
      <testcase name="[sig-storage] Subpath [Volume type: nfsPVC] should support file as subpath" classname="Kubernetes e2e suite" time="0">
          <skipped></skipped>
      </testcase>
      <testcase name="[sig-storage] ConfigMap should be consumable from pods in volume as non-root with FSGroup [NodeFeature:FSGroup]" classname="Kubernetes e2e suite" time="0">
          <skipped></skipped>
      </testcase>
      <testcase name="[sig-cli] Kubectl client [k8s.io] Kubectl describe should check if kubectl describe prints relevant information for rc and pods  [Conformance]" classname="Kubernetes e2e suite" time="0">
          <skipped></skipped>
      </testcase>
      <testcase name="[sig-network] Networking Granular Checks: Services [Slow] should update nodePort: http [Slow]" classname="Kubernetes e2e suite" time="0">
          <skipped></skipped>
      </testcase>
      <testcase name="[sig-storage] Subpath [Volume type: emptyDir] should support existing directories when readOnly specified in the volumeSource" classname="Kubernetes e2e suite" time="0">
          <skipped></skipped>
      </testcase>
      <testcase name="[sig-network] Firewall rule should have correct firewall rules for e2e cluster" classname="Kubernetes e2e suite" time="0">
          <skipped></skipped>
      </testcase>
      <testcase name="[k8s.io] Pods should have their auto-restart back-off timer reset on image update [Slow][NodeConformance]" classname="Kubernetes e2e suite" time="0">
          <skipped></skipped>
      </testcase>
      <testcase name="[sig-network] Services should be able to change the type from ExternalName to NodePort" classname="Kubernetes e2e suite" time="0">
          <skipped></skipped>
      </testcase>
      <testcase name="[sig-storage] Storage Policy Based Volume Provisioning [Feature:vsphere] verify VSAN storage capability with invalid capability name objectSpaceReserve is not honored for dynamically provisioned pvc using storageclass" classname="Kubernetes e2e suite" time="0">
          <skipped></skipped>
      </testcase>
      <testcase name="[k8s.io] [Feature:Example] [k8s.io] Hazelcast should create and scale hazelcast" classname="Kubernetes e2e suite" time="0">
          <skipped></skipped>
      </testcase>
      <testcase name="[sig-storage] Storage Policy Based Volume Provisioning [Feature:vsphere] verify an if a SPBM policy and VSAN capabilities cannot be honored for dynamically provisioned pvc using storageclass" classname="Kubernetes e2e suite" time="0">
          <skipped></skipped>
      </testcase>
      <testcase name="[sig-storage] Subpath [Volume type: gcePDPartitioned] should support file as subpath" classname="Kubernetes e2e suite" time="0">
          <skipped></skipped>
      </testcase>
      <testcase name="[sig-storage] Downward API volume should provide podname as non-root with fsgroup [NodeFeature:FSGroup]" classname="Kubernetes e2e suite" time="0">
          <skipped></skipped>
      </testcase>
      <testcase name="[sig-storage] Downward API volume should set mode on item file [NodeConformance] [Conformance]" classname="Kubernetes e2e suite" time="0">
          <skipped></skipped>
      </testcase>
      <testcase name="[sig-storage] PersistentVolumes-local  [Volume type: block] [Feature:BlockVolume] Set fsGroup for local volume should not set different fsGroups for two pods simultaneously" classname="Kubernetes e2e suite" time="0">
          <skipped></skipped>
      </testcase>
      <testcase name="[sig-storage] Projected should provide container&#39;s memory limit [NodeConformance] [Conformance]" classname="Kubernetes e2e suite" time="0">
          <skipped></skipped>
      </testcase>
      <testcase name="[sig-storage] Projected should provide podname as non-root with fsgroup and defaultMode [NodeFeature:FSGroup]" classname="Kubernetes e2e suite" time="0">
          <skipped></skipped>
      </testcase>
      <testcase name="[sig-storage] PersistentVolumes-local  Local volume provisioner [Serial] should create and recreate local persistent volume" classname="Kubernetes e2e suite" time="0">
          <skipped></skipped>
      </testcase>
      <testcase name="[sig-storage] Subpath [Volume type: gcePDPartitioned] should fail if subpath directory is outside the volume [Slow]" classname="Kubernetes e2e suite" time="0">
          <skipped></skipped>
      </testcase>
      <testcase name="[sig-cli] Kubectl client [k8s.io] Simple pod should support port-forward" classname="Kubernetes e2e suite" time="0">
          <skipped></skipped>
      </testcase>
      <testcase name="[sig-api-machinery] Namespaces [Serial] should ensure that all services are removed when a namespace is deleted." classname="Kubernetes e2e suite" time="0">
          <skipped></skipped>
      </testcase>
      <testcase name="[sig-network] NetworkPolicy NetworkPolicy between server and client should enforce policy based on Ports [Feature:NetworkPolicy]" classname="Kubernetes e2e suite" time="0">
          <skipped></skipped>
      </testcase>
      <testcase name="[sig-auth] [Feature:NodeAuthorizer] Getting a secret for a workload the node has access to should succeed" classname="Kubernetes e2e suite" time="0">
          <skipped></skipped>
      </testcase>
      <testcase name="[sig-storage] Subpath [Volume type: hostPathSymlink] should support restarting containers using file as subpath [Slow]" classname="Kubernetes e2e suite" time="0">
          <skipped></skipped>
      </testcase>
      <testcase name="[sig-storage] Volumes NFS should be mountable" classname="Kubernetes e2e suite" time="0">
          <skipped></skipped>
      </testcase>
      <testcase name="[sig-storage] Subpath [Volume type: nfs] should unmount if pod is force deleted while kubelet is down [Disruptive][Slow]" classname="Kubernetes e2e suite" time="0">
          <skipped></skipped>
      </testcase>
      <testcase name="[sig-cli] Kubectl client [k8s.io] Guestbook application should create and stop a working application  [Conformance]" classname="Kubernetes e2e suite" time="0">
          <skipped></skipped>
      </testcase>
      <testcase name="[sig-storage] EmptyDir volumes should support (non-root,0777,default) [NodeConformance] [Conformance]" classname="Kubernetes e2e suite" time="0">
          <skipped></skipped>
      </testcase>
      <testcase name="[sig-apps] StatefulSet [k8s.io] Basic StatefulSet functionality [StatefulSetBasic] should perform rolling updates and roll backs of template modifications [Conformance]" classname="Kubernetes e2e suite" time="151.488239433"></testcase>
      <testcase name="[sig-storage] PersistentVolumes-local  [Volume type: tmpfs] One pod requesting one prebound PVC should be able to mount volume and write from pod1" classname="Kubernetes e2e suite" time="0">
          <skipped></skipped>
      </testcase>
      <testcase name="[sig-storage] PersistentVolumes-local  Local volume provisioner [Serial] should not create local persistent volume for filesystem volume that was not bind mounted" classname="Kubernetes e2e suite" time="0">
          <skipped></skipped>
      </testcase>
      <testcase name="[sig-storage] EmptyDir volumes when FSGroup is specified [NodeFeature:FSGroup] new files should be created with FSGroup ownership when container is root" classname="Kubernetes e2e suite" time="0">
          <skipped></skipped>
      </testcase>
      <testcase name="[sig-storage] Subpath [Volume type: gluster] should fail if subpath with backstepping is outside the volume [Slow]" classname="Kubernetes e2e suite" time="0">
          <skipped></skipped>
      </testcase>
      <testcase name="[sig-storage] PersistentVolumes NFS with multiple PVs and PVCs all in same ns should create 2 PVs and 4 PVCs: test write access" classname="Kubernetes e2e suite" time="0">
          <skipped></skipped>
      </testcase>
      <testcase name="[sig-storage] Subpath [Volume type: gluster] should support readOnly file specified in the volumeMount" classname="Kubernetes e2e suite" time="0">
          <skipped></skipped>
      </testcase>
      <testcase name="[sig-network] DNS should provide DNS for ExternalName services" classname="Kubernetes e2e suite" time="0">
          <skipped></skipped>
      </testcase>
      <testcase name="[sig-storage] PersistentVolumes-local  [Volume type: tmpfs] Set fsGroup for local volume should set different fsGroup for second pod if first pod is deleted" classname="Kubernetes e2e suite" time="0">
          <skipped></skipped>
      </testcase>
      <testcase name="[sig-storage] Subpath [Volume type: gcePDPVC] should fail for new directories when readOnly specified in the volumeSource" classname="Kubernetes e2e suite" time="0">
          <skipped></skipped>
      </testcase>
      <testcase name="[sig-apps] CronJob should remove from active list jobs that have been deleted" classname="Kubernetes e2e suite" time="25.777397031"></testcase>
      <testcase name="[sig-apps] Deployment RecreateDeployment should delete old pods and create new ones" classname="Kubernetes e2e suite" time="13.020249884"></testcase>
      <testcase name="[sig-storage] PersistentVolumes-local  [Volume type: gce-localssd-scsi-fs] [Serial] Set fsGroup for local volume should set same fsGroup for two pods simultaneously" classname="Kubernetes e2e suite" time="0">
          <skipped></skipped>
      </testcase>
      <testcase name="[sig-cli] Kubectl client [k8s.io] Kubectl cluster-info should check if Kubernetes master services is included in cluster-info  [Conformance]" classname="Kubernetes e2e suite" time="0">
          <skipped></skipped>
      </testcase>
      <testcase name="[sig-storage] EmptyDir volumes should support (root,0777,default) [NodeConformance] [Conformance]" classname="Kubernetes e2e suite" time="0">
          <skipped></skipped>
      </testcase>
      <testcase name="[sig-apps] ReplicationController should serve a basic image on each replica with a private image" classname="Kubernetes e2e suite" time="6.615576664">
          <skipped></skipped>
      </testcase>
      <testcase name="[sig-cli] Kubectl client [k8s.io] Kubectl create quota should reject quota with invalid scopes" classname="Kubernetes e2e suite" time="0">
          <skipped></skipped>
      </testcase>
      <testcase name="[sig-storage] PersistentVolumes-local  [Volume type: dir-link] Set fsGroup for local volume should set fsGroup for one pod" classname="Kubernetes e2e suite" time="0">
          <skipped></skipped>
      </testcase>
      <testcase name="[k8s.io] Probing container should have monotonically increasing restart count [Slow][NodeConformance] [Conformance]" classname="Kubernetes e2e suite" time="0">
          <skipped></skipped>
      </testcase>
      <testcase name="[sig-scalability] Density [Feature:ManualPerformance] should allow starting 30 pods per node using {extensions Deployment} with 0 secrets, 2 configmaps and 0 daemons" classname="Kubernetes e2e suite" time="0">
          <skipped></skipped>
      </testcase>
      <testcase name="[sig-api-machinery] Downward API should provide default limits.cpu/memory from node allocatable [NodeConformance] [Conformance]" classname="Kubernetes e2e suite" time="0">
          <skipped></skipped>
      </testcase>
      <testcase name="[sig-storage] Storage Policy Based Volume Provisioning [Feature:vsphere] verify VSAN storage capability with valid objectSpaceReservation and iopsLimit values is honored for dynamically provisioned pvc using storageclass" classname="Kubernetes e2e suite" time="0">
          <skipped></skipped>
      </testcase>
      <testcase name="[sig-api-machinery] AdmissionWebhook Should be able to deny pod and configmap creation" classname="Kubernetes e2e suite" time="0">
          <skipped></skipped>
      </testcase>
      <testcase name="[sig-storage] Projected should be consumable from pods in volume with mappings as non-root [NodeConformance] [Conformance]" classname="Kubernetes e2e suite" time="0">
          <skipped></skipped>
      </testcase>
      <testcase name="[k8s.io] [Feature:Example] [k8s.io] Secret should create a pod that reads a secret" classname="Kubernetes e2e suite" time="0">
          <skipped></skipped>
      </testcase>
      <testcase name="[k8s.io] [sig-node] AppArmor load AppArmor profiles should enforce an AppArmor profile" classname="Kubernetes e2e suite" time="0">
          <skipped></skipped>
      </testcase>
      <testcase name="[sig-cli] Kubectl client [k8s.io] Kubectl rolling-update should support rolling-update to same image  [Conformance]" classname="Kubernetes e2e suite" time="0">
          <skipped></skipped>
      </testcase>
      <testcase name="[sig-storage] Subpath [Volume type: nfs] should support readOnly file specified in the volumeMount" classname="Kubernetes e2e suite" time="0">
          <skipped></skipped>
      </testcase>
      <testcase name="[sig-cli] Kubectl client [k8s.io] Kubectl logs should be able to retrieve and filter logs  [Conformance]" classname="Kubernetes e2e suite" time="0">
          <skipped></skipped>
      </testcase>
      <testcase name="[k8s.io] Variable Expansion should allow substituting values in a container&#39;s args [NodeConformance] [Conformance]" classname="Kubernetes e2e suite" time="0">
          <skipped></skipped>
      </testcase>
      <testcase name="[sig-storage] Subpath [Volume type: gcePDPVC] should support existing single file" classname="Kubernetes e2e suite" time="0">
          <skipped></skipped>
      </testcase>
      <testcase name="[sig-network] Networking should provide Internet connection for containers [Feature:Networking-IPv6][Experimental]" classname="Kubernetes e2e suite" time="0">
          <skipped></skipped>
      </testcase>
      <testcase name="[sig-autoscaling] [HPA] Horizontal pod autoscaling (scale resource: CPU) [sig-autoscaling] [Serial] [Slow] ReplicaSet Should scale from 1 pod to 3 pods and from 3 to 5" classname="Kubernetes e2e suite" time="0">
          <skipped></skipped>
      </testcase>
      <testcase name="[sig-scheduling] ResourceQuota [Feature:Initializers] should create a ResourceQuota and capture the life of an uninitialized pod." classname="Kubernetes e2e suite" time="0">
          <skipped></skipped>
      </testcase>
      <testcase name="[sig-api-machinery] ConfigMap should be consumable via environment variable [NodeConformance] [Conformance]" classname="Kubernetes e2e suite" time="0">
          <skipped></skipped>
      </testcase>
      <testcase name="[sig-storage] Volume expand [Slow] Verify if editing PVC allows resize" classname="Kubernetes e2e suite" time="0">
          <skipped></skipped>
      </testcase>
      <testcase name="[sig-storage] Volumes PD should be mountable with ext3" classname="Kubernetes e2e suite" time="0">
          <skipped></skipped>
      </testcase>
      <testcase name="[sig-apps] ReplicationController should adopt matching pods on creation" classname="Kubernetes e2e suite" time="21.437184651"></testcase>
      <testcase name="[sig-storage] EmptyDir wrapper volumes should not conflict" classname="Kubernetes e2e suite" time="0">
          <skipped></skipped>
      </testcase>
      <testcase name="[sig-storage] Subpath [Volume type: nfs] should fail if subpath directory is outside the volume [Slow]" classname="Kubernetes e2e suite" time="0">
          <skipped></skipped>
      </testcase>
      <testcase name="[sig-instrumentation] Stackdriver Monitoring should run Custom Metrics - Stackdriver Adapter for external metrics [Feature:StackdriverExternalMetrics]" classname="Kubernetes e2e suite" time="0">
          <skipped></skipped>
      </testcase>
      <testcase name="[sig-storage] Downward API volume should set DefaultMode on files [NodeConformance] [Conformance]" classname="Kubernetes e2e suite" time="0">
          <skipped></skipped>
      </testcase>
      <testcase name="[sig-storage] Storage Policy Based Volume Provisioning [Feature:vsphere] verify an existing and compatible SPBM policy is honored for dynamically provisioned pvc using storageclass" classname="Kubernetes e2e suite" time="0">
          <skipped></skipped>
      </testcase>
      <testcase name="[sig-storage] EmptyDir volumes should support (root,0777,tmpfs) [NodeConformance] [Conformance]" classname="Kubernetes e2e suite" time="0">
          <skipped></skipped>
      </testcase>
      <testcase name="[sig-storage] PersistentVolumes-local  [Volume type: block] [Feature:BlockVolume] Set fsGroup for local volume should set fsGroup for one pod" classname="Kubernetes e2e suite" time="0">
          <skipped></skipped>
      </testcase>
      <testcase name="[sig-storage] Subpath [Volume type: nfsPVC] should support readOnly file specified in the volumeMount" classname="Kubernetes e2e suite" time="0">
          <skipped></skipped>
      </testcase>
      <testcase name="[sig-apps] StatefulSet [k8s.io] Deploy clustered applications [Feature:StatefulSet] [Slow] should creating a working redis cluster" classname="Kubernetes e2e suite" time="658.196877732">
          <failure type="Failure">/workspace/anago-v1.11.3-beta.0.71+a4529464e4629c/src/k8s.io/kubernetes/_output/dockerized/go/src/k8s.io/kubernetes/test/e2e/apps/statefulset.go:946&#xA;Jun 27 11:08:00.742: Failed waiting for pods to enter running: timed out waiting for the condition&#xA;/workspace/anago-v1.11.3-beta.0.71+a4529464e4629c/src/k8s.io/kubernetes/_output/dockerized/go/src/k8s.io/kubernetes/test/e2e/framework/statefulset_utils.go:323</failure>
          <system-out>[BeforeEach] [sig-apps] StatefulSet&#xA;  /workspace/anago-v1.11.3-beta.0.71+a4529464e4629c/src/k8s.io/kubernetes/_output/dockerized/go/src/k8s.io/kubernetes/test/e2e/framework/framework.go:141&#xA;STEP: Creating a kubernetes client&#xA;Jun 27 10:58:00.462: INFO: &gt;&gt;&gt; kubeConfig: /tmp/kubeconfig-246643408&#xA;STEP: Building a namespace api object&#xA;STEP: Waiting for a default service account to be provisioned in namespace&#xA;[BeforeEach] [sig-apps] StatefulSet&#xA;  /workspace/anago-v1.11.3-beta.0.71+a4529464e4629c/src/k8s.io/kubernetes/_output/dockerized/go/src/k8s.io/kubernetes/test/e2e/apps/statefulset.go:57&#xA;[BeforeEach] [k8s.io] Deploy clustered applications [Feature:StatefulSet] [Slow]&#xA;  /workspace/anago-v1.11.3-beta.0.71+a4529464e4629c/src/k8s.io/kubernetes/_output/dockerized/go/src/k8s.io/kubernetes/test/e2e/apps/statefulset.go:924&#xA;[It] should creating a working redis cluster&#xA;  /workspace/anago-v1.11.3-beta.0.71+a4529464e4629c/src/k8s.io/kubernetes/_output/dockerized/go/src/k8s.io/kubernetes/test/e2e/apps/statefulset.go:946&#xA;STEP: Deploying redis: master/slave&#xA;Jun 27 10:58:00.684: INFO: Parsing statefulset from test/e2e/testing-manifests/statefulset/redis/statefulset.yaml&#xA;Jun 27 10:58:00.684: INFO: Parsing service from test/e2e/testing-manifests/statefulset/redis/service.yaml&#xA;Jun 27 10:58:00.685: INFO: creating rd service&#xA;Jun 27 10:58:00.696: INFO: creating statefulset e2e-tests-statefulset-pbqs5/rd with 3 replicas and selector &amp;LabelSelector{MatchLabels:map[string]string{app: redis,},MatchExpressions:[],}&#xA;Jun 27 10:58:00.729: INFO: Found 0 stateful pods, waiting for 3&#xA;Jun 27 10:58:10.735: INFO: Found 1 stateful pods, waiting for 3&#xA;Jun 27 10:58:20.737: INFO: Found 1 stateful pods, waiting for 3&#xA;Jun 27 10:58:30.737: INFO: Found 1 stateful pods, waiting for 3&#xA;Jun 27 10:58:40.736: INFO: Found 1 stateful pods, waiting for 3&#xA;Jun 27 10:58:50.734: INFO: Found 1 stateful pods, waiting for 3&#xA;Jun 27 10:59:00.736: INFO: Found 1 stateful pods, waiting for 3&#xA;Jun 27 10:59:10.736: INFO: Found 1 stateful pods, waiting for 3&#xA;Jun 27 10:59:20.735: INFO: Found 1 stateful pods, waiting for 3&#xA;Jun 27 10:59:30.737: INFO: Found 1 stateful pods, waiting for 3&#xA;Jun 27 10:59:40.751: INFO: Found 1 stateful pods, waiting for 3&#xA;Jun 27 10:59:50.734: INFO: Found 1 stateful pods, waiting for 3&#xA;Jun 27 11:00:00.736: INFO: Found 1 stateful pods, waiting for 3&#xA;Jun 27 11:00:10.735: INFO: Found 1 stateful pods, waiting for 3&#xA;Jun 27 11:00:20.739: INFO: Found 1 stateful pods, waiting for 3&#xA;Jun 27 11:00:30.737: INFO: Found 1 stateful pods, waiting for 3&#xA;Jun 27 11:00:40.736: INFO: Found 1 stateful pods, waiting for 3&#xA;Jun 27 11:00:50.735: INFO: Found 1 stateful pods, waiting for 3&#xA;Jun 27 11:01:00.735: INFO: Found 1 stateful pods, waiting for 3&#xA;Jun 27 11:01:10.736: INFO: Found 1 stateful pods, waiting for 3&#xA;Jun 27 11:01:20.739: INFO: Found 1 stateful pods, waiting for 3&#xA;Jun 27 11:01:30.735: INFO: Found 1 stateful pods, waiting for 3&#xA;Jun 27 11:01:40.736: INFO: Found 1 stateful pods, waiting for 3&#xA;Jun 27 11:01:50.734: INFO: Found 1 stateful pods, waiting for 3&#xA;Jun 27 11:02:00.747: INFO: Found 1 stateful pods, waiting for 3&#xA;Jun 27 11:02:10.735: INFO: Found 1 stateful pods, waiting for 3&#xA;Jun 27 11:02:20.737: INFO: Found 1 stateful pods, waiting for 3&#xA;Jun 27 11:02:30.742: INFO: Found 1 stateful pods, waiting for 3&#xA;Jun 27 11:02:40.741: INFO: Found 1 stateful pods, waiting for 3&#xA;Jun 27 11:02:50.738: INFO: Found 1 stateful pods, waiting for 3&#xA;Jun 27 11:03:00.737: INFO: Found 1 stateful pods, waiting for 3&#xA;Jun 27 11:03:10.737: INFO: Found 1 stateful pods, waiting for 3&#xA;Jun 27 11:03:20.741: INFO: Found 1 stateful pods, waiting for 3&#xA;Jun 27 11:03:30.736: INFO: Found 1 stateful pods, waiting for 3&#xA;Jun 27 11:03:40.739: INFO: Found 1 stateful pods, waiting for 3&#xA;Jun 27 11:03:50.737: INFO: Found 1 stateful pods, waiting for 3&#xA;Jun 27 11:04:00.747: INFO: Found 1 stateful pods, waiting for 3&#xA;Jun 27 11:04:10.738: INFO: Found 1 stateful pods, waiting for 3&#xA;Jun 27 11:04:20.740: INFO: Found 1 stateful pods, waiting for 3&#xA;Jun 27 11:04:30.744: INFO: Found 1 stateful pods, waiting for 3&#xA;Jun 27 11:04:40.737: INFO: Found 1 stateful pods, waiting for 3&#xA;Jun 27 11:04:50.737: INFO: Found 1 stateful pods, waiting for 3&#xA;Jun 27 11:05:00.735: INFO: Found 1 stateful pods, waiting for 3&#xA;Jun 27 11:05:10.737: INFO: Found 1 stateful pods, waiting for 3&#xA;Jun 27 11:05:20.737: INFO: Found 1 stateful pods, waiting for 3&#xA;Jun 27 11:05:30.738: INFO: Found 1 stateful pods, waiting for 3&#xA;Jun 27 11:05:40.737: INFO: Found 1 stateful pods, waiting for 3&#xA;Jun 27 11:05:50.736: INFO: Found 1 stateful pods, waiting for 3&#xA;Jun 27 11:06:00.743: INFO: Found 1 stateful pods, waiting for 3&#xA;Jun 27 11:06:10.738: INFO: Found 1 stateful pods, waiting for 3&#xA;Jun 27 11:06:20.737: INFO: Found 1 stateful pods, waiting for 3&#xA;Jun 27 11:06:30.746: INFO: Found 1 stateful pods, waiting for 3&#xA;Jun 27 11:06:40.742: INFO: Found 1 stateful pods, waiting for 3&#xA;Jun 27 11:06:50.735: INFO: Found 1 stateful pods, waiting for 3&#xA;Jun 27 11:07:00.735: INFO: Found 1 stateful pods, waiting for 3&#xA;Jun 27 11:07:10.735: INFO: Found 1 stateful pods, waiting for 3&#xA;Jun 27 11:07:20.740: INFO: Found 1 stateful pods, waiting for 3&#xA;Jun 27 11:07:30.736: INFO: Found 1 stateful pods, waiting for 3&#xA;Jun 27 11:07:40.794: INFO: Found 1 stateful pods, waiting for 3&#xA;Jun 27 11:07:50.735: INFO: Found 1 stateful pods, waiting for 3&#xA;Jun 27 11:08:00.737: INFO: Found 1 stateful pods, waiting for 3&#xA;Jun 27 11:08:00.742: INFO: Found 1 stateful pods, waiting for 3&#xA;Jun 27 11:08:00.742: INFO: Failed waiting for pods to enter running: timed out waiting for the condition&#xA;[AfterEach] [k8s.io] Deploy clustered applications [Feature:StatefulSet] [Slow]&#xA;  /workspace/anago-v1.11.3-beta.0.71+a4529464e4629c/src/k8s.io/kubernetes/_output/dockerized/go/src/k8s.io/kubernetes/test/e2e/apps/statefulset.go:929&#xA;Jun 27 11:08:00.747: INFO: Running &#39;/usr/local/bin/kubectl --kubeconfig=/tmp/kubeconfig-246643408 describe po rd-0 --namespace=e2e-tests-statefulset-pbqs5&#39;&#xA;Jun 27 11:08:01.535: INFO: stderr: &#34;&#34;&#xA;Jun 27 11:08:01.535: INFO: stdout: &#34;Name:               rd-0\nNamespace:          e2e-tests-statefulset-pbqs5\nPriority:           0\nPriorityClassName:  &lt;none&gt;\nNode:               aks-agentpool-32583972-2/10.240.0.6\nStart Time:         Thu, 27 Jun 2019 10:58:06 +0000\nLabels:             app=redis\n                    controller-revision-hash=rd-f45fbfd99\n                    statefulset.kubernetes.io/pod-name=rd-0\nAnnotations:        &lt;none&gt;\nStatus:             Pending\nIP:                 10.244.1.25\nControlled By:      StatefulSet/rd\nInit Containers:\n  install:\n    Container ID:  docker://5d6510270cd2700019370e5e567809ca028a8007e9daeb34391f2afd42cdfe76\n    Image:         k8s.gcr.io/redis-install-3.2.0:e2e\n    Image ID:      docker-pullable://k8s.gcr.io/redis-install-3.2.0@sha256:84305c74214f769ac3bdb3b6ceae35b8f13dd5485a6255a31776f3f3bcb2e4f3\n    Port:          &lt;none&gt;\n    Host Port:     &lt;none&gt;\n    Args:\n      --install-into=/opt\n      --work-dir=/work-dir\n    State:          Terminated\n      Reason:       Completed\n      Exit Code:    0\n      Started:      Thu, 27 Jun 2019 10:58:45 +0000\n      Finished:     Thu, 27 Jun 2019 10:58:45 +0000\n    Ready:          True\n    Restart Count:  0\n    Environment:    &lt;none&gt;\n    Mounts:\n      /opt from opt (rw)\n      /var/run/secrets/kubernetes.io/serviceaccount from default-token-jkcsk (ro)\n      /work-dir from workdir (rw)\n  bootstrap:\n    Container ID:  docker://83a963f5a2367137b2bad62db9e1ffb5a189e342204b00d28874923de39385ee\n    Image:         debian:jessie\n    Image ID:      docker-pullable://debian@sha256:6b95a104400bb99ad60b47a48e37d5d1eb71a3f9ec8e86854e0cf64ecc5fd0e8\n    Port:          &lt;none&gt;\n    Host Port:     &lt;none&gt;\n    Command:\n      /work-dir/peer-finder\n    Args:\n      -on-start=\&#34;/work-dir/on-start.sh\&#34;\n      -service=redis\n    State:          Running\n      Started:      Thu, 27 Jun 2019 10:58:53 +0000\n    Ready:          False\n    Restart Count:  0\n    Environment:\n      POD_NAMESPACE:  e2e-tests-statefulset-pbqs5 (v1:metadata.namespace)\n    Mounts:\n      /opt from opt (rw)\n      /var/run/secrets/kubernetes.io/serviceaccount from default-token-jkcsk (ro)\n      /work-dir from workdir (rw)\nContainers:\n  redis:\n    Container ID:  \n    Image:         debian:jessie\n    Image ID:      \n    Port:          6379/TCP\n    Host Port:     0/TCP\n    Command:\n      /opt/redis/redis-server\n    Args:\n      /opt/redis/redis.conf\n    State:          Waiting\n      Reason:       PodInitializing\n    Ready:          False\n    Restart Count:  0\n    Readiness:      exec [sh -c /opt/redis/redis-cli -h $(hostname) ping] delay=15s timeout=5s period=10s #success=1 #failure=3\n    Environment:    &lt;none&gt;\n    Mounts:\n      /data from datadir (rw)\n      /opt from opt (rw)\n      /var/run/secrets/kubernetes.io/serviceaccount from default-token-jkcsk (ro)\nConditions:\n  Type              Status\n  Initialized       False \n  Ready             False \n  ContainersReady   False \n  PodScheduled      True \nVolumes:\n  datadir:\n    Type:       PersistentVolumeClaim (a reference to a PersistentVolumeClaim in the same namespace)\n    ClaimName:  datadir-rd-0\n    ReadOnly:   false\n  opt:\n    Type:    EmptyDir (a temporary directory that shares a pod&#39;s lifetime)\n    Medium:  \n  workdir:\n    Type:    EmptyDir (a temporary directory that shares a pod&#39;s lifetime)\n    Medium:  \n  default-token-jkcsk:\n    Type:        Secret (a volume populated by a Secret)\n    SecretName:  default-token-jkcsk\n    Optional:    false\nQoS Class:       BestEffort\nNode-Selectors:  &lt;none&gt;\nTolerations:     node.kubernetes.io/not-ready:NoExecute for 300s\n                 node.kubernetes.io/unreachable:NoExecute for 300s\nEvents:\n  Type     Reason                  Age               From                               Message\n  ----     ------                  ----              ----                               -------\n  Warning  FailedScheduling        9m (x4 over 10m)  default-scheduler                  pod has unbound immediate PersistentVolumeClaims (repeated 3 times)\n  Normal   Scheduled               9m                default-scheduler                  Successfully assigned e2e-tests-statefulset-pbqs5/rd-0 to aks-agentpool-32583972-2\n  Normal   SuccessfulAttachVolume  9m                attachdetach-controller            AttachVolume.Attach succeeded for volume \&#34;pvc-6dfb3a00-98ca-11e9-b384-be7522855bcf\&#34;\n  Normal   Pulling                 9m                kubelet, aks-agentpool-32583972-2  pulling image \&#34;k8s.gcr.io/redis-install-3.2.0:e2e\&#34;\n  Normal   Pulled                  9m                kubelet, aks-agentpool-32583972-2  Successfully pulled image \&#34;k8s.gcr.io/redis-install-3.2.0:e2e\&#34;\n  Normal   Created                 9m                kubelet, aks-agentpool-32583972-2  Created container\n  Normal   Started                 9m                kubelet, aks-agentpool-32583972-2  Started container\n  Normal   Pulling                 9m                kubelet, aks-agentpool-32583972-2  pulling image \&#34;debian:jessie\&#34;\n  Normal   Pulled                  9m                kubelet, aks-agentpool-32583972-2  Successfully pulled image \&#34;debian:jessie\&#34;\n  Normal   Created                 9m                kubelet, aks-agentpool-32583972-2  Created container\n  Normal   Started                 9m                kubelet, aks-agentpool-32583972-2  Started container\n&#34;&#xA;Jun 27 11:08:01.535: INFO: &#xA;Output of kubectl describe rd-0:&#xA;Name:               rd-0&#xA;Namespace:          e2e-tests-statefulset-pbqs5&#xA;Priority:           0&#xA;PriorityClassName:  &lt;none&gt;&#xA;Node:               aks-agentpool-32583972-2/10.240.0.6&#xA;Start Time:         Thu, 27 Jun 2019 10:58:06 +0000&#xA;Labels:             app=redis&#xA;                    controller-revision-hash=rd-f45fbfd99&#xA;                    statefulset.kubernetes.io/pod-name=rd-0&#xA;Annotations:        &lt;none&gt;&#xA;Status:             Pending&#xA;IP:                 10.244.1.25&#xA;Controlled By:      StatefulSet/rd&#xA;Init Containers:&#xA;  install:&#xA;    Container ID:  docker://5d6510270cd2700019370e5e567809ca028a8007e9daeb34391f2afd42cdfe76&#xA;    Image:         k8s.gcr.io/redis-install-3.2.0:e2e&#xA;    Image ID:      docker-pullable://k8s.gcr.io/redis-install-3.2.0@sha256:84305c74214f769ac3bdb3b6ceae35b8f13dd5485a6255a31776f3f3bcb2e4f3&#xA;    Port:          &lt;none&gt;&#xA;    Host Port:     &lt;none&gt;&#xA;    Args:&#xA;      --install-into=/opt&#xA;      --work-dir=/work-dir&#xA;    State:          Terminated&#xA;      Reason:       Completed&#xA;      Exit Code:    0&#xA;      Started:      Thu, 27 Jun 2019 10:58:45 +0000&#xA;      Finished:     Thu, 27 Jun 2019 10:58:45 +0000&#xA;    Ready:          True&#xA;    Restart Count:  0&#xA;    Environment:    &lt;none&gt;&#xA;    Mounts:&#xA;      /opt from opt (rw)&#xA;      /var/run/secrets/kubernetes.io/serviceaccount from default-token-jkcsk (ro)&#xA;      /work-dir from workdir (rw)&#xA;  bootstrap:&#xA;    Container ID:  docker://83a963f5a2367137b2bad62db9e1ffb5a189e342204b00d28874923de39385ee&#xA;    Image:         debian:jessie&#xA;    Image ID:      docker-pullable://debian@sha256:6b95a104400bb99ad60b47a48e37d5d1eb71a3f9ec8e86854e0cf64ecc5fd0e8&#xA;    Port:          &lt;none&gt;&#xA;    Host Port:     &lt;none&gt;&#xA;    Command:&#xA;      /work-dir/peer-finder&#xA;    Args:&#xA;      -on-start=&#34;/work-dir/on-start.sh&#34;&#xA;      -service=redis&#xA;    State:          Running&#xA;      Started:      Thu, 27 Jun 2019 10:58:53 +0000&#xA;    Ready:          False&#xA;    Restart Count:  0&#xA;    Environment:&#xA;      POD_NAMESPACE:  e2e-tests-statefulset-pbqs5 (v1:metadata.namespace)&#xA;    Mounts:&#xA;      /opt from opt (rw)&#xA;      /var/run/secrets/kubernetes.io/serviceaccount from default-token-jkcsk (ro)&#xA;      /work-dir from workdir (rw)&#xA;Containers:&#xA;  redis:&#xA;    Container ID:  &#xA;    Image:         debian:jessie&#xA;    Image ID:      &#xA;    Port:          6379/TCP&#xA;    Host Port:     0/TCP&#xA;    Command:&#xA;      /opt/redis/redis-server&#xA;    Args:&#xA;      /opt/redis/redis.conf&#xA;    State:          Waiting&#xA;      Reason:       PodInitializing&#xA;    Ready:          False&#xA;    Restart Count:  0&#xA;    Readiness:      exec [sh -c /opt/redis/redis-cli -h $(hostname) ping] delay=15s timeout=5s period=10s #success=1 #failure=3&#xA;    Environment:    &lt;none&gt;&#xA;    Mounts:&#xA;      /data from datadir (rw)&#xA;      /opt from opt (rw)&#xA;      /var/run/secrets/kubernetes.io/serviceaccount from default-token-jkcsk (ro)&#xA;Conditions:&#xA;  Type              Status&#xA;  Initialized       False &#xA;  Ready             False &#xA;  ContainersReady   False &#xA;  PodScheduled      True &#xA;Volumes:&#xA;  datadir:&#xA;    Type:       PersistentVolumeClaim (a reference to a PersistentVolumeClaim in the same namespace)&#xA;    ClaimName:  datadir-rd-0&#xA;    ReadOnly:   false&#xA;  opt:&#xA;    Type:    EmptyDir (a temporary directory that shares a pod&#39;s lifetime)&#xA;    Medium:  &#xA;  workdir:&#xA;    Type:    EmptyDir (a temporary directory that shares a pod&#39;s lifetime)&#xA;    Medium:  &#xA;  default-token-jkcsk:&#xA;    Type:        Secret (a volume populated by a Secret)&#xA;    SecretName:  default-token-jkcsk&#xA;    Optional:    false&#xA;QoS Class:       BestEffort&#xA;Node-Selectors:  &lt;none&gt;&#xA;Tolerations:     node.kubernetes.io/not-ready:NoExecute for 300s&#xA;                 node.kubernetes.io/unreachable:NoExecute for 300s&#xA;Events:&#xA;  Type     Reason                  Age               From                               Message&#xA;  ----     ------                  ----              ----                               -------&#xA;  Warning  FailedScheduling        9m (x4 over 10m)  default-scheduler                  pod has unbound immediate PersistentVolumeClaims (repeated 3 times)&#xA;  Normal   Scheduled               9m                default-scheduler                  Successfully assigned e2e-tests-statefulset-pbqs5/rd-0 to aks-agentpool-32583972-2&#xA;  Normal   SuccessfulAttachVolume  9m                attachdetach-controller            AttachVolume.Attach succeeded for volume &#34;pvc-6dfb3a00-98ca-11e9-b384-be7522855bcf&#34;&#xA;  Normal   Pulling                 9m                kubelet, aks-agentpool-32583972-2  pulling image &#34;k8s.gcr.io/redis-install-3.2.0:e2e&#34;&#xA;  Normal   Pulled                  9m                kubelet, aks-agentpool-32583972-2  Successfully pulled image &#34;k8s.gcr.io/redis-install-3.2.0:e2e&#34;&#xA;  Normal   Created                 9m                kubelet, aks-agentpool-32583972-2  Created container&#xA;  Normal   Started                 9m                kubelet, aks-agentpool-32583972-2  Started container&#xA;  Normal   Pulling                 9m                kubelet, aks-agentpool-32583972-2  pulling image &#34;debian:jessie&#34;&#xA;  Normal   Pulled                  9m                kubelet, aks-agentpool-32583972-2  Successfully pulled image &#34;debian:jessie&#34;&#xA;  Normal   Created                 9m                kubelet, aks-agentpool-32583972-2  Created container&#xA;  Normal   Started                 9m                kubelet, aks-agentpool-32583972-2  Started container&#xA;&#xA;Jun 27 11:08:01.535: INFO: Running &#39;/usr/local/bin/kubectl --kubeconfig=/tmp/kubeconfig-246643408 logs rd-0 --namespace=e2e-tests-statefulset-pbqs5 --tail=100&#39;&#xA;Jun 27 11:08:01.683: INFO: rc: 1&#xA;Jun 27 11:08:01.684: INFO: &#xA;Last 100 log lines of rd-0:&#xA;&#xA;Jun 27 11:08:01.684: INFO: Deleting all statefulset in ns e2e-tests-statefulset-pbqs5&#xA;Jun 27 11:08:01.690: INFO: Scaling statefulset rd to 0&#xA;Jun 27 11:08:11.729: INFO: Waiting for statefulset status.replicas updated to 0&#xA;Jun 27 11:08:11.733: INFO: Deleting statefulset rd&#xA;Jun 27 11:08:11.752: INFO: Deleting pvc: datadir-rd-0 with volume pvc-6dfb3a00-98ca-11e9-b384-be7522855bcf&#xA;Jun 27 11:08:11.774: INFO: Still waiting for pvs of statefulset to disappear:&#xA;pvc-6dfb3a00-98ca-11e9-b384-be7522855bcf: {Phase:Bound Message: Reason:}&#xA;Jun 27 11:08:21.778: INFO: Still waiting for pvs of statefulset to disappear:&#xA;pvc-6dfb3a00-98ca-11e9-b384-be7522855bcf: {Phase:Failed Message:compute.DisksClient#Delete: Failure sending request: StatusCode=409 -- Original Error: failed request: autorest/azure: Service returned an error. Status=&lt;nil&gt; Code=&#34;OperationNotAllowed&#34; Message=&#34;Disk kubernetes-dynamic-pvc-6dfb3a00-98ca-11e9-b384-be7522855bcf is attached to VM /subscriptions/48142d6d-7a43-440c-88c5-ad7c85f2a266/resourceGroups/MC_cloud-shell-storage-westeurope_standard-cluster-1_eastus/providers/Microsoft.Compute/virtualMachines/aks-agentpool-32583972-2.&#34; Reason:}&#xA;Jun 27 11:08:31.780: INFO: Still waiting for pvs of statefulset to disappear:&#xA;pvc-6dfb3a00-98ca-11e9-b384-be7522855bcf: {Phase:Failed Message:compute.DisksClient#Delete: Failure sending request: StatusCode=409 -- Original Error: failed request: autorest/azure: Service returned an error. Status=&lt;nil&gt; Code=&#34;OperationNotAllowed&#34; Message=&#34;Disk kubernetes-dynamic-pvc-6dfb3a00-98ca-11e9-b384-be7522855bcf is attached to VM /subscriptions/48142d6d-7a43-440c-88c5-ad7c85f2a266/resourceGroups/MC_cloud-shell-storage-westeurope_standard-cluster-1_eastus/providers/Microsoft.Compute/virtualMachines/aks-agentpool-32583972-2.&#34; Reason:}&#xA;Jun 27 11:08:41.778: INFO: Still waiting for pvs of statefulset to disappear:&#xA;pvc-6dfb3a00-98ca-11e9-b384-be7522855bcf: {Phase:Failed Message:compute.DisksClient#Delete: Failure sending request: StatusCode=409 -- Original Error: failed request: autorest/azure: Service returned an error. Status=&lt;nil&gt; Code=&#34;OperationNotAllowed&#34; Message=&#34;Disk kubernetes-dynamic-pvc-6dfb3a00-98ca-11e9-b384-be7522855bcf is attached to VM /subscriptions/48142d6d-7a43-440c-88c5-ad7c85f2a266/resourceGroups/MC_cloud-shell-storage-westeurope_standard-cluster-1_eastus/providers/Microsoft.Compute/virtualMachines/aks-agentpool-32583972-2.&#34; Reason:}&#xA;[AfterEach] [sig-apps] StatefulSet&#xA;  /workspace/anago-v1.11.3-beta.0.71+a4529464e4629c/src/k8s.io/kubernetes/_output/dockerized/go/src/k8s.io/kubernetes/test/e2e/framework/framework.go:142&#xA;STEP: Collecting events from namespace &#34;e2e-tests-statefulset-pbqs5&#34;.&#xA;STEP: Found 15 events.&#xA;Jun 27 11:08:51.784: INFO: At 2019-06-27 10:58:00 +0000 UTC - event for rd: {statefulset-controller } SuccessfulCreate: create Claim datadir-rd-0 Pod rd-0 in StatefulSet rd success&#xA;Jun 27 11:08:51.784: INFO: At 2019-06-27 10:58:00 +0000 UTC - event for rd: {statefulset-controller } SuccessfulCreate: create Pod rd-0 in StatefulSet rd successful&#xA;Jun 27 11:08:51.784: INFO: At 2019-06-27 10:58:00 +0000 UTC - event for rd-0: {default-scheduler } FailedScheduling: pod has unbound immediate PersistentVolumeClaims (repeated 3 times)&#xA;Jun 27 11:08:51.784: INFO: At 2019-06-27 10:58:06 +0000 UTC - event for datadir-rd-0: {persistentvolume-controller } ProvisioningSucceeded: Successfully provisioned volume pvc-6dfb3a00-98ca-11e9-b384-be7522855bcf using kubernetes.io/azure-disk&#xA;Jun 27 11:08:51.784: INFO: At 2019-06-27 10:58:06 +0000 UTC - event for rd-0: {default-scheduler } Scheduled: Successfully assigned e2e-tests-statefulset-pbqs5/rd-0 to aks-agentpool-32583972-2&#xA;Jun 27 11:08:51.784: INFO: At 2019-06-27 10:58:21 +0000 UTC - event for rd-0: {attachdetach-controller } SuccessfulAttachVolume: AttachVolume.Attach succeeded for volume &#34;pvc-6dfb3a00-98ca-11e9-b384-be7522855bcf&#34; &#xA;Jun 27 11:08:51.784: INFO: At 2019-06-27 10:58:27 +0000 UTC - event for rd-0: {kubelet aks-agentpool-32583972-2} Pulling: pulling image &#34;k8s.gcr.io/redis-install-3.2.0:e2e&#34;&#xA;Jun 27 11:08:51.784: INFO: At 2019-06-27 10:58:44 +0000 UTC - event for rd-0: {kubelet aks-agentpool-32583972-2} Pulled: Successfully pulled image &#34;k8s.gcr.io/redis-install-3.2.0:e2e&#34;&#xA;Jun 27 11:08:51.784: INFO: At 2019-06-27 10:58:45 +0000 UTC - event for rd-0: {kubelet aks-agentpool-32583972-2} Created: Created container&#xA;Jun 27 11:08:51.784: INFO: At 2019-06-27 10:58:45 +0000 UTC - event for rd-0: {kubelet aks-agentpool-32583972-2} Started: Started container&#xA;Jun 27 11:08:51.784: INFO: At 2019-06-27 10:58:46 +0000 UTC - event for rd-0: {kubelet aks-agentpool-32583972-2} Pulling: pulling image &#34;debian:jessie&#34;&#xA;Jun 27 11:08:51.784: INFO: At 2019-06-27 10:58:49 +0000 UTC - event for rd-0: {kubelet aks-agentpool-32583972-2} Pulled: Successfully pulled image &#34;debian:jessie&#34;&#xA;Jun 27 11:08:51.784: INFO: At 2019-06-27 10:58:53 +0000 UTC - event for rd-0: {kubelet aks-agentpool-32583972-2} Created: Created container&#xA;Jun 27 11:08:51.784: INFO: At 2019-06-27 10:58:53 +0000 UTC - event for rd-0: {kubelet aks-agentpool-32583972-2} Started: Started container&#xA;Jun 27 11:08:51.784: INFO: At 2019-06-27 11:08:01 +0000 UTC - event for rd: {statefulset-controller } SuccessfulDelete: delete Pod rd-0 in StatefulSet rd successful&#xA;Jun 27 11:08:51.806: INFO: POD                                                              NODE                      PHASE    GRACE  CONDITIONS&#xA;Jun 27 11:08:51.806: INFO: sonobuoy                                                         aks-agentpool-32583972-2  Running         [{Initialized True 0001-01-01 00:00:00 +0000 UTC 2019-06-27 10:35:22 +0000 UTC  } {Ready True 0001-01-01 00:00:00 +0000 UTC 2019-06-27 10:36:41 +0000 UTC  } {ContainersReady True 0001-01-01 00:00:00 +0000 UTC 0001-01-01 00:00:00 +0000 UTC  } {PodScheduled True 0001-01-01 00:00:00 +0000 UTC 2019-06-27 10:35:21 +0000 UTC  }]&#xA;Jun 27 11:08:51.806: INFO: sonobuoy-e2e-job-bdbb7d4b82544894                                aks-agentpool-32583972-0  Running         [{Initialized True 0001-01-01 00:00:00 +0000 UTC 2019-06-27 10:36:41 +0000 UTC  } {Ready True 0001-01-01 00:00:00 +0000 UTC 2019-06-27 10:37:23 +0000 UTC  } {ContainersReady True 0001-01-01 00:00:00 +0000 UTC 0001-01-01 00:00:00 +0000 UTC  } {PodScheduled True 0001-01-01 00:00:00 +0000 UTC 2019-06-27 10:36:41 +0000 UTC  }]&#xA;Jun 27 11:08:51.806: INFO: sonobuoy-systemd-logs-daemon-set-e5b17c71d58c496c-fpj5c          aks-agentpool-32583972-1  Running         [{Initialized True 0001-01-01 00:00:00 +0000 UTC 2019-06-27 10:36:41 +0000 UTC  } {Ready True 0001-01-01 00:00:00 +0000 UTC 2019-06-27 10:37:04 +0000 UTC  } {ContainersReady True 0001-01-01 00:00:00 +0000 UTC 0001-01-01 00:00:00 +0000 UTC  } {PodScheduled True 0001-01-01 00:00:00 +0000 UTC 2019-06-27 10:36:41 +0000 UTC  }]&#xA;Jun 27 11:08:51.806: INFO: sonobuoy-systemd-logs-daemon-set-e5b17c71d58c496c-l9qmf          aks-agentpool-32583972-2  Running         [{Initialized True 0001-01-01 00:00:00 +0000 UTC 2019-06-27 10:36:41 +0000 UTC  } {Ready True 0001-01-01 00:00:00 +0000 UTC 2019-06-27 10:36:58 +0000 UTC  } {ContainersReady True 0001-01-01 00:00:00 +0000 UTC 0001-01-01 00:00:00 +0000 UTC  } {PodScheduled True 0001-01-01 00:00:00 +0000 UTC 2019-06-27 10:36:41 +0000 UTC  }]&#xA;Jun 27 11:08:51.806: INFO: sonobuoy-systemd-logs-daemon-set-e5b17c71d58c496c-r5bhj          aks-agentpool-32583972-0  Running         [{Initialized True 0001-01-01 00:00:00 +0000 UTC 2019-06-27 10:36:41 +0000 UTC  } {Ready True 0001-01-01 00:00:00 +0000 UTC 2019-06-27 10:37:23 +0000 UTC  } {ContainersReady True 0001-01-01 00:00:00 +0000 UTC 0001-01-01 00:00:00 +0000 UTC  } {PodScheduled True 0001-01-01 00:00:00 +0000 UTC 2019-06-27 10:36:41 +0000 UTC  }]&#xA;Jun 27 11:08:51.806: INFO: addon-http-application-routing-default-http-backend-67fdc8tkbjp  aks-agentpool-32583972-1  Running         [{Initialized True 0001-01-01 00:00:00 +0000 UTC 2019-06-27 10:30:18 +0000 UTC  } {Ready True 0001-01-01 00:00:00 +0000 UTC 2019-06-27 10:31:07 +0000 UTC  } {ContainersReady True 0001-01-01 00:00:00 +0000 UTC 0001-01-01 00:00:00 +0000 UTC  } {PodScheduled True 0001-01-01 00:00:00 +0000 UTC 2019-06-27 10:30:17 +0000 UTC  }]&#xA;Jun 27 11:08:51.806: INFO: addon-http-application-routing-external-dns-5fd49978b5-cl8wg     aks-agentpool-32583972-1  Running         [{Initialized True 0001-01-01 00:00:00 +0000 UTC 2019-06-27 10:30:18 +0000 UTC  } {Ready True 0001-01-01 00:00:00 +0000 UTC 2019-06-27 10:30:46 +0000 UTC  } {ContainersReady True 0001-01-01 00:00:00 +0000 UTC 0001-01-01 00:00:00 +0000 UTC  } {PodScheduled True 0001-01-01 00:00:00 +0000 UTC 2019-06-27 10:30:17 +0000 UTC  }]&#xA;Jun 27 11:08:51.806: INFO: addon-http-application-routing-nginx-ingress-controller-b4dwgxh  aks-agentpool-32583972-1  Running         [{Initialized True 0001-01-01 00:00:00 +0000 UTC 2019-06-27 10:30:18 +0000 UTC  } {Ready True 0001-01-01 00:00:00 +0000 UTC 2019-06-27 10:31:32 +0000 UTC  } {ContainersReady True 0001-01-01 00:00:00 +0000 UTC 0001-01-01 00:00:00 +0000 UTC  } {PodScheduled True 0001-01-01 00:00:00 +0000 UTC 2019-06-27 10:30:17 +0000 UTC  }]&#xA;Jun 27 11:08:51.806: INFO: heapster-85796b5fdd-lcm2c                                        aks-agentpool-32583972-2  Running         [{Initialized True 0001-01-01 00:00:00 +0000 UTC 2019-06-27 10:30:44 +0000 UTC  } {Ready True 0001-01-01 00:00:00 +0000 UTC 2019-06-27 10:30:47 +0000 UTC  } {ContainersReady True 0001-01-01 00:00:00 +0000 UTC 0001-01-01 00:00:00 +0000 UTC  } {PodScheduled True 0001-01-01 00:00:00 +0000 UTC 2019-06-27 10:30:44 +0000 UTC  }]&#xA;Jun 27 11:08:51.806: INFO: kube-dns-autoscaler-544c7b6b44-kbtnb                             aks-agentpool-32583972-1  Running         [{Initialized True 0001-01-01 00:00:00 +0000 UTC 2019-06-27 10:30:18 +0000 UTC  } {Ready True 0001-01-01 00:00:00 +0000 UTC 2019-06-27 10:31:07 +0000 UTC  } {ContainersReady True 0001-01-01 00:00:00 +0000 UTC 0001-01-01 00:00:00 +0000 UTC  } {PodScheduled True 0001-01-01 00:00:00 +0000 UTC 2019-06-27 10:30:17 +0000 UTC  }]&#xA;Jun 27 11:08:51.806: INFO: kube-dns-v20-f96699fb4-cmclg                                     aks-agentpool-32583972-1  Running         [{Initialized True 0001-01-01 00:00:00 +0000 UTC 2019-06-27 10:30:18 +0000 UTC  } {Ready True 0001-01-01 00:00:00 +0000 UTC 2019-06-27 10
[...]
          <skipped></skipped>
      </testcase>
      <testcase name="[k8s.io] Variable Expansion should fail substituting values in a volume subpath with backticks [Feature:VolumeSubpathEnvExpansion][NodeAlphaFeature:VolumeSubpathEnvExpansion][Slow]" classname="Kubernetes e2e suite" time="0">
          <skipped></skipped>
      </testcase>
      <testcase name="[sig-storage] PersistentVolumes-local  [Volume type: dir-link-bindmounted] Set fsGroup for local volume should set different fsGroup for second pod if first pod is deleted" classname="Kubernetes e2e suite" time="0">
          <skipped></skipped>
      </testcase>
      <testcase name="[sig-cluster-lifecycle] gpu Upgrade [Feature:GPUUpgrade] cluster upgrade should be able to run gpu pod after upgrade [Feature:GPUClusterUpgrade]" classname="Kubernetes e2e suite" time="0">
          <skipped></skipped>
      </testcase>
      <testcase name="[sig-storage] Subpath [Volume type: hostPathSymlink] should unmount if pod is force deleted while kubelet is down [Disruptive][Slow]" classname="Kubernetes e2e suite" time="0">
          <skipped></skipped>
      </testcase>
      <testcase name="[sig-autoscaling] Cluster size autoscaling [Slow] should increase cluster size if pods are pending due to host port conflict [Feature:ClusterSizeAutoscalingScaleUp]" classname="Kubernetes e2e suite" time="0">
          <skipped></skipped>
      </testcase>
      <testcase name="[sig-storage] PersistentVolumes-local  [Volume type: blockfs] Set fsGroup for local volume should not set different fsGroups for two pods simultaneously" classname="Kubernetes e2e suite" time="0">
          <skipped></skipped>
      </testcase>
      <testcase name="[sig-instrumentation] Stackdriver Monitoring should have cluster metrics [Feature:StackdriverMonitoring]" classname="Kubernetes e2e suite" time="0">
          <skipped></skipped>
      </testcase>
      <testcase name="[sig-storage] Subpath [Volume type: gluster] should support creating multiple subpath from same volumes [Slow]" classname="Kubernetes e2e suite" time="0">
          <skipped></skipped>
      </testcase>
      <testcase name="[sig-storage] EmptyDir volumes volume on tmpfs should have the correct mode [NodeConformance] [Conformance]" classname="Kubernetes e2e suite" time="0">
          <skipped></skipped>
      </testcase>
      <testcase name="[sig-storage] PersistentVolumes-local  [Volume type: tmpfs] Two pods mounting a local volume one after the other should be able to write from pod1 and read from pod2" classname="Kubernetes e2e suite" time="0">
          <skipped></skipped>
      </testcase>
      <testcase name="[sig-storage] Subpath [Volume type: hostPath] should support existing directory" classname="Kubernetes e2e suite" time="0">
          <skipped></skipped>
      </testcase>
      <testcase name="[sig-storage] Pod Disks schedule pods each with a PD, delete pod and verify detach [Slow] for RW PD with pod delete grace period of &#34;immediate (0s)&#34;" classname="Kubernetes e2e suite" time="0">
          <skipped></skipped>
      </testcase>
      <testcase name="[sig-autoscaling] Cluster size autoscaling [Slow] shouldn&#39;t trigger additional scale-ups during processing scale-up [Feature:ClusterSizeAutoscalingScaleUp]" classname="Kubernetes e2e suite" time="0">
          <skipped></skipped>
      </testcase>
      <testcase name="[k8s.io] [sig-node] Security Context [Feature:SecurityContext] should support seccomp alpha unconfined annotation on the pod [Feature:Seccomp]" classname="Kubernetes e2e suite" time="0">
          <skipped></skipped>
      </testcase>
      <testcase name="[sig-autoscaling] Cluster size autoscaling [Slow] Should scale up GPU pool from 1 [GpuType:nvidia-tesla-p100] [Feature:ClusterSizeAutoscalingGpu]" classname="Kubernetes e2e suite" time="0">
          <skipped></skipped>
      </testcase>
      <testcase name="[sig-auth] ServiceAccounts should allow opting out of API token automount  [Conformance]" classname="Kubernetes e2e suite" time="0">
          <skipped></skipped>
      </testcase>
      <testcase name="[sig-storage] PersistentVolumes:vsphere should test that deleting a PVC before the pod does not cause pod deletion to fail on vsphere volume detach" classname="Kubernetes e2e suite" time="0">
          <skipped></skipped>
      </testcase>
      <testcase name="[sig-storage] Downward API volume should update annotations on modification [NodeConformance] [Conformance]" classname="Kubernetes e2e suite" time="0">
          <skipped></skipped>
      </testcase>
      <testcase name="[sig-scheduling] ResourceQuota should create a ResourceQuota and capture the life of a service." classname="Kubernetes e2e suite" time="0">
          <skipped></skipped>
      </testcase>
      <testcase name="[sig-network] Networking Granular Checks: Pods should function for node-pod communication: http [NodeConformance] [Conformance]" classname="Kubernetes e2e suite" time="0">
          <skipped></skipped>
      </testcase>
      <testcase name="[sig-storage] PersistentVolumes-local  [Volume type: blockfs] Set fsGroup for local volume should set different fsGroup for second pod if first pod is deleted" classname="Kubernetes e2e suite" time="0">
          <skipped></skipped>
      </testcase>
      <testcase name="[sig-storage] Subpath [Volume type: gcePDPartitioned] should fail if non-existent subpath is outside the volume [Slow]" classname="Kubernetes e2e suite" time="0">
          <skipped></skipped>
      </testcase>
      <testcase name="[sig-storage] Subpath [Volume type: emptyDir] should support restarting containers using directory as subpath [Slow]" classname="Kubernetes e2e suite" time="0">
          <skipped></skipped>
      </testcase>
      <testcase name="[sig-storage] Dynamic Provisioning DynamicProvisioner Default should create and delete default persistent volumes [Slow]" classname="Kubernetes e2e suite" time="0">
          <skipped></skipped>
      </testcase>
      <testcase name="[sig-storage] Projected should be consumable from pods in volume as non-root with FSGroup [NodeFeature:FSGroup]" classname="Kubernetes e2e suite" time="0">
          <skipped></skipped>
      </testcase>
      <testcase name="[sig-autoscaling] [HPA] Horizontal pod autoscaling (scale resource: CPU) [sig-autoscaling] [Serial] [Slow] Deployment Should scale from 5 pods to 3 pods and from 3 to 1" classname="Kubernetes e2e suite" time="0">
          <skipped></skipped>
      </testcase>
      <testcase name="[sig-storage] Subpath [Volume type: nfsPVC] should fail for new directories when readOnly specified in the volumeSource" classname="Kubernetes e2e suite" time="0">
          <skipped></skipped>
      </testcase>
      <testcase name="[sig-cli] Kubectl client [k8s.io] Kubectl run job should create a job from an image when restart is OnFailure  [Conformance]" classname="Kubernetes e2e suite" time="0">
          <skipped></skipped>
      </testcase>
      <testcase name="[k8s.io] Probing container should *not* be restarted with a /healthz http liveness probe [NodeConformance] [Conformance]" classname="Kubernetes e2e suite" time="0">
          <skipped></skipped>
      </testcase>
      <testcase name="[sig-instrumentation] [Feature:PrometheusMonitoring] Prometheus should scrape metrics from annotated pods." classname="Kubernetes e2e suite" time="0">
          <skipped></skipped>
      </testcase>
      <testcase name="[sig-storage] Subpath [Volume type: nfs] should support restarting containers using directory as subpath [Slow]" classname="Kubernetes e2e suite" time="0">
          <skipped></skipped>
      </testcase>
      <testcase name="[sig-network] NetworkPolicy NetworkPolicy between server and client should allow egress access on one named port [Feature:NetworkPolicy]" classname="Kubernetes e2e suite" time="0">
          <skipped></skipped>
      </testcase>
      <testcase name="[sig-storage] Subpath [Volume type: hostPathSymlink] should support file as subpath" classname="Kubernetes e2e suite" time="0">
          <skipped></skipped>
      </testcase>
      <testcase name="[sig-storage] Subpath [Volume type: gcePDPartitioned] should support non-existent path" classname="Kubernetes e2e suite" time="0">
          <skipped></skipped>
      </testcase>
      <testcase name="[sig-api-machinery] Etcd failure [Disruptive] should recover from SIGKILL" classname="Kubernetes e2e suite" time="0">
          <skipped></skipped>
      </testcase>
      <testcase name="[sig-auth] [Feature:NodeAuthorizer] Getting an existing secret should exit with the Forbidden error" classname="Kubernetes e2e suite" time="0">
          <skipped></skipped>
      </testcase>
      <testcase name="[sig-scalability] Load capacity [Feature:ManualPerformance] should be able to handle 30 pods per node { Random} with 0 secrets, 0 configmaps and 0 daemons" classname="Kubernetes e2e suite" time="0">
          <skipped></skipped>
      </testcase>
      <testcase name="[sig-storage] Subpath [Volume type: gluster] should support restarting containers using directory as subpath [Slow]" classname="Kubernetes e2e suite" time="0">
          <skipped></skipped>
      </testcase>
      <testcase name="[sig-storage] Flexvolumes [Disruptive] should be mountable when non-attachable" classname="Kubernetes e2e suite" time="0">
          <skipped></skipped>
      </testcase>
      <testcase name="[sig-storage] Subpath [Volume type: gcePDPVC] should support restarting containers using file as subpath [Slow]" classname="Kubernetes e2e suite" time="0">
          <skipped></skipped>
      </testcase>
      <testcase name="[sig-cluster-lifecycle] Reboot [Disruptive] [Feature:Reboot] each node by triggering kernel panic and ensure they function upon restart" classname="Kubernetes e2e suite" time="0">
          <skipped></skipped>
      </testcase>
      <testcase name="[sig-api-machinery] Generated clientset should create pods, set the deletionTimestamp and deletionGracePeriodSeconds of the pod" classname="Kubernetes e2e suite" time="0">
          <skipped></skipped>
      </testcase>
      <testcase name="[k8s.io] [sig-node] Security Context [Feature:SecurityContext] should support pod.Spec.SecurityContext.SupplementalGroups" classname="Kubernetes e2e suite" time="0">
          <skipped></skipped>
      </testcase>
      <testcase name="[sig-autoscaling] [HPA] Horizontal pod autoscaling (scale resource: CPU) [sig-autoscaling] [Serial] [Slow] Deployment Should scale from 1 pod to 3 pods and from 3 to 5" classname="Kubernetes e2e suite" time="0">
          <skipped></skipped>
      </testcase>
      <testcase name="[sig-instrumentation] Cadvisor should be healthy on every node." classname="Kubernetes e2e suite" time="0">
          <skipped></skipped>
      </testcase>
      <testcase name="[sig-storage] Subpath [Volume type: nfsPVC] should unmount if pod is gracefully deleted while kubelet is down [Disruptive][Slow]" classname="Kubernetes e2e suite" time="0">
          <skipped></skipped>
      </testcase>
      <testcase name="[sig-autoscaling] Cluster size autoscaling [Slow] should increase cluster size if pod requesting volume is pending [Feature:ClusterSizeAutoscalingScaleUp]" classname="Kubernetes e2e suite" time="0">
          <skipped></skipped>
      </testcase>
      <testcase name="[sig-storage] Secrets should be able to mount in a volume regardless of a different secret existing with same name in different namespace [NodeConformance]" classname="Kubernetes e2e suite" time="0">
          <skipped></skipped>
      </testcase>
      <testcase name="[sig-apps] StatefulSet [k8s.io] Deploy clustered applications [Feature:StatefulSet] [Slow] should creating a working zookeeper cluster" classname="Kubernetes e2e suite" time="653.215020639"></testcase>
      <testcase name="[sig-storage] Node Poweroff [Feature:vsphere] [Slow] [Disruptive] verify volume status after node power off" classname="Kubernetes e2e suite" time="0">
          <skipped></skipped>
      </testcase>
      <testcase name="[sig-storage] Pod Disks schedule pods each with a PD, delete pod and verify detach [Slow] for RW PD with pod delete grace period of &#34;default (30s)&#34;" classname="Kubernetes e2e suite" time="0">
          <skipped></skipped>
      </testcase>
      <testcase name="[sig-storage] Volumes PD should be mountable with xfs" classname="Kubernetes e2e suite" time="0">
          <skipped></skipped>
      </testcase>
      <testcase name="[sig-storage] Flexvolumes [Disruptive] should be mountable when attachable" classname="Kubernetes e2e suite" time="0">
          <skipped></skipped>
      </testcase>
      <testcase name="[sig-autoscaling] Cluster size autoscaling [Slow] should correctly scale down after a node is not needed [Feature:ClusterSizeAutoscalingScaleDown]" classname="Kubernetes e2e suite" time="0">
          <skipped></skipped>
      </testcase>
      <testcase name="[sig-network] Loadbalancing: L7 GCE [Slow] [Feature:kubemci] should remove clusters as expected" classname="Kubernetes e2e suite" time="0">
          <skipped></skipped>
      </testcase>
      <testcase name="[sig-storage] Dynamic Provisioning DynamicProvisioner should provision storage with different parameters [Slow]" classname="Kubernetes e2e suite" time="0">
          <skipped></skipped>
      </testcase>
      <testcase name="[sig-instrumentation] Cluster level logging implemented by Stackdriver should ingest events" classname="Kubernetes e2e suite" time="0">
          <skipped></skipped>
      </testcase>
      <testcase name="[sig-storage] EmptyDir volumes should support (non-root,0666,default) [NodeConformance] [Conformance]" classname="Kubernetes e2e suite" time="0">
          <skipped></skipped>
      </testcase>
      <testcase name="[sig-storage] Subpath Atomic writer volumes should support subpaths with projected pod" classname="Kubernetes e2e suite" time="0">
          <skipped></skipped>
      </testcase>
      <testcase name="[sig-storage] Subpath [Volume type: nfs] should support existing directories when readOnly specified in the volumeSource" classname="Kubernetes e2e suite" time="0">
          <skipped></skipped>
      </testcase>
      <testcase name="[sig-storage] PersistentVolumes:vsphere should test that a vspehre volume mounted to a pod that is deleted while the kubelet is down unmounts when the kubelet returns [Disruptive]" classname="Kubernetes e2e suite" time="0">
          <skipped></skipped>
      </testcase>
      <testcase name="[sig-api-machinery] Servers with support for Table transformation should return a 406 for a backend which does not implement metadata" classname="Kubernetes e2e suite" time="0">
          <skipped></skipped>
      </testcase>
      <testcase name="[sig-storage] ConfigMap should be consumable from pods in volume with mappings and Item mode set [NodeConformance] [Conformance]" classname="Kubernetes e2e suite" time="0">
          <skipped></skipped>
      </testcase>
      <testcase name="[k8s.io] GKE local SSD [Feature:GKELocalSSD] should write and read from node local SSD [Feature:GKELocalSSD]" classname="Kubernetes e2e suite" time="0">
          <skipped></skipped>
      </testcase>
      <testcase name="[sig-storage] Pod Disks detach in a disrupted environment [Slow] [Disruptive] when pod is evicted" classname="Kubernetes e2e suite" time="0">
          <skipped></skipped>
      </testcase>
      <testcase name="[sig-storage] Subpath [Volume type: hostPath] should support readOnly directory specified in the volumeMount" classname="Kubernetes e2e suite" time="0">
          <skipped></skipped>
      </testcase>
      <testcase name="[sig-storage] Storage Policy Based Volume Provisioning [Feature:vsphere] verify VSAN storage capability with valid diskStripes and objectSpaceReservation values and a VSAN datastore is honored for dynamically provisioned pvc using storageclass" classname="Kubernetes e2e suite" time="0">
          <skipped></skipped>
      </testcase>
      <testcase name="[k8s.io] Pods should get a host IP [NodeConformance] [Conformance]" classname="Kubernetes e2e suite" time="0">
          <skipped></skipped>
      </testcase>
      <testcase name="[sig-scheduling] SchedulerPredicates [Serial] validates that there is no conflict between pods with same hostPort but different hostIP and protocol" classname="Kubernetes e2e suite" time="0">
          <skipped></skipped>
      </testcase>
      <testcase name="[sig-cli] Kubectl client [k8s.io] Kubectl create quota should create a quota without scopes" classname="Kubernetes e2e suite" time="0">
          <skipped></skipped>
      </testcase>
      <testcase name="[sig-storage] Volume Provisioning On Clustered Datastore [Feature:vsphere] verify dynamic provision with default parameter on clustered datastore" classname="Kubernetes e2e suite" time="0">
          <skipped></skipped>
      </testcase>
      <testcase name="[sig-api-machinery] Namespaces [Serial] should delete fast enough (90 percent of 100 namespaces in 150 seconds)" classname="Kubernetes e2e suite" time="0">
          <skipped></skipped>
      </testcase>
      <testcase name="[sig-apps] DaemonRestart [Disruptive] Controller Manager should not create/delete replicas across restart" classname="Kubernetes e2e suite" time="34.726096148">
          <skipped></skipped>
      </testcase>
      <testcase name="[sig-storage] Subpath [Volume type: hostPath] should support existing single file" classname="Kubernetes e2e suite" time="0">
          <skipped></skipped>
      </testcase>
      <testcase name="[k8s.io] InitContainer [NodeConformance] should not start app containers if init containers fail on a RestartAlways pod" classname="Kubernetes e2e suite" time="0">
          <skipped></skipped>
      </testcase>
      <testcase name="[sig-storage] Volume Provisioning On Clustered Datastore [Feature:vsphere] verify static provisioning on clustered datastore" classname="Kubernetes e2e suite" time="0">
          <skipped></skipped>
      </testcase>
      <testcase name="[k8s.io] Pods should support remote command execution over websockets [NodeConformance]" classname="Kubernetes e2e suite" time="0">
          <skipped></skipped>
      </testcase>
      <testcase name="[k8s.io] Variable Expansion should allow substituting values in a volume subpath [Feature:VolumeSubpathEnvExpansion][NodeAlphaFeature:VolumeSubpathEnvExpansion]" classname="Kubernetes e2e suite" time="0">
          <skipped></skipped>
      </testcase>
      <testcase name="[sig-network] Networking Granular Checks: Pods should function for node-pod communication: udp [NodeConformance] [Conformance]" classname="Kubernetes e2e suite" time="0">
          <skipped></skipped>
      </testcase>
      <testcase name="[sig-network] Services should have session affinity work for NodePort service" classname="Kubernetes e2e suite" time="0">
          <skipped></skipped>
      </testcase>
      <testcase name="[sig-storage] Subpath [Volume type: hostPathSymlink] should fail if non-existent subpath is outside the volume [Slow]" classname="Kubernetes e2e suite" time="0">
          <skipped></skipped>
      </testcase>
      <testcase name="[sig-auth] PodSecurityPolicy should enforce the restricted extensions.PodSecurityPolicy" classname="Kubernetes e2e suite" time="0">
          <skipped></skipped>
      </testcase>
      <testcase name="[sig-storage] Subpath [Volume type: hostPathSymlink] should unmount if pod is gracefully deleted while kubelet is down [Disruptive][Slow]" classname="Kubernetes e2e suite" time="0">
          <skipped></skipped>
      </testcase>
      <testcase name="[sig-apps] Daemon set [Serial] should rollback without unnecessary restarts [Conformance]" classname="Kubernetes e2e suite" time="6.502338933">
          <skipped></skipped>
      </testcase>
  </testsuite>