<?xml version="1.0" encoding="UTF-8"?>
  <testsuite tests="60" failures="3" time="5401.390558275">
      <testcase name="[sig-storage] Pod Disks schedule a pod w/ RW PD(s) mounted to 1 or more containers, write to PD, verify content, delete pod, and repeat in rapid succession [Slow] using 4 containers and 1 PDs" classname="Kubernetes e2e suite" time="0">
          <skipped></skipped>
      </testcase>
      <testcase name="[k8s.io] Variable Expansion should allow substituting values in a container&#39;s command [NodeConformance] [Conformance]" classname="Kubernetes e2e suite" time="0">
          <skipped></skipped>
      </testcase>
      <testcase name="[k8s.io] Cluster size autoscaler scalability [Slow] should scale down underutilized nodes [Feature:ClusterAutoscalerScalability4]" classname="Kubernetes e2e suite" time="0">
          <skipped></skipped>
      </testcase>
      <testcase name="[sig-storage] EmptyDir volumes when FSGroup is specified [NodeFeature:FSGroup] new files should be created with FSGroup ownership when container is non-root" classname="Kubernetes e2e suite" time="0">
          <skipped></skipped>
      </testcase>
      <testcase name="[sig-network] Loadbalancing: L7 GCE [Slow] [Feature:Ingress] multicluster ingress should get instance group annotation" classname="Kubernetes e2e suite" time="0">
          <skipped></skipped>
      </testcase>
      <testcase name="[sig-apps] Deployment deployment should support rollback" classname="Kubernetes e2e suite" time="32.476484468"></testcase>
      <testcase name="[sig-storage] ConfigMap should be consumable from pods in volume with mappings as non-root [NodeConformance] [Conformance]" classname="Kubernetes e2e suite" time="0">
          <skipped></skipped>
      </testcase>
      <testcase name="[sig-cluster-lifecycle] Reboot [Disruptive] [Feature:Reboot] each node by triggering kernel panic and ensure they function upon restart" classname="Kubernetes e2e suite" time="0">
          <skipped></skipped>
      </testcase>
      <testcase name="[sig-apps] Network Partition [Disruptive] [Slow] [k8s.io] [StatefulSet] should come back up if node goes down [Slow] [Disruptive]" classname="Kubernetes e2e suite" time="6.199373878">
          <skipped></skipped>
      </testcase>
      <testcase name="[sig-network] Services should have session affinity work for service with type clusterIP" classname="Kubernetes e2e suite" time="0">
          <skipped></skipped>
      </testcase>
      <testcase name="[sig-storage] PersistentVolumes-local  [Volume type: blockfs] One pod requesting one prebound PVC should be able to mount volume and write from pod1" classname="Kubernetes e2e suite" time="0">
          <skipped></skipped>
      </testcase>
      <testcase name="[sig-storage] EmptyDir volumes should support (non-root,0777,default) [NodeConformance] [Conformance]" classname="Kubernetes e2e suite" time="0">
          <skipped></skipped>
      </testcase>
      <testcase name="[sig-apps] stateful Upgrade [Feature:StatefulUpgrade] [k8s.io] stateful upgrade should maintain a functioning cluster" classname="Kubernetes e2e suite" time="25.505073791">
          <failure type="Failure">/workspace/anago-v1.11.3-beta.0.71+a4529464e4629c/src/k8s.io/kubernetes/_output/dockerized/go/src/k8s.io/kubernetes/test/e2e/lifecycle/cluster_upgrade.go:336&#xA;Expected error:&#xA;    &lt;*errors.errorString | 0xc420812880&gt;: {&#xA;        s: &#34;error running /kubernetes/hack/get-build.sh [-v ci/latest]; got error fork/exec /kubernetes/hack/get-build.sh: no such file or directory, stdout \&#34;\&#34;, stderr \&#34;\&#34;&#34;,&#xA;    }&#xA;    error running /kubernetes/hack/get-build.sh [-v ci/latest]; got error fork/exec /kubernetes/hack/get-build.sh: no such file or directory, stdout &#34;&#34;, stderr &#34;&#34;&#xA;not to have occurred&#xA;/workspace/anago-v1.11.3-beta.0.71+a4529464e4629c/src/k8s.io/kubernetes/_output/dockerized/go/src/k8s.io/kubernetes/test/e2e/lifecycle/cluster_upgrade.go:338</failure>
          <system-out>[BeforeEach] [sig-apps] stateful Upgrade [Feature:StatefulUpgrade]&#xA;  /workspace/anago-v1.11.3-beta.0.71+a4529464e4629c/src/k8s.io/kubernetes/_output/dockerized/go/src/k8s.io/kubernetes/test/e2e/framework/framework.go:141&#xA;STEP: Creating a kubernetes client&#xA;Jun 27 13:07:39.694: INFO: &gt;&gt;&gt; kubeConfig: /tmp/kubeconfig-012867864&#xA;STEP: Building a namespace api object&#xA;STEP: Waiting for a default service account to be provisioned in namespace&#xA;[BeforeEach] [sig-apps] stateful Upgrade [Feature:StatefulUpgrade]&#xA;  /workspace/anago-v1.11.3-beta.0.71+a4529464e4629c/src/k8s.io/kubernetes/_output/dockerized/go/src/k8s.io/kubernetes/test/e2e/framework/framework.go:141&#xA;STEP: Creating a kubernetes client&#xA;Jun 27 13:07:39.751: INFO: &gt;&gt;&gt; kubeConfig: /tmp/kubeconfig-012867864&#xA;STEP: Building a namespace api object&#xA;STEP: Waiting for a default service account to be provisioned in namespace&#xA;[BeforeEach] [sig-apps] stateful Upgrade [Feature:StatefulUpgrade]&#xA;  /workspace/anago-v1.11.3-beta.0.71+a4529464e4629c/src/k8s.io/kubernetes/_output/dockerized/go/src/k8s.io/kubernetes/test/e2e/framework/framework.go:141&#xA;STEP: Creating a kubernetes client&#xA;Jun 27 13:07:39.804: INFO: &gt;&gt;&gt; kubeConfig: /tmp/kubeconfig-012867864&#xA;STEP: Building a namespace api object&#xA;STEP: Waiting for a default service account to be provisioned in namespace&#xA;[BeforeEach] [sig-apps] stateful Upgrade [Feature:StatefulUpgrade]&#xA;  /workspace/anago-v1.11.3-beta.0.71+a4529464e4629c/src/k8s.io/kubernetes/_output/dockerized/go/src/k8s.io/kubernetes/test/e2e/framework/framework.go:141&#xA;STEP: Creating a kubernetes client&#xA;Jun 27 13:07:39.858: INFO: &gt;&gt;&gt; kubeConfig: /tmp/kubeconfig-012867864&#xA;STEP: Building a namespace api object&#xA;STEP: Waiting for a default service account to be provisioned in namespace&#xA;[It] should maintain a functioning cluster&#xA;  /workspace/anago-v1.11.3-beta.0.71+a4529464e4629c/src/k8s.io/kubernetes/_output/dockerized/go/src/k8s.io/kubernetes/test/e2e/lifecycle/cluster_upgrade.go:336&#xA;Jun 27 13:07:39.917: INFO: Getting real version for &#34;ci/latest&#34;&#xA;Jun 27 13:07:39.917: INFO: Running /kubernetes/hack/get-build.sh [-v ci/latest]&#xA;Jun 27 13:07:39.917: INFO: Unexpected error occurred: error running /kubernetes/hack/get-build.sh [-v ci/latest]; got error fork/exec /kubernetes/hack/get-build.sh: no such file or directory, stdout &#34;&#34;, stderr &#34;&#34;&#xA;[AfterEach] [sig-apps] stateful Upgrade [Feature:StatefulUpgrade]&#xA;  /workspace/anago-v1.11.3-beta.0.71+a4529464e4629c/src/k8s.io/kubernetes/_output/dockerized/go/src/k8s.io/kubernetes/test/e2e/framework/framework.go:142&#xA;STEP: Collecting events from namespace &#34;e2e-tests-stateful-upgrade-gt9l2&#34;.&#xA;STEP: Found 0 events.&#xA;Jun 27 13:07:39.932: INFO: POD                                                      NODE                                          PHASE    GRACE  CONDITIONS&#xA;Jun 27 13:07:39.932: INFO: sonobuoy                                                 ip-192-168-91-46.eu-west-1.compute.internal   Running         [{Initialized True 0001-01-01 00:00:00 +0000 UTC 2019-06-27 13:05:45 +0000 UTC  } {Ready True 0001-01-01 00:00:00 +0000 UTC 2019-06-27 13:06:26 +0000 UTC  } {ContainersReady True 0001-01-01 00:00:00 +0000 UTC 0001-01-01 00:00:00 +0000 UTC  } {PodScheduled True 0001-01-01 00:00:00 +0000 UTC 2019-06-27 13:05:45 +0000 UTC  }]&#xA;Jun 27 13:07:39.932: INFO: sonobuoy-e2e-job-0edb791827654f66                        ip-192-168-4-181.eu-west-1.compute.internal   Running         [{Initialized True 0001-01-01 00:00:00 +0000 UTC 2019-06-27 13:06:26 +0000 UTC  } {Ready True 0001-01-01 00:00:00 +0000 UTC 2019-06-27 13:07:02 +0000 UTC  } {ContainersReady True 0001-01-01 00:00:00 +0000 UTC 0001-01-01 00:00:00 +0000 UTC  } {PodScheduled True 0001-01-01 00:00:00 +0000 UTC 2019-06-27 13:06:26 +0000 UTC  }]&#xA;Jun 27 13:07:39.932: INFO: sonobuoy-systemd-logs-daemon-set-5429b9b6a196480b-fddbg  ip-192-168-36-155.eu-west-1.compute.internal  Running         [{Initialized True 0001-01-01 00:00:00 +0000 UTC 2019-06-27 13:06:26 +0000 UTC  } {Ready True 0001-01-01 00:00:00 +0000 UTC 2019-06-27 13:06:46 +0000 UTC  } {ContainersReady True 0001-01-01 00:00:00 +0000 UTC 0001-01-01 00:00:00 +0000 UTC  } {PodScheduled True 0001-01-01 00:00:00 +0000 UTC 2019-06-27 13:06:26 +0000 UTC  }]&#xA;Jun 27 13:07:39.932: INFO: sonobuoy-systemd-logs-daemon-set-5429b9b6a196480b-j84c7  ip-192-168-91-46.eu-west-1.compute.internal   Running         [{Initialized True 0001-01-01 00:00:00 +0000 UTC 2019-06-27 13:06:26 +0000 UTC  } {Ready True 0001-01-01 00:00:00 +0000 UTC 2019-06-27 13:06:42 +0000 UTC  } {ContainersReady True 0001-01-01 00:00:00 +0000 UTC 0001-01-01 00:00:00 +0000 UTC  } {PodScheduled True 0001-01-01 00:00:00 +0000 UTC 2019-06-27 13:06:26 +0000 UTC  }]&#xA;Jun 27 13:07:39.932: INFO: sonobuoy-systemd-logs-daemon-set-5429b9b6a196480b-pgnvh  ip-192-168-4-181.eu-west-1.compute.internal   Running         [{Initialized True 0001-01-01 00:00:00 +0000 UTC 2019-06-27 13:06:26 +0000 UTC  } {Ready True 0001-01-01 00:00:00 +0000 UTC 2019-06-27 13:07:01 +0000 UTC  } {ContainersReady True 0001-01-01 00:00:00 +0000 UTC 0001-01-01 00:00:00 +0000 UTC  } {PodScheduled True 0001-01-01 00:00:00 +0000 UTC 2019-06-27 13:06:26 +0000 UTC  }]&#xA;Jun 27 13:07:39.932: INFO: aws-node-cbsdw                                           ip-192-168-4-181.eu-west-1.compute.internal   Running         [{Initialized True 0001-01-01 00:00:00 +0000 UTC 2019-06-27 13:01:47 +0000 UTC  } {Ready True 0001-01-01 00:00:00 +0000 UTC 2019-06-27 13:02:06 +0000 UTC  } {ContainersReady True 0001-01-01 00:00:00 +0000 UTC 0001-01-01 00:00:00 +0000 UTC  } {PodScheduled True 0001-01-01 00:00:00 +0000 UTC 2019-06-27 13:01:47 +0000 UTC  }]&#xA;Jun 27 13:07:39.932: INFO: aws-node-q99tl                                           ip-192-168-36-155.eu-west-1.compute.internal  Running         [{Initialized True 0001-01-01 00:00:00 +0000 UTC 2019-06-27 13:01:42 +0000 UTC  } {Ready True 0001-01-01 00:00:00 +0000 UTC 2019-06-27 13:01:56 +0000 UTC  } {ContainersReady True 0001-01-01 00:00:00 +0000 UTC 0001-01-01 00:00:00 +0000 UTC  } {PodScheduled True 0001-01-01 00:00:00 +0000 UTC 2019-06-27 13:01:42 +0000 UTC  }]&#xA;Jun 27 13:07:39.932: INFO: aws-node-tqw6f                                           ip-192-168-91-46.eu-west-1.compute.internal   Running         [{Initialized True 0001-01-01 00:00:00 +0000 UTC 2019-06-27 13:01:46 +0000 UTC  } {Ready True 0001-01-01 00:00:00 +0000 UTC 2019-06-27 13:01:59 +0000 UTC  } {ContainersReady True 0001-01-01 00:00:00 +0000 UTC 0001-01-01 00:00:00 +0000 UTC  } {PodScheduled True 0001-01-01 00:00:00 +0000 UTC 2019-06-27 13:01:46 +0000 UTC  }]&#xA;Jun 27 13:07:39.932: INFO: coredns-7554568866-9jjkk                                 ip-192-168-36-155.eu-west-1.compute.internal  Running         [{Initialized True 0001-01-01 00:00:00 +0000 UTC 2019-06-27 13:02:02 +0000 UTC  } {Ready True 0001-01-01 00:00:00 +0000 UTC 2019-06-27 13:02:35 +0000 UTC  } {ContainersReady True 0001-01-01 00:00:00 +0000 UTC 0001-01-01 00:00:00 +0000 UTC  } {PodScheduled True 0001-01-01 00:00:00 +0000 UTC 2019-06-27 13:02:02 +0000 UTC  }]&#xA;Jun 27 13:07:39.932: INFO: coredns-7554568866-jmnhq                                 ip-192-168-36-155.eu-west-1.compute.internal  Running         [{Initialized True 0001-01-01 00:00:00 +0000 UTC 2019-06-27 13:02:02 +0000 UTC  } {Ready True 0001-01-01 00:00:00 +0000 UTC 2019-06-27 13:02:35 +0000 UTC  } {ContainersReady True 0001-01-01 00:00:00 +0000 UTC 0001-01-01 00:00:00 +0000 UTC  } {PodScheduled True 0001-01-01 00:00:00 +0000 UTC 2019-06-27 13:02:02 +0000 UTC  }]&#xA;Jun 27 13:07:39.932: INFO: kube-proxy-6gkk2                                         ip-192-168-91-46.eu-west-1.compute.internal   Running         [{Initialized True 0001-01-01 00:00:00 +0000 UTC 2019-06-27 13:01:46 +0000 UTC  } {Ready True 0001-01-01 00:00:00 +0000 UTC 2019-06-27 13:01:53 +0000 UTC  } {ContainersReady True 0001-01-01 00:00:00 +0000 UTC 0001-01-01 00:00:00 +0000 UTC  } {PodScheduled True 0001-01-01 00:00:00 +0000 UTC 2019-06-27 13:01:46 +0000 UTC  }]&#xA;Jun 27 13:07:39.932: INFO: kube-proxy-hsdpx                                         ip-192-168-4-181.eu-west-1.compute.internal   Running         [{Initialized True 0001-01-01 00:00:00 +0000 UTC 2019-06-27 13:01:47 +0000 UTC  } {Ready True 0001-01-01 00:00:00 +0000 UTC 2019-06-27 13:02:07 +0000 UTC  } {ContainersReady True 0001-01-01 00:00:00 +0000 UTC 0001-01-01 00:00:00 +0000 UTC  } {PodScheduled True 0001-01-01 00:00:00 +0000 UTC 2019-06-27 13:01:47 +0000 UTC  }]&#xA;Jun 27 13:07:39.932: INFO: kube-proxy-nmspt                                         ip-192-168-36-155.eu-west-1.compute.internal  Running         [{Initialized True 0001-01-01 00:00:00 +0000 UTC 2019-06-27 13:01:42 +0000 UTC  } {Ready True 0001-01-01 00:00:00 +0000 UTC 2019-06-27 13:01:57 +0000 UTC  } {ContainersReady True 0001-01-01 00:00:00 +0000 UTC 0001-01-01 00:00:00 +0000 UTC  } {PodScheduled True 0001-01-01 00:00:00 +0000 UTC 2019-06-27 13:01:42 +0000 UTC  }]&#xA;Jun 27 13:07:39.932: INFO: &#xA;Jun 27 13:07:39.936: INFO: &#xA;Logging node info for node ip-192-168-36-155.eu-west-1.compute.internal&#xA;Jun 27 13:07:39.939: INFO: Node Info: &amp;Node{ObjectMeta:k8s_io_apimachinery_pkg_apis_meta_v1.ObjectMeta{Name:ip-192-168-36-155.eu-west-1.compute.internal,GenerateName:,Namespace:,SelfLink:/api/v1/nodes/ip-192-168-36-155.eu-west-1.compute.internal,UID:b593f596-98db-11e9-937e-0670889af56a,ResourceVersion:1629,Generation:0,CreationTimestamp:2019-06-27 13:01:42 +0000 UTC,DeletionTimestamp:&lt;nil&gt;,DeletionGracePeriodSeconds:nil,Labels:map[string]string{alpha.eksctl.io/cluster-name: prod,alpha.eksctl.io/instance-id: i-040f4999fd9ca7b30,alpha.eksctl.io/nodegroup-name: standard-workers,beta.kubernetes.io/arch: amd64,beta.kubernetes.io/instance-type: m4.large,beta.kubernetes.io/os: linux,failure-domain.beta.kubernetes.io/region: eu-west-1,failure-domain.beta.kubernetes.io/zone: eu-west-1c,kubernetes.io/hostname: ip-192-168-36-155.eu-west-1.compute.internal,},Annotations:map[string]string{node.alpha.kubernetes.io/ttl: 0,volumes.kubernetes.io/controller-managed-attach-detach: true,},OwnerReferences:[],Finalizers:[],ClusterName:,Initializers:nil,},Spec:NodeSpec{PodCIDR:,DoNotUse_ExternalID:,ProviderID:aws:///eu-west-1c/i-040f4999fd9ca7b30,Unschedulable:false,Taints:[],ConfigSource:nil,},Status:NodeStatus{Capacity:ResourceList{cpu: {{2 0} {&lt;nil&gt;} 2 DecimalSI},ephemeral-storage: {{21462233088 0} {&lt;nil&gt;} 20959212Ki BinarySI},hugepages-1Gi: {{0 0} {&lt;nil&gt;} 0 DecimalSI},hugepages-2Mi: {{0 0} {&lt;nil&gt;} 0 DecimalSI},memory: {{8362745856 0} {&lt;nil&gt;}  BinarySI},pods: {{20 0} {&lt;nil&gt;} 20 DecimalSI},},Allocatable:ResourceList{cpu: {{2 0} {&lt;nil&gt;} 2 DecimalSI},ephemeral-storage: {{19316009748 0} {&lt;nil&gt;} 19316009748 DecimalSI},hugepages-1Gi: {{0 0} {&lt;nil&gt;} 0 DecimalSI},hugepages-2Mi: {{0 0} {&lt;nil&gt;} 0 DecimalSI},memory: {{8257888256 0} {&lt;nil&gt;}  BinarySI},pods: {{20 0} {&lt;nil&gt;} 20 DecimalSI},},Phase:,Conditions:[{OutOfDisk False 2019-06-27 13:07:32 +0000 UTC 2019-06-27 13:01:42 +0000 UTC KubeletHasSufficientDisk kubelet has sufficient disk space available} {MemoryPressure False 2019-06-27 13:07:32 +0000 UTC 2019-06-27 13:01:42 +0000 UTC KubeletHasSufficientMemory kubelet has sufficient memory available} {DiskPressure False 2019-06-27 13:07:32 +0000 UTC 2019-06-27 13:01:42 +0000 UTC KubeletHasNoDiskPressure kubelet has no disk pressure} {PIDPressure False 2019-06-27 13:07:32 +0000 UTC 2019-06-27 13:01:42 +0000 UTC KubeletHasSufficientPID kubelet has sufficient PID available} {Ready True 2019-06-27 13:07:32 +0000 UTC 2019-06-27 13:02:02 +0000 UTC KubeletReady kubelet is posting ready status}],Addresses:[{InternalIP 192.168.36.155} {ExternalIP 34.247.178.236} {InternalDNS ip-192-168-36-155.eu-west-1.compute.internal} {ExternalDNS ec2-34-247-178-236.eu-west-1.compute.amazonaws.com} {Hostname ip-192-168-36-155.eu-west-1.compute.internal}],DaemonEndpoints:NodeDaemonEndpoints{KubeletEndpoint:DaemonEndpoint{Port:10250,},},NodeInfo:NodeSystemInfo{MachineID:c04224e3bdd14d09ad5e8c32097b238d,SystemUUID:EC2C8B3B-879D-112B-B4BB-E97C40FB1493,BootID:34f6e300-2dfe-44ed-b03b-44eeb69c16e3,KernelVersion:4.14.123-111.109.amzn2.x86_64,OSImage:Amazon Linux 2,ContainerRuntimeVersion:docker://18.6.1,KubeletVersion:v1.11.9,KubeProxyVersion:v1.11.9,OperatingSystem:linux,Architecture:amd64,},Images:[{[gcr.io/heptio-images/sonobuoy-plugin-systemd-logs@sha256:58e077ba773ff5d7b6bba90771fad72217f0d10b913bb66bb0afb387c9552788 gcr.io/heptio-images/sonobuoy-plugin-systemd-logs:latest] 290890605} {[602401143452.dkr.ecr.eu-west-1.amazonaws.com/amazon-k8s-cni@sha256:7652301be646d5796febc547a29781f4da6bdd61abc4940e22ec3098c884211e 602401143452.dkr.ecr.eu-west-1.amazonaws.com/amazon-k8s-cni:v1.4.1] 250829980} {[602401143452.dkr.ecr.eu-west-1.amazonaws.com/eks/kube-proxy@sha256:45be43d0609c92aad89cb8607a0452a59db46133cf9fede314367eb16fac5750 602401143452.dkr.ecr.eu-west-1.amazonaws.com/eks/kube-proxy:v1.11.5] 97950829} {[gcr.io/heptio-images/sonobuoy@sha256:d6d530b1ede4b82e9989aa1ba7ae4cd4fac09c6f7cb6a7c4f9270fff241e72c7 gcr.io/heptio-images/sonobuoy:v0.14.3] 89896078} {[602401143452.dkr.ecr.eu-west-1.amazonaws.com/eks/coredns@sha256:323985b6fd818047898e9154a47e438acf52cca8e60eda0c9acc9e5e2bec0914 602401143452.dkr.ecr.eu-west-1.amazonaws.com/eks/coredns:v1.1.3] 45578572} {[602401143452.dkr.ecr.eu-west-1.amazonaws.com/eks/pause-amd64@sha256:bea77c323c47f7b573355516acf927691182d1333333d1f41b7544012fab7adf 602401143452.dkr.ecr.eu-west-1.amazonaws.com/eks/pause-amd64:3.1] 742472}],VolumesInUse:[],VolumesAttached:[],Config:nil,},}&#xA;Jun 27 13:07:39.939: INFO: &#xA;Logging kubelet events for node ip-192-168-36-155.eu-west-1.compute.internal&#xA;Jun 27 13:07:39.945: INFO: &#xA;Logging pods the kubelet thinks is on node ip-192-168-36-155.eu-west-1.compute.internal&#xA;Jun 27 13:07:39.961: INFO: kube-proxy-nmspt started at 2019-06-27 13:01:42 +0000 UTC (0+1 container statuses recorded)&#xA;Jun 27 13:07:39.961: INFO: &#x9;Container kube-proxy ready: true, restart count 0&#xA;Jun 27 13:07:39.961: INFO: coredns-7554568866-9jjkk started at 2019-06-27 13:02:02 +0000 UTC (0+1 container statuses recorded)&#xA;Jun 27 13:07:39.961: INFO: &#x9;Container coredns ready: true, restart count 0&#xA;Jun 27 13:07:39.961: INFO: coredns-7554568866-jmnhq started at 2019-06-27 13:02:02 +0000 UTC (0+1 container statuses recorded)&#xA;Jun 27 13:07:39.961: INFO: &#x9;Container coredns ready: true, restart count 0&#xA;Jun 27 13:07:39.961: INFO: sonobuoy-systemd-logs-daemon-set-5429b9b6a196480b-fddbg started at 2019-06-27 13:06:26 +0000 UTC (0+2 container statuses recorded)&#xA;Jun 27 13:07:39.961: INFO: &#x9;Container sonobuoy-worker ready: true, restart count 0&#xA;Jun 27 13:07:39.961: INFO: &#x9;Container systemd-logs ready: true, restart count 0&#xA;Jun 27 13:07:39.961: INFO: aws-node-q99tl started at 2019-06-27 13:01:42 +0000 UTC (0+1 container statuses recorded)&#xA;Jun 27 13:07:39.961: INFO: &#x9;Container aws-node ready: true, restart count 0&#xA;Jun 27 13:07:40.000: INFO: &#xA;Latency metrics for node ip-192-168-36-155.eu-west-1.compute.internal&#xA;Jun 27 13:07:40.000: INFO: {Operation: Method:pod_start_latency_microseconds Quantile:0.9 Latency:33.491715s}&#xA;Jun 27 13:07:40.000: INFO: {Operation: Method:pod_start_latency_microseconds Quantile:0.99 Latency:33.491715s}&#xA;Jun 27 13:07:40.000: INFO: &#xA;Logging node info for node ip-192-168-4-181.eu-west-1.compute.internal&#xA;Jun 27 13:07:40.004: INFO: Node Info: &amp;Node{ObjectMeta:k8s_io_apimachinery_pkg_apis_meta_v1.ObjectMeta{Name:ip-192-168-4-181.eu-west-1.compute.internal,GenerateName:,Namespace:,SelfLink:/api/v1/nodes/ip-192-168-4-181.eu-west-1.compute.internal,UID:b8b14640-98db-11e9-937e-0670889af56a,ResourceVersion:1642,Generation:0,CreationTimestamp:2019-06-27 13:01:47 +0000 UTC,DeletionTimestamp:&lt;nil&gt;,DeletionGracePeriodSeconds:nil,Labels:map[string]string{alpha.eksctl.io/cluster-name: prod,alpha.eksctl.io/instance-id: i-0cb0c6b22db842eb2,alpha.eksctl.io/nodegroup-name: standard-workers,beta.kubernetes.io/arch: amd64,beta.kubernetes.io/instance-type: m4.large,beta.kubernetes.io/os: linux,failure-domain.beta.kubernetes.io/region: eu-west-1,failure-domain.beta.kubernetes.io/zone: eu-west-1b,kubernetes.io/hostname: ip-192-168-4-181.eu-west-1.compute.internal,},Annotations:map[string]string{node.alpha.kubernetes.io/ttl: 0,volumes.kubernetes.io/controller-managed-attach-detach: true,},OwnerReferences:[],Finalizers:[],ClusterName:,Initializers:nil,},Spec:NodeSpec{PodCIDR:,DoNotUse_ExternalID:,ProviderID:aws:///eu-west-1b/i-0cb0c6b22db842eb2,Unschedulable:false,Taints:[],ConfigSource:nil,},Status:NodeStatus{Capacity:ResourceList{cpu: {{2 0} {&lt;nil&gt;} 2 DecimalSI},ephemeral-storage: {{21462233088 0} {&lt;nil&gt;} 20959212Ki BinarySI},hugepages-1Gi: {{0 0} {&lt;nil&gt;} 0 DecimalSI},hugepages-2Mi: {{0 0} {&lt;nil&gt;} 0 DecimalSI},memory: {{8362745856 0} {&lt;nil&gt;}  BinarySI},pods: {{20 0} {&lt;nil&gt;} 20 DecimalSI},},Allocatable:ResourceList{cpu: {{2 0} {&lt;nil&gt;} 2 DecimalSI},ephemeral-storage: {{19316009748 0} {&lt;nil&gt;} 19316009748 DecimalSI},hugepages-1Gi: {{0 0} {&lt;nil&gt;} 0 DecimalSI},hugepages-2Mi: {{0 0} {&lt;nil&gt;} 0 DecimalSI},memory: {{8257888256 0} {&lt;nil&gt;}  BinarySI},pods: {{20 0} {&lt;nil&gt;} 20 DecimalSI},},Phase:,Conditions:[{OutOfDisk False 2019-06-27 13:07:34 +0000 UTC 2019-06-27 13:01:47 +0000 UTC KubeletHasSufficientDisk kubelet has sufficient disk space available} {MemoryPressure False 2019-06-27 13:07:34 +0000 UTC 2019-06-27 13:01:47 +0000 UTC KubeletHasSufficientMemory kubelet has sufficient memory available} {DiskPressure False 2019-06-27 13:07:34 +0000 UTC 2019-06-27 13:01:47 +0000 UTC KubeletHasNoDiskPressure kubelet has no disk pressure} {PIDPressure False 2019-06-27 13:07:34 +0000 UTC 2019-06-27 13:01:47 +0000 UTC KubeletHasSufficientPID kubelet has sufficient PID available} {Ready True 2019-06-27 13:07:34 +0000 UTC 2019-06-27 13:02:13 +0000 UTC KubeletReady kubelet is posting ready status}],Addresses:[{InternalIP 192.168.4.181} {ExternalIP 34.250.138.93} {InternalDNS ip-192-168-4-181.eu-west-1.compute.internal} {ExternalDNS ec2-34-250-138-93.eu-west-1.compute.amazonaws.com} {Hostname ip-192-168-4-181.eu-west-1.compute.internal}],DaemonEndpoints:NodeDaemonEndpoints{KubeletEndpoint:DaemonEndpoint{Port:10250,},},NodeInfo:NodeSystemInfo{MachineID:3767ceefd8ec45bebd112e6cf10ed00f,SystemUUID:EC24BCC3-A895-2B94-0353-CF016F1EC288,BootID:557e546d-3540-406f-8f10-8386cfa18e51,KernelVersion:4.14.123-111.109.amzn2.x86_64,OSImage:Amazon Linux 2,ContainerRuntimeVersion:docker://18.6.1,KubeletVersion:v1.11.9,KubeProxyVersion:v1.11.9,OperatingSystem:linux,Architecture:amd64,},Images:[{[gcr.io/heptio-images/kube-conformance@sha256:e208e87718fee7fe922ad69f740ca23e5843d05faa014ef23a37cdd017944946 gcr.io/heptio-images/kube-conformance:v1.11] 532217543} {[gcr.io/heptio-images/sonobuoy-plugin-systemd-logs@sha256:58e077ba773ff5d7b6bba90771fad72217f0d10b913bb66bb0afb387c9552788 gcr.io/heptio-images/sonobuoy-plugin-systemd-logs:latest] 290890605} {[602401143452.dkr.ecr.eu-west-1.amazonaws.com/amazon-k8s-cni@sha256:7652301be646d5796febc547a29781f4da6bdd61abc4940e22ec3098c884211e 602401143452.dkr.ecr.eu-west-1.amazonaws.com/amazon-k8s-cni:v1.4.1] 250829980} {[k8s.gcr.io/nginx-slim-amd64@sha256:6654db6d4028756062edac466454ee5c9cf9b20ef79e35a81e3c840031eb1e2b k8s.gcr.io/nginx-slim-amd64:0.20] 103591055} {[602401143452.dkr.ecr.eu-west-1.amazonaws.com/eks/kube-proxy@sha256:45be43d0609c92aad89cb8607a0452a59db46133cf9fede314367eb16fac5750 602401143452.dkr.ecr.eu-west-1.amazonaws.com/eks/kube-proxy:v1.11.5] 97950829} {[gcr.io/heptio-images/sonobuoy@sha256:d6d530b1ede4b82e9989aa1ba7ae4cd4fac09c6f7cb6a7c4f9270fff241e72c7 gcr.io/heptio-images/sonobuoy:v0.14.3] 89896078} {[gcr.io/kubernetes-e2e-test-images/redis-amd64@sha256:2238f5a02d2648d41cc94a88f084060fbfa860890220328eb92696bf2ac649c9 gcr.io/kubernetes-e2e-test-images/redis-amd64:1.0] 5905732} {[602401143452.dkr.ecr.eu-west-1.amazonaws.com/eks/pause-amd64@sha256:bea77c323c47f7b573355516acf927691182d1333333d1f41b7544012fab7adf 602401143452.dkr.ecr.eu-west-1.amazonaws.com/eks/pause-amd64:3.1] 742472}],VolumesInUse:[],VolumesAttached:[],Config:nil,},}&#xA;Jun 27 13:07:40.004: INFO: &#xA;Logging kubelet events for node ip-192-168-4-181.eu-west-1.compute.internal&#xA;Jun 27 13:07:40.011: INFO: &#xA;Logging pods the kubelet thinks is on node ip-192-168-4-181.eu-west-1.compute.internal&#xA;Jun 27 13:07:40.023: INFO: kube-proxy-hsdpx started at 2019-06-27 13:01:47 +0000 UTC (0+1 container statuses recorded)&#xA;Jun 27 13:07:40.023: INFO: &#x9;Container kube-proxy ready: true, restart count 0&#xA;Jun 27 13:07:40.023: INFO: aws-node-cbsdw started at 2019-06-27 13:01:47 +0000 UTC (0+1 container statuses recorded)&#xA;Jun 27 13:07:40.023: INFO: &#x9;Container aws-node ready: true, restart count 0&#xA;Jun 27 13:07:40.023: INFO: sonobuoy-e2e-job-0edb791827654f66 started at 2019-06-27 13:06:26 +0000 UTC (0+2 container statuses recorded)&#xA;Jun 27 13:07:40.023: INFO: &#x9;Container e2e ready: true, restart count 0&#xA;Jun 27 13:07:40.023: INFO: &#x9;Container sonobuoy-worker ready: true, restart count 0&#xA;Jun 27 13:07:40.023: INFO: sonobuoy-systemd-logs-daemon-set-5429b9b6a196480b-pgnvh started at 2019-06-27 13:06:26 +0000 UTC (0+2 container statuses recorded)&#xA;Jun 27 13:07:40.023: INFO: &#x9;Container sonobuoy-worker ready: true, restart count 0&#xA;Jun 27 13:07:40.023: INFO: &#x9;Container systemd-logs ready: true, restart count 0&#xA;Jun 27 13:07:40.056: INFO: &#xA;Latency metrics for node ip-192-168-4-181.eu-west-1.compute.internal&#xA;Jun 27 13:07:40.056: INFO: {Operation: Method:pod_start_latency_microseconds Quantile:0.99 Latency:35.279348s}&#xA;Jun 27 13:07:40.056: INFO: {Operation: Method:pod_start_latency_microseconds Quantile:0.9 Latency:14.05483s}&#xA;Jun 27 13:07:40.056: INFO: &#xA;Logging node info for node ip-192-168-91-46.eu-west-1.compute.internal&#xA;Jun 27 13:07:40.060: INFO: Node Info: &amp;Node{ObjectMeta:k8s_io_apimachinery_pkg_apis_meta_v1.ObjectMeta{Name:ip-192-168-91-46.eu-west-1.compute.internal,GenerateName:,Namespace:,SelfLink:/api/v1/nodes/ip-192-168-91-46.eu-west-1.compute.internal,UID:b7ec09d6-98db-11e9-bc9f-0a0a51e0c42a,ResourceVersion:1645,Generation:0,CreationTimestamp:2019-06-27 13:01:46 +0000 UTC,DeletionTimestamp:&lt;nil&gt;,DeletionGracePeriodSeconds:nil,Labels:map[string]string{alpha.eksctl.io/cluster-name: prod,alpha.eksctl.io/instance-id: i-073efdc0fa65914cf,alpha.eksctl.io/nodegroup-name: standard-workers,beta.kubernetes.io/arch: amd64,beta.kubernetes.io/instance-type: m4.large,beta.kubernetes.io/os: linux,failure-domain.beta.kubernetes.io/region: eu-west-1,failure-domain.beta.kubernetes.io/zone: eu-west-1a,kubernetes.io/hostname: ip-192-168-91-46.eu-west-1.compute.internal,},Annotations:map[string]string{node.alpha.kubernetes.io/ttl: 0,volumes.kubernetes.io/controller-managed-attach-detach: true,},OwnerReferences:[],Finalizers:[],ClusterName:,Initializers:nil,},Spec:NodeSpec{PodCIDR:,DoNotUse_ExternalID:,ProviderID:aws:///eu-west-1a/i-073efdc0fa65914cf,Unschedulable:false,Taints:[],ConfigSource:nil,},Status:NodeStatus{Capacity:ResourceList{cpu: {{2 0} {&lt;nil&gt;} 2 DecimalSI},ephemeral-storage: {{21462233088 0} {&lt;nil&gt;} 20959212Ki BinarySI},hugepages-1Gi: {{0 0} {&lt;nil&gt;} 0 DecimalSI},hugepages-2Mi: {{0 0} {&lt;nil&gt;} 0 DecimalSI},memory: {{8362745856 0} {&lt;nil&gt;}  BinarySI},pods: {{20 0} {&lt;nil&gt;} 20 DecimalSI},},Allocatable:ResourceList{cpu: {{2 0} {&lt;nil&gt;} 2 DecimalSI},ephemeral-storage: {{19316009748 0} {&lt;nil&gt;} 19316009748 DecimalSI},hugepages-1Gi: {{0 0} {&lt;nil&gt;} 0 DecimalSI},hugepages-2Mi: {{0 0} {&lt;nil&gt;} 0 DecimalSI},memory: {{8257888256 0} {&lt;nil&gt;}  BinarySI},pods: {{20 0} {&lt;nil&gt;} 20 DecimalSI},},Phase:,Conditions:[{OutOfDisk False 2019-06-27 13:07:36 +0000 UTC 2019-06-27 13:01:46 +0000 UTC KubeletHasSufficientDisk kubelet has sufficient disk space available} {MemoryPressure False 2019-06-27 13:07:36 +0000 UTC 2019-06-27 13:01:46 +0000 UTC KubeletHasSufficientMemory kubelet has sufficient memory available} {DiskPressure False 2019-06-27 13:07:36 +0000 UTC 2019-06-27 13:01:46 +0000 UTC KubeletHasNoDiskPressure kubelet has no disk pressure} {PIDPressure False 2019-06-27 13:07:36 +0000 UTC 2019-06-27 13:01:46 +0000 UTC KubeletHasSufficientPID kubelet has sufficient PID available} {Ready True 2019-06-27 13:07:36 +0000 UTC 2019-06-27 13:02:06 +0000 UTC KubeletReady kubelet is posting ready status}],Addresses:[{InternalIP 192.168.91.46} {ExternalIP 18.202.174.126} {InternalDNS ip-192-168-91-46.eu-west-1.compute.internal} {ExternalDNS ec2-18-202-174-126.eu-west-1.compute.amazonaws.com} {Hostname ip-192-168-91-46.eu-west-1.compute.internal}],DaemonEndpoints:NodeDaemonEndpoints{KubeletEndpoint:DaemonEndpoint{Port:10250,},},NodeInfo:NodeSystemInfo{MachineID:7d187190deab40e4b068250c49c607cc,SystemUUID:EC25337B-54F1-9869-B38A-B9C2A4E03011,BootID:cae115f8-431b-4d9c-83a5-5173e9048141,KernelVersion:4.14.123-111.109.amzn2.x86_64,OSImage:Amazon Linux 2,ContainerRuntimeVersion:docker://18.6.1,KubeletVersion:v1.11.9,KubeProxyVersion:v1.11.9,OperatingSystem:linux,Architecture:amd64,},Images:[{[gcr.io/heptio-images/sonobuoy-plugin-systemd-logs@sha256:58e077ba773ff5d7b6bba90771fad72217f0d10b913bb66bb0afb387c9552788 gcr.io/heptio-images/sonobuoy-plugin-systemd-logs:latest] 290890605} {[602401143452.dkr.ecr.eu-west-1.amazonaws.com/amazon-k8s-cni@sha256:7652301be646d5796febc547a29781f4da6bdd61abc4940e22ec3098c884211e 602401143452.dkr.ecr.eu-west-1.amazonaws.com/amazon-k8s-cni:v1.4.1] 250829980} {[k8s.gcr.io/nginx-slim-amd64@sha256:6654db6d4028756062edac466454ee5c9cf9b20ef79e35a81e3c840031eb1e2b k8s.gcr.io/nginx-slim-amd64:0.20] 103591055} {[602401143452.dkr.ecr.eu-west-1.amazonaws.com/eks/kube-proxy@sha256:45be43d0609c92aad89cb8607a0452a59db46133cf9fede314367eb16fac5750 602401143452.dkr.ecr.eu-west-1.amazonaws.com/eks/kube-proxy:v1.11.5] 97950829} {[gcr.io/heptio-images/sonobuoy@sha256:d6d530b1ede4b82e9989aa1ba7ae4cd4fac09c6f7cb6a7c4f9270fff241e72c7 gcr.io/heptio-images/sonobuoy:v0.14.3] 89896078} {[gcr.io/kubernetes-e2e-test-images/redis-amd64@sha256:2238f5a02d2648d41cc94a88f084060fbfa860890220328eb92696bf2ac649c9 gcr.io/kubernetes-e2e-test-images/redis-amd64:1.0] 5905732} {[602401143452.dkr.ecr.eu-west-1.amazonaws.com/eks/pause-amd64@sha256:bea77c323c47f7b573355516acf927691182d1333333d1f41b7544012fab7adf 602401143452.dkr.ecr.eu-west-1.amazonaws.com/eks/pause-amd64:3.1] 742472}],VolumesInUse:[kubernetes.io/aws-ebs/aws://eu-west-1a/vol-0718c9abb967e0823],VolumesAttached:[{kubernetes.io/aws-ebs/aws://eu-west-1a/vol-0718c9abb967e0823 /dev/xvdco}],Config:nil,},}&#xA;Jun 27 13:07:40.060: INFO: &#xA;Logging kubelet events for node ip-192-168-91-46.eu-west-1.compute.internal&#xA;Jun 27 13:07:40.065: INFO: &#xA;Logging pods the kubelet thinks is on node ip-192-168-91-46.eu-west-1.compute.internal&#xA;Jun 27 13:07:40.079: INFO: sonobuoy started at 2019-06-27 13:05:45 +0000 UTC (0+1 container statuses recorded)&#xA;Jun 27 13:07:40.079: INFO: &#x9;Container kube-sonobuoy ready: true, restart count 0&#xA;Jun 27 13:07:40.079: INFO: sonobuoy-systemd-logs-daemon-set-5429b9b6a196480b-j84c7 started at 2019-06-27 13:06:26 +0000 UTC (0+2 container statuses recorded)&#xA;Jun 27 13:07:40.079: INFO: &#x9;Container sonobuoy-worker ready: true, restart count 0&#xA;Jun 27 13:07:40.079: INFO: &#x9;Container systemd-logs ready: true, restart count 0&#xA;Jun 27 13:07:40.079: INFO: kube-proxy-6gkk2 started at 2019-06-27 13:01:46 +0000 UTC (0+1 container statuses recorded)&#xA;Jun 27 13:07:40.079: INFO: &#x9;Container kube-proxy ready: true, restart count 0&#xA;Jun 27 13:07:40.079: INFO: aws-node-tqw6f started at 2019-06-27 13:01:46 +0000 UTC (0+1 container statuses recorded)&#xA;Jun 27 13:07:40.079: INFO: &#x9;Container aws-node ready: true, restart count 0&#xA;Jun 27 13:07:40.102: INFO: &#xA;Latency metrics for node ip-192-168-91-46.eu-west-1.compute.internal&#xA;Jun 27 13:07:40.102: INFO: {Operation: Method:pod_start_latency_microseconds Quantile:0.99 Latency:15.496944s}&#xA;Jun 27 13:07:40.102: INFO: {Operation: Method:pod_start_latency_microseconds Quantile:0.9 Latency:13.659134s}&#xA;STEP: Dumping a list of prepulled images on each node to file /tmp/results/image-puller.txt&#xA;Jun 27 13:07:40.107: INFO: Waiting up to 3m0s for all (but 0) nodes to be ready&#xA;STEP: Destroying namespace &#34;e2e-tests-stateful-upgrade-gt9l2&#34; for this suite.&#xA;Jun 27 13:07:46.126: INFO: Waiting up to 30s for server preferred namespaced resources to be successfully discovered&#xA;Jun 27 13:07:46.227: INFO: namespace: e2e-tests-stateful-upgrade-gt9l2, resource: bindings, ignored listing per whitelist&#xA;Jun 27 13:07:46.257: INFO: namespace e2e-tests-stateful-upgrade-gt9l2 deletion completed in 6.146538041s&#xA;[AfterEach] [sig-apps] stateful Upgrade [Feature:StatefulUpgrade]&#xA;  /workspace/anago-v1.11.3-beta.0.71+a4529464e4629c/src/k8s.io/kubernetes/_output/dockerized/go/src/k8s.io/kubernetes/test/e2e/framework/framework.go:142&#xA;STEP: Collecting events from namespace &#34;e2e-tests-mysql-upgrade-7gm4q&#34;.&#xA;STEP: Found 0 events.&#xA;Jun 27 13:07:46.282: INFO: POD                                                      NODE                                          PHASE    GRACE  CONDITIONS&#xA;Jun 27 13:07:46.283: INFO: sonobuoy                                                 ip-192-168-91-46.eu-west-1.compute.internal   Running         [{Initialized True 0001-01-01 00:00:00 +0000 UTC 2019-06-27 13:05:45 +0000 UTC  } {Ready True 0001-01-01 00:00:00 +0000 UTC 2019-06-27 13:06:26 +0000 UTC  } {ContainersReady True 0001-01-01 00:00:00 +0000 UTC 0001-01-01 00:00:00 +0000 UTC  } {PodScheduled True 0001-01-01 00:00:00 +0000 UTC 2019-06-27 13:05:45 +0000 UTC  }]&#xA;Jun 27 13:07:46.283: INFO: sonobuoy-e2e-job-0edb791827654f66                        ip-192-168-4-181.eu-west-1.compute.internal   Running         [{Initialized True 0001-01-01 00:00:00 +0000 UTC 2019-06-27 13:06:26 +0000 UTC  } {Ready True 0001-01-01 00:00:00 +0000 UTC 2019-06-27 13:07:02 +0000 UTC  } {ContainersReady True 0001-01-01 00:00:00 +0000 UTC 0001-01-01 00:00:00 +0000 UTC  } {PodScheduled True 0001-01-01 00:00:00 +0000 UTC 2019-06-27 13:06:26 +0000 UTC  }]&#xA;Jun 27 13:07:46.283: INFO: sonobuoy-systemd-logs-daemon-set-5429b9b6a196480b-fddbg  ip-192-168-36-155.eu-west-1.compute.internal  Running         [{Initialized True 0001-01-01 00:00:00 +0000 UTC 2019-06-27 13:06:26 +0000 UTC  } {Ready True 0001-01-01 00:00:00 +0000 UTC 2019-06-27 13:06:46 +0000 UTC  } {ContainersReady True 0001-01-01 00:00:00 +0000 UTC 0001-01-01 00:00:00 +0000 UTC  } {PodScheduled True 0001-01-01 00:00:00 +0000 UTC 2019-06-27 13:06:26 +0000 UTC  }]&#xA;Jun 27 13:07:46.283: INFO: sonobuoy-systemd-logs-daemon-set-5429b9b6a196480b-j84c7  ip-192-168-91-46.eu-west-1.compute.internal   Running         [{Initialized True 0001-01-01 00:00:00 +0000 UTC 2019-06-27 13:06:26 +0000 UTC  } {Ready True 0001-01-01 00:00:00 +0000 UTC 2019-06-27 13:06:42 +0000 UTC  } {ContainersReady True 0001-01-01 00:00:00 +0000 UTC 0001-01-01 00:00:00 +0000 UTC  } {PodScheduled True 0001-01-01 00:00:00 +0000 UTC 2019-06-27 13:06:26 +0000 UTC  }]&#xA;Jun 27 13:07:46.283: INFO: sonobuoy-systemd-logs-daemon-set-5429b9b6a196480b-pgnvh  ip-192-168-4-181.eu-west-1.compute.internal   Running         [{Initialized True 0001-01-01 00:00:00 +0000 UTC 2019-06-27 13:06:26 +0000 UTC  } {Ready True 0001-01-01 00:00:00 +0000 UTC 2019-06-27 13:07:01 +0000 UTC  } {ContainersReady True 0001-01-01 00:00:00 +0000 UTC 0001-01-01 00:00:00 +0000 UTC  } {PodScheduled True 0001-01-01 00:00:00 +0000 UTC 2019-06-27 13:06:26 +0000 UTC  }]&#xA;Jun 27 13:07:46.283: INFO: aws-node-cbsdw                                           ip-192-168-4-181.eu-west-1.compute.internal   Running         [{Initialized True 0001-01-01 00:00:00 +0000 UTC 2019-06-27 13:01:47 +0000 UTC  } {Ready True 0001-01-01 00:00:00 +0000 UTC 2019-06-27 13:02:06 +0000 UTC  } {ContainersReady True 0001-01-01 00:00:00 +0000 UTC 0001-01-01 00:00:00 +0000 UTC  } {PodScheduled True 0001-01-01 00:00:00 +0000 UTC 2019-06-27 13:01:47 +0000 UTC  }]&#xA;Jun 27 13:07:46.283: INFO: aws-node-q99tl                                           ip-192-168-36-155.eu-west-1.compute.internal  Running         [{Initialized True 0001-01-01 00:00:00 +0000 UTC 2019-06-27 13:01:42 +0000 UTC  } {Ready True 0001-01-01 00:00:00 +0000 UTC 2019-06-27 13:01:56 +0000 UTC  } {ContainersReady True 0001-01-01 00:00:00 +0000 UTC 0001-01-01 00:00:00 +0000 UTC  } {PodScheduled True 0001-01-01 00:00:00 +0000 UTC 2019-06-27 13:01:42 +0000 UTC  }]&#xA;Jun 27 13:07:46.283: INFO: aws-node-tqw6f                                           ip-192-168-91-46.eu-west-1.compute.internal   Running         [{Initialized True 0001-01-01 00:00:00 +0000 UTC 2019-06-27 13:01:46 +0000 UTC  } {Ready True 0001-01-01 00:00:00 +0000 UTC 2019-06-27 13:01:59 +0000 UTC  } {ContainersReady True 0001-01-01 00:00:00 +0000 UTC 0001-01-01 00:00:00 +0000 UTC  } {PodScheduled True 0001-01-01 00:00:00 +0000 UTC 2019-06-27 13:01:46 +0000 UTC  }]&#xA;Jun 27 13:07:46.283: INFO: coredns-7554568866-9jjkk                                 ip-192-168-36-155.eu-west-1.compute.internal  Running         [{Initialized True 0001-01-01 00:00:00 +0000 UTC 2019-06-27 13:02:02 +0000 UTC  } {Ready True 0001-01-01 00:00:00 +0000 UTC 2019-06-27 13:02:35 +0000 UTC  } {ContainersReady True 0001-01-01 00:00:00 +0000 UTC 0001-01-01 00:00:00 +0000 UTC  } {PodScheduled True 0001-01-01 00:00:00 +0000 UTC 2019-06-27 13:02:02 +0000 UTC  }]&#xA;Jun 27 13:07:46.283: INFO: coredns-7554568866-jmnhq                                 ip-192-168-36-155.eu-west-1.compute.internal  Running         [{Initialized True 0001-01-01 00:00:00 +0000 UTC 2019-06-27 13:02:02 +0000 UTC  } {Ready True 0001-01-01 00:00:00 +0000 UTC 2019-06-27 13:02:35 +0000 UTC  } {ContainersReady True 0001-01-01 00:00:00 +0000 UTC 0001-01-01 00:00:00 +0000 UTC  } {PodScheduled True 0001-01-01 00:00:00 +0000 UTC 2019-06-27 13:02:02 +0000 UTC  }]&#xA;Jun 27 13:07:46.283: INFO: kube-proxy-6gkk2                                         ip-192-168-91-46.eu-west-1.compute.internal   Running         [{Initialized True 0001-01-01 00:00:00 +0000 UTC 2019-06-27 13:01:46 +0000 UTC  } {Ready True 0001-01-01 00:00:00 +0000 UTC 2019-06-27 13:01:53 +0000 UTC  } {ContainersReady True 0001-01-01 00:00:00 +0000 UTC 0001-01-01 00:00:00 +0000 UTC  } {PodScheduled True 0001-01-01 00:00:00 +0000 UTC 2019-06-27 13:01:46 +0000 UTC  }]&#xA;Jun 27 13:07:46.283: INFO: kube-proxy-hsdpx                                         ip-192-168-4-181.eu-west-1.compute.internal   Running         [{Initialized True 0001-01-01 00:00:00 +0000 UTC 2019-06-27 13:01:47 +0000 UTC  } {Ready True 0001-01-01 00:00:00 +0000 UTC 2019-06-27 13:02:07 +0000 UTC  } {ContainersReady True 0001-01-01 00:00:00 +0000 UTC 0001-01-01 00:00:00 +0000 UTC  } {PodScheduled True 0001-01-01 00:00:00 +0000 UTC 2019-06-27 13:01:47 +0000 UTC  }]&#xA;Jun 27 13:07:46.283: INFO: kube-proxy-nmspt                                         ip-192-168-36-155.eu-west-1.compute.internal  Running         [{Initialized True 0001-01-01 00:00:00 +0000 UTC 2019-06-27 13:01:42 +0000 UTC  } {Ready True 0001-01-01 00:00:00 +0000 UTC 2019-06-27 13:01:57 +0000 UTC  } {ContainersReady True 0001-01-01 00:00:00 +0000 UTC 0001-01-01 00:00:00 +0000 UTC  } {PodScheduled True 0001-01-01 00:00:00 +0000 UTC 2019-06-27 13:01:42 +0000 UTC  }]&#xA;Jun 27 13:07:46.283: INFO: &#xA;Jun 27 13:07:46.287: INFO: &#xA;Logging node info for node ip-192-168-36-155.eu-west-1.compute.internal&#xA;Jun 27 13:07:46.290: INFO: Node Info: &amp;Node{ObjectMeta:k8s_io_apimachinery_pkg_apis_meta_v1.ObjectMeta{Name:ip-192-168-36-155.eu-west-1.compute.internal,GenerateName:,Namespace:,SelfLink:/api/v1/nodes/ip-192-168-36-155.eu-west-1.compute.internal,UID:b593f596-98db-11e9-937e-0670889af56a,ResourceVersion:1676,Generation:0,CreationTimestamp:2019-06-27 13:01:42 +0000 UTC,DeletionTimestamp:&lt;nil&gt;,DeletionGracePeriodSeconds:nil,Labels:map[string]string{alpha.eksctl.io/cluster-name: prod,alpha.eksctl.io/instance-id: i-040f4999fd9ca7b30,alpha.eksctl.io/nodegroup-name: standard-workers,beta.kubernetes.io/arch: amd64,beta.kubernetes.io/instance-type: m4.large,beta.kubernetes.io/os: linux,failure-domain.beta.kubernetes.io/region: eu-west-1,failure-domain.beta.kubernetes.io/zone: eu-west-1c,kubernetes.io/hostname: ip-192-168-36-155.eu-west-1.compute.internal,},Annotations:map[string]string{node.alpha.kubernetes.io/ttl: 0,volumes.kubernetes.io/controller-managed-attach-detach: true,},OwnerReferences:[],Finalizers:[],ClusterName:,Initializers:nil,},Spec:NodeSpec{PodCIDR:,DoNotUse_ExternalID:,ProviderID:aws:///eu-west-1c/i-040f4999fd9ca7b30,Unschedulable:false,Taints:[],ConfigSource:nil,},Status:NodeStatus{Capacity:ResourceList{cpu: {{2 0} {&lt;nil&gt;} 2 DecimalSI},ephemeral-storage: {{21462233088 0} {&lt;nil&gt;} 20959212Ki BinarySI},hugepages-1Gi: {{0 0} {&lt;nil&gt;} 0 DecimalSI},hugepages-2Mi: {{0 0} {&lt;nil&gt;} 0 DecimalSI},memory: {{8362745856 0} {&lt;nil&gt;}  BinarySI},pods: {{20 0} {&lt;nil&gt;} 20 DecimalSI},},Allocatable:ResourceList{cpu: {{2 0} {&lt;nil&gt;} 2 DecimalSI},ephemeral-storage: {{19316009748 0} {&lt;nil&gt;} 19316009748 DecimalSI},hugepages-1Gi: {{0 0} {&lt;nil&gt;} 0 DecimalSI},hugepages-2Mi: {{0 0} {&lt;nil&gt;} 0 DecimalSI},memory: {{8257888256 0} {&lt;nil&gt;}  BinarySI},pods: {{20 0} {&lt;nil&gt;} 20 DecimalSI},},Phase:,Conditions:[{OutOfDisk False 2019-06-27 13:07:42 +0000 UTC 2019-06-27 13:01:42 +0000 UTC KubeletHasSufficientDisk kubelet has sufficient disk space available} {MemoryPressure False 2019-06-27 13:07:42 +0000 UTC 2019-06-27 13:01:42 +0000 UTC KubeletHasSufficientMemory kubelet has sufficient memory available} {DiskPressure False 2019-06-27 13:07:42 +0000 UTC 2019-06-27 13:01:42 +0000 UTC KubeletHasNoDiskPressure kubelet has no disk pressure} {PIDPressure False 2019-06-27 13:07:42 +0000 UTC 2019-06-27 13:01:42 +0000 UTC KubeletHasSufficientPID kubelet has sufficient PID available} {Ready True 2019-06-27 13:07:42 +0000 UTC 2019-06-27 13:02:02 +0000 UTC KubeletReady kubelet is posting ready status}],Addresses:[{InternalIP 192.168.36.155} {ExternalIP 34.247.178.236} {InternalDNS ip-192-168-36-155.eu-west-1.compute.internal} {ExternalDNS ec2-34-247-178-236.eu-west-1.compute.amazonaws.com} {Hostname ip-192-168-36-155.eu-west-1.compute.internal}],DaemonEndpoints:NodeDaemonEndpoints{KubeletEndpoint:DaemonEndpoint{Port:10250,},},NodeInfo:NodeSystemInfo{MachineID:c04224e3bdd14d09ad5e8c32097b238d,SystemUUID:EC2C8B3B-879D-112B-B4BB-E97C40FB1493,BootID:34f6e300-2dfe-44ed-b03b-44eeb69c16e3,KernelVersion:4.14.123-111.109.amzn2.x86_64,OSImage:Amazon Linux 2,ContainerRuntimeVersion:docker://18.6.1,KubeletVersion:v1.11.9,KubeProxyVersion:v1.11.9,OperatingSystem:linux,Architecture:amd64,},Images:[{[gcr.io/heptio-images/sonobuoy-plugin-systemd-logs@sha256:58e077ba773ff5d7b6bba90771fad72217f0d10b913bb66bb0afb387c9552788 gcr.io/heptio-images/sonobuoy-plugin-systemd-logs:latest] 290890605} {[602401143452.dkr.ecr.eu-west-1.amazonaws.com/amazon-k8s-cni@sha256:7652301be646d5796febc547a29781f4da6bdd61abc4940e22ec3098c884211e 602401143452.dkr.ecr.eu-west-1.amazonaws.com/amazon-k8s-cni:v1.4.1] 250829980} {[602401143452.dkr.ecr.eu-west-1.amazonaws.com/eks/kube-proxy@sha256:45be43d0609c92aad89cb8607a0452a59db46133cf9fede314367eb16fac5750 602401143452.dkr.ecr.eu-west-1.amazonaws.com/eks/kube-proxy:v1.11.5] 97950829} {[gcr.io/heptio-images/sonobuoy@sha256:d6d530b1ede4b82e9989aa1ba7ae4cd4fac09c6f7cb6a7c4f9270fff241e72c7 gcr.io/heptio-images/sonobuoy:v0.14.3] 89896078} {[602401143452.dkr.ecr.eu-west-1.amazonaws.com/eks/coredns@sha256:323985b6fd818047898e9154a47e438acf52cca8e60eda0c9acc9e5e2bec0914 602401143452.dkr.ecr.eu-west-1.amazonaws.com/eks/coredns:v1.1.3] 45578572} {[602401143452.dkr.ecr.eu-west-1.amazonaws.com/eks/pause-amd64@sha256:bea77c323c47f7b573355516acf927691182d1333333d1f41b7544012fab7adf 602401143452.dkr.ecr.eu-west-1.amazonaws.com/eks/pause-amd64:3.1] 742472}],VolumesInUse:[],VolumesAttached:[],Config:nil,},}&#xA;Jun 27 13:07:46.290: INFO: &#xA;Logging kubelet events for node ip-192-168-36-155.eu-west-1.compute.internal&#xA;Jun 27 13:07:46.296: INFO: &#xA;Logging pods the kubelet thinks is on node ip-192-168-36-155.eu-west-1.compute.internal&#xA;Jun 27 13:07:46.302: INFO: aws-node-q99tl started at 2019-06-27 13:01:42 +0000 UTC (0+1 container statuses recorded)&#xA;Jun 27 13:07:46.302: INFO: &#x9;Container aws-node ready: true, restart count 0&#xA;Jun 27 13:07:46.302: INFO: kube-proxy-nmspt started at 2019-06-27 13:01:42 +0000 UTC (0+1 container statuses recorded)&#xA;Jun 27 13:07:46.302: INFO: &#x9;Container kube-proxy ready: true, restart count 0&#xA;Jun 27 13:07:46.302: INFO: coredns-7554568866-9jjkk started at 2019-06-27 13:02:02 +0000 UTC (0+1 container statuses recorded)&#xA;Jun 27 13:07:46.302: INFO: &#x9;Container coredns ready: true, restart count 0&#xA;Jun 27 13:07:46.302: INFO: coredns-7554568866-jmnhq started at 2019-06-27 13:02:02 +0000 UTC (0+1 container statuses recorded)&#xA;Jun 27 13:07:46.302: INFO: &#x9;Container coredns ready: true, restart count 0&#xA;Jun 27 13:07:46.302: INFO: sonobuoy-systemd-logs-daemon-set-5429b9b6a196480b-fddbg started at 2019-06-27 13:06:26 +0000 UTC (0+2 container statuses recorded)&#xA;Jun 27 13:07:46.302: INFO: &#x9;Container sonobuoy-worker ready: true, restart count 0&#xA;Jun 27 13:07:46.302: INFO: &#x9;Container systemd-logs ready: true, restart count 0&#xA;Jun 27 13:07:46.335: INFO: &#xA;Latency metrics for node ip-192-168-36-155.eu-west-1.compute.internal&#xA;Jun 27 13:07:46.335: INFO: {Operation: Method:pod_start_latency_microseconds Quantile:0.9 Latency:33.491715s}&#xA;Jun 27 13:07:46.336: INFO: {Operation: Method:pod_start_latency_microseconds Quantile:0.99 Latency:33.491715s}&#xA;Jun 27 13:07:46.336: INFO: &#xA;Logging node info for node ip-192-168-4-181.eu-west-1.compute.internal&#xA;Jun 27 13:07:46.339: INFO: Node Info: &amp;Node{ObjectMeta:k8s_io_apimachinery_pkg_apis_meta_v1.ObjectMeta{Name:ip-192-168-4-181.eu-west-1.compute.internal,GenerateName:,Namespace:,SelfLink:/api/v1/nodes/ip-192-168-4-181.eu-west-1.compute.internal,UID:b8b14640-98db-11e9-937e-0670889af56a,ResourceVersion:1679,Generation:0,CreationTimestamp:2019-06-27 13:01:47 +0000 UTC,DeletionTimestamp:&lt;nil&gt;,DeletionGracePeriodSeconds:nil,Labels:map[string]string{alpha.eksctl.io/cluster-name: prod,alpha.eksctl.io/instance-id: i-0cb0c6b22db842eb2,alpha.eksctl.io/nodegroup-name: standard-workers,beta.kubernetes.io/arch: amd64,beta.kubernetes.io/instance-type: m4.large,beta.kubernetes.io/os: linux,failure-domain.beta.kubernetes.io/region: eu-west-1,failure-domain.beta.kubernetes.io/zone: eu-west-1b,kubernetes.io/hostname: ip-192-168-4-181.eu-west-1.compute.internal,},Annotations:map[string]string{node.alpha.kubernetes.io/ttl: 0,volumes.kubernetes.io/controller-managed-attach-detach: true,},OwnerReferences:[],Finalizers:[],ClusterName:,Initializers:nil,},Spec:NodeSpec{PodCIDR:,DoNotUse_ExternalID:,ProviderID:aws:///eu-west-1b/i-0cb0c6b22db842eb2,Unschedulable:false,Taints:[],ConfigSource:nil,},Status:NodeStatus{Capacity:ResourceList{cpu: {{2 0} {&lt;nil&gt;} 2 DecimalSI},ephemeral-storage: {{21462233088 0} {&lt;nil&gt;} 20959212Ki BinarySI},hugepages-1Gi: {{0 0} {&lt;nil&gt;} 0 DecimalSI},hugepages-2Mi: {{0 0} {&lt;nil&gt;} 0 DecimalSI},memory: {{8362745856 0} {&lt;nil&gt;}  BinarySI},pods: {{20 0} {&lt;nil&gt;} 20 DecimalSI},},Allocatable:ResourceList{cpu: {{2 0} {&lt;nil&gt;} 2 DecimalSI},ephemeral-storage: {{19316009748 0} {&lt;nil&gt;} 19316009748 DecimalSI},hugepages-1Gi: {{0 0} {&lt;nil&gt;} 0 DecimalSI},hugepages-2Mi: {{0 0} {&lt;nil&gt;} 0 DecimalSI},memory: {{8257888256 0} {&lt;nil&gt;}  BinarySI},pods: {{20 0} {&lt;nil&gt;} 20 DecimalSI},},Phase:,Conditions:[{OutOfDisk False 2019-06-27 13:07:44 +0000 UTC 2019-06-27 13:01:47 +0000 UTC KubeletHasSufficientDisk kubelet has sufficient disk space available} {MemoryPressure False 2019-06-27 13:07:44 +0000 UTC 2019-06-27 13:01:47 +0000 UTC KubeletHasSufficientMemory kubelet has sufficient memory available} {DiskPressure False 2019-06-27 13:07:44 +0000 UTC 2019-06-27 13:01:47 +0000 UTC KubeletHasNoDiskPressure kubelet has no disk pressure} {PIDPressure False 2019-06-27 13:07:44 +0000 UTC 2019-06-27 13:01:47 +0000 UTC KubeletHasSufficientPID kubelet has sufficient PID available} {Ready True 2019-06-27 13:07:44 +0000 UTC 2019-06-27 13:02:13 +0000 UTC KubeletReady kubelet is posting ready status}],Addresses:[{InternalIP 192.168.4.181} {ExternalIP 34.250.138.93} {InternalDNS ip-192-168-4-181.eu-west-1.compute.internal} {ExternalDNS ec2-34-250-138-93.eu-west-1.compute.amazonaws.com} {Hostname ip-192-168-4-181.eu-west-1.compute.internal}],DaemonEndpoints:NodeDaemonEndpoints{KubeletEndpoint:DaemonEndpoint{Port:10250,},},NodeInfo:NodeSystemInfo{MachineID:3767ceefd8ec45bebd112e6cf10ed00f,SystemUUID:EC24BCC3-A895-2B94-0353-CF016F1EC288,BootID:557e546d-3540-406f-8f10-8386cfa18e51,KernelVersion:4.14.123-111.109.amzn2.x86_64,OSImage:Amazon Linux 2,ContainerRuntimeVersion:docker://18.6.1,KubeletVersion:v1.11.9,KubeProxyVersion:v1.11.9,OperatingSystem:linux,Architecture:amd64,},Images:[{[gcr.io/heptio-images/kube-conformance@sha256:e208e87718fee7fe922ad69f740ca23e5843d05faa014ef23a37cdd017944946 gcr.io/heptio-images/kube-conformance:v1.11] 532217543} {[gcr.io/heptio-images/sonobuoy-plugin-systemd-logs@sha256:58e077ba773ff5d7b6bba90771fad72217f0d10b913bb66bb0afb387c9552788 gcr.io/heptio-images/sonobuoy-plugin-systemd-logs:latest] 290890605} {[602401143452.dkr.ecr.eu-west-1.amazonaws.com/amazon-k8s-cni@sha256:7652301be646d5796febc547a29781f4da6bdd61abc4940e22ec3098c884211e 602401143452.dkr.ecr.eu-west-1.amazonaws.com/amazon-k8s-cni:v1.4.1] 250829980} {[k8s.gcr.io/nginx-slim-amd64@sha256:6654db6d4028756062edac466454ee5c9cf9b20ef79e35a81e3c840031eb1e2b k8s.gcr.io/nginx-slim-amd64:0.20] 103591055} {[602401143452.dkr.ecr.eu-west-1.amazonaws.com/eks/kube-proxy@sha256:45be43d0609c92aad89cb8607a0452a59db46133cf9fede314367eb16fac5750 602401143452.dkr.ecr.eu-west-1.amazonaws.com/eks/kube-proxy:v1.11.5] 97950829} {[gcr.io/heptio-images/sonobuoy@sha256:d6d530b1ede4b82e9989aa1ba7ae4cd4fac09c6f7cb6a7c4f9270fff241e72c7 gcr.io/heptio-images/sonobuoy:v0.14.3] 89896078} {[gcr.io/kubernetes-e2e-test-images/redis-amd64@sha256:2238f5a02d2648d41cc94a88f084060fbfa860890220328eb92696bf2ac649c9 gcr.io/kubernetes-e2e-test-images/redis-amd64:1.0] 5905732} {[602401143452.dkr.ecr.eu-west-1.amazonaws.com/eks/pause-amd64@sha256:bea77c323c47f7b573355516acf927691182d1333333d1f41b7544012fab7adf 602401143452.dkr.ecr.eu-west-1.amazonaws.com/eks/pause-amd64:3.1] 742472}],VolumesInUse:[],VolumesAttached:[],Config:nil,},}&#xA;Jun 27 13:07:46.339: INFO: &#xA;Logging kubelet events for node ip-192-168-4-181.eu-west-1.compute.internal&#xA;Jun 27 13:07:46.345: INFO: &#xA;Logging pods the kubelet thinks is on node ip-192-168-4-181.eu-west-1.compute.internal&#xA;Jun 27 13:07:46.350: INFO: kube-proxy-hsdpx started at 2019-06-27 13:01:47 +0000 UTC (0+1 container statuses recorded)&#xA;Jun 27 13:07:46.350: INFO: &#x9;Container kube-proxy ready: true, restart count 0&#xA;Jun 27 13:07:46.350: INFO: aws-node-cbsdw started at 2019-06-27 13:01:47 +0000 UTC (0+1 container statuses recorded)&#xA;Jun 27 13:07:46.350: INFO: &#x9;Container aws-node ready: true, restart count 0&#xA;Jun 27 13:07:46.350: INFO: sonobuoy-e2e-job-0edb791827654f66 started at 2019-06-27 13:06:26 +0000 UTC (0+2 container statuses recorded)&#xA;Jun 27 13:07:46.350: INFO: &#x9;Container e2e ready: true, restart count 0&#xA;Jun 27 13:07:46.350: INFO: &#x9;Container sonobuoy-worker ready: true, restart count 0&#xA;Jun 27 13:07:46.350: INFO: sonobuoy-systemd-logs-daemon-set-5429b9b6a196480b-pgnvh started at 2019-06-27 13:06:26 +0000 UTC (0+2 container statuses recorded)&#xA;Jun 27 13:07:46.350: INFO: &#x9;Container sonobuoy-worker ready: true, restart count 0&#xA;Jun 27 13:07:46.350: INFO: &#x9;Container systemd-logs ready: true, restart count 0&#xA;Jun 27 13:07:46.384: INFO: &#xA;Latency metrics for node ip-192-168-4-181.eu-west-1.compute.internal&#xA;Jun 27 13:07:46.384: INFO: {Operation: Method:pod_start_latency_microseconds Quantile:0.99 Latency:35.279348s}&#xA;Jun 27 13:07:46.384: INFO: {Operation: Method:pod_start_latency_microseconds Quantile:0.9 Latency:14.05483s}&#xA;Jun 27 13:07:46.384: INFO: &#xA;Logging node info for node ip-192-168-91-46.eu-west-1.compute.internal&#xA;Jun 27 13:07:46.387: INFO: Node Info: &amp;Node{ObjectMeta:k8s_io_apimachinery_pkg_apis_meta_v1.ObjectMeta{Name:ip-192-168-91-46.eu-west-1.compute.internal,GenerateName:,Namespace:,SelfLink:/api/v1/nodes/ip-192-168-91-46.eu-west-1.compute.internal,UID:b7ec09d6-98db-11e9-bc9f-0a0a51e0c42a,ResourceVersion:1645,Generation:0,CreationTimestamp:2019-06-27 13:01:46 +0000 UTC,DeletionTimestamp:&lt;nil&gt;,DeletionGracePeriodSeconds:nil,Labels:map[string]string{alpha.eksctl.io/cluster-name: prod,alpha.eksctl.io/instance-id: i-073efdc0fa65914cf,alpha.eksctl.io/nodegroup-name: standard-workers,beta.kubernetes.io/arch: amd64,beta.kubernetes.io/instance-type: m4.large,beta.kubernetes.io/os: linux,failure-domain.beta.kubernetes.io/region: eu-west-1,failure-domain.beta.kubernetes.io/zone: eu-west-1a,kubernetes.io/hostname: ip-192-168-91-46.eu-west-1.compute.internal,},Annotations:map[string]string{node.alpha.kubernetes.io/ttl: 0,volumes.kubernetes.io/controller-managed-attach-detach: true,},OwnerReferences:[],Finalizers:[],ClusterName:,Initializers:nil,},Spec:NodeSpec{PodCIDR:,DoNotUse_ExternalID:,ProviderID:aws:///eu-west-1a/i-073efdc0fa65914cf,Unschedulable:false,Taints:[],ConfigSource:nil,},Status:NodeStatus{Capacity:ResourceList{cpu: {{2 0} {&lt;nil&gt;} 2 DecimalSI},ephemeral-storage: {{21462233088 0} {&lt;nil&gt;} 20959212Ki BinarySI},hugepages-1Gi: {{0 0} {&lt;nil&gt;} 0 DecimalSI},hugepages-2Mi: {{0 0} {&lt;nil&gt;} 0 DecimalSI},memory: {{8362745856 0} {&lt;nil&gt;}  BinarySI},pods: {{20 0} {&lt;nil&gt;} 20 DecimalSI},},Allocatable:ResourceList{cpu: {{2 0} {&lt;nil&gt;} 2 DecimalSI},ephemeral-storage: {{19316009748 0} {&lt;nil&gt;} 19316009748 DecimalSI},hugepages-1Gi: {{0 0} {&lt;nil&gt;} 0 DecimalSI},hugepages-2Mi: {{0 0} {&lt;nil&gt;} 0 DecimalSI},memory: {{8257888256 0} {&lt;nil&gt;}  BinarySI},pods: {{20 0} {&lt;nil&gt;} 20 DecimalSI},},Phase:,Conditions:[{OutOfDisk False 2019-06-27 13:07:36 +0000 UTC 2019-06-27 13:01:46 +0000 UTC KubeletHasSufficientDisk kubelet has sufficient disk space available} {MemoryPressure False 2019-06-27 13:07:36 +0000 UTC 2019-06-27 13:01:46 +0000 UTC KubeletHasSufficientMemory kubelet has sufficient memory available} {DiskPressure False 2019-06-27 13:07:36 +0000 UTC 2019-06-27 13:01:46 +0000 UTC KubeletHasNoDiskPressure kubelet has no disk pressure} {PIDPressure False 2019-06-27 13:07:36 +0000 UTC 2019-06-27 13:01:46 +0000 UTC KubeletHasSufficientPID kubelet has sufficient PID available} {Ready True 2019-06-27 13:07:36 +0000 UTC 2019-06-27 13:02:06 +0000 UTC KubeletReady kubelet is posting ready status}],Addresses:[{InternalIP 192.168.91.46} {ExternalIP 18.202.174.126} {InternalDNS ip-192-168-91-46.eu-west-1.compute.internal} {ExternalDNS ec2-18-202-174-126.eu-west-1.compute.amazonaws.com} {Hostname ip-192-168-91-46.eu-west-1.compute.internal}],DaemonEndpoints:NodeDaemonEndpoints{KubeletEndpoint:DaemonEndpoint{Port:10250,},},NodeInfo:NodeSystemInfo{MachineID:7d187190deab40e4b068250c49c607cc,SystemUUID:EC25337B-54F1-9869-B38A-B9C2A4E03011,BootID:cae115f8-431b-4d9c-83a5-5173e9048141,KernelVersion:4.14.123-111.109.amzn2.x86_64,OSImage:Amazon Linux 2,ContainerRuntimeVersion:docker://18.6.1,KubeletVersion:v1.11.9,KubeProxyVersion:v1.11.9,OperatingSystem:linux,Architecture:amd64,},Images:[{[gcr.io/heptio-images/sonobuoy-plugin-systemd-logs@sha256:58e077ba773ff5d7b6bba90771fad72217f0d10b913bb66bb0afb387c9552788 gcr.io/heptio-images/sonobuoy-plugin-systemd-logs:latest] 290890605} {[602401143452.dkr.ecr.eu-west-1.amazonaws.com/amazon-k8s-cni@sha256:7652301be646d5796febc547a29781f4da6bdd61abc4940e22ec3098c884211e 602401143452.dkr.ecr.eu-west-1.amazonaws.com/amazon-k8s-cni:v1.4.1] 250829980} {[k8s.gcr.io/nginx-slim-amd64@sha256:6654db6d4028756062edac466454ee5c9cf9b20ef79e35a81e3c840031eb1e2b k8s.gcr.io/nginx-slim-amd64:0.20] 103591055} {[602401143452.dkr.ecr.eu-west-1.amazonaws.com/eks/kube-proxy@sha256:45be43d0609c92aad89cb8607a0452a59db46133cf9fede314367eb16fac5750 602401143452.dkr.ecr.eu-west-1.amazonaws.com/eks/kube-proxy:v1.11.5] 97950829} {[gcr.io/heptio-images/sonobuoy@sha256:d6d530b1ede4b82e9989aa1ba7ae4cd4fac09c6f7cb6a7c4f9270fff241e72c7 gcr.io/heptio-images/sonobuoy:v0.14.3] 89896078} {[gcr.io/kubernetes-e2e-test-images/redis-amd64@sha256:2238f5a02d2648d41cc94a88f084060fbfa860890220328eb92696bf2ac649c9 gcr.io/kubernetes-e2e-test-images/redis-amd64:1.0] 5905732} {[602401143452.dkr.ecr.eu-west-1.amazonaws.com/eks/pause-amd64@sha256:bea77c323c47f7b573355516acf927691182d1333333d1f41b7544012fab7adf 602401143452.dkr.ecr.eu-west-1.amazonaws.com/eks/pause-amd64:3.1] 742472}],VolumesInUse:[kubernetes.io/aws-ebs/aws://eu-west-1a/vol-0718c9abb967e0823],VolumesAttached:[{kubernetes.io/aws-ebs/aws://eu-west-1a/vol-0718c9abb967e0823 /dev/xvdco}],Config:nil,},}&#xA;Jun 27 13:07:46.387: INFO: &#xA;Logging kubelet events for node ip-192-168-91-46.eu-west-1.compute.internal&#xA;Jun 27 13:07:46.393: INFO: &#xA;Logging pods the kubelet thinks is on node ip-192-168-91-46.eu-west-1.compute.internal&#xA;Jun 27 13:07:46.398: INFO: kube-proxy-6gkk2 started at 2019-06-27 13:01:46 +0000 UTC (0+1 container statuses recorded)&#xA;Jun 27 13:07:46.398: INFO: &#x9;Container kube-proxy ready: true, restart count 0&#xA;Jun 27 13:07:46.398: INFO: aws-node-tqw6f started at 2019-06-27 13:01:46 +0000 UTC (0+1 container statuses recorded)&#xA;Jun 27 13:07:46.398: INFO: &#x9;Container aws-node ready: true, restart count 0&#xA;Jun 27 13:07:46.398: INFO: sonobuoy started at 2019-06-27 13:05:45 +0000 UTC (0+1 container statuses recorded)&#xA;Jun 27 13:07:46.398: INFO: &#x9;Container kube-sonobuoy ready: true, restart count 0&#xA;Jun 27 13:07:46.398: INFO: sonobuoy-systemd-logs-daemon-set-5429b9b6a196480b-j84c7 started at 2019-06-27 13:06:26 +0000 UTC (0+2 container statuses recorded)&#xA;Jun 27 13:07:46.398: INFO: &#x9;Container sonobuoy-worker ready: true, restart count 0&#xA;Jun 27 13:07:46.398: INFO: &#x9;Container systemd-logs ready: true, restart count 0&#xA;Jun 27 13:07:46.422: INFO: &#xA;Latency metrics for node ip-192-168-91-46.eu-west-1.compute.internal&#xA;Jun 27 13:07:46.422: INFO: {Operation: Method:pod_start_latency_microseconds Quantile:0.99 Latency:15.496944s}&#xA;Jun 27 13:07:46.422: INFO: {Operation: Method:pod_start_latency_microseconds Quantile:0.9 Latency:13.659134s}&#xA;STEP: Dumping a list of prepulled images on each node to file /tmp/results/image-puller.txt&#xA;Jun 27 13:07:46.429: INFO: Waiting up to 3m0s for all (but 0) nodes to be ready&#xA;STEP: Destroying namespace &#34;e2e-tests-mysql-upgrade-7gm4q&#34; for this suite.&#xA;Jun 27 13:07:52.448: INFO: Waiting up to 30s for server preferred namespaced resources to be successfully discovered&#xA;Jun 27 13:07:52.469: INFO: namespace: e2e-tests-mysql-upgrade-7gm4q, resource: bindings, ignored listing per whitelist&#xA;Jun 27 13:07:52.565: INFO: namespace e2e-tests-mysql-upgrade-7gm4q deletion completed in 6.132222999s&#xA;[AfterEach] [sig-apps] stateful Upgrade [Feature:StatefulUpgrade]&#xA;  /workspace/anago-v1.11.3-beta.0.71+a4529464e4629c/src/k8s.io/kubernetes/_output/dockerized/go/src/k8s.io/kubernetes/test/e2e/framework/framework.go:142&#xA;STEP: Collecting events from namespace &#34;e2e-tests-etcd-upgrade-knbdd&#34;.&#xA;STEP: Found 0 events.&#xA;Jun 27 13:07:52.578: INFO: POD                                                      NODE                                          PHASE    GRACE  CONDITIONS&#xA;Jun 27 13:07:52.578: INFO: sonobuoy                                                 ip-192-168-91-46.eu-west-1.compute.internal   Running         [{Initialized True 0001-01-01 00:00:00 +0000 UTC 2019-06-27 13:05:45 +0000 UTC  } {Ready True 0001-01-01 00:00:00 +0000 UTC 2019-06-27 13:06:26 +0000 UTC  } {ContainersReady True 0001-01-01 00:00:00 +0000 UTC 0001-01-01 00:00:00 +0000 UTC  } {PodScheduled True 0001-01-01 00:00:00 +0000 UTC 2019-06-27 13:05:45 +0000 UTC  }]&#xA;Jun 27 13:07:52.578: INFO: sonobuoy-e2e-job-0edb791827654f66                        ip-192-168-4-181.eu-west-1.compute.internal   Running         [{Initialized True 0001-01-01 00:00:00 +0000 UTC 2019-06-27 13:06:26 +0000 UTC  } {Ready True 0001-01-01 00:00:00 +0000 UTC 2019-06-27 13:07:02 +0000 UTC  } {ContainersReady True 0001-01-01 00:00:00 +0000 UTC 0001-01-01 00:00:00 +0000 UTC  } {PodScheduled True 0001-01-01 00:00:00 +0000 UTC 2019-06-27 13:06:26 +0000 UTC  }]&#xA;Jun 27 13:07:52.578: INFO: sonobuoy-systemd-logs-daemon-set-5429b9b6a196480b-fddbg  ip-192-168-36-155.eu-west-1.compute.internal  Running         [{Initialized True 0001-01-01 00:00:00 +0000 UTC 2019-06-27 13:06:26 +0000 UTC  } {Ready True 0001-01-01 00:00:00 +0000 UTC 2019-06-27 13:06:46 +0000 UTC  } {ContainersReady True 0001-01-01 00:00:00 +0000 UTC 0001-01-01 00:00:00 +0000 UTC  } {PodScheduled True 0001-01-01 00:00:00 +0000 UTC 2019-06-27 13:06:26 +0000 UTC  }]&#xA;Jun 27 13:07:52.578: INFO: sonobuoy-systemd-logs-daemon-set-5429b9b6a196480b-j84c7  ip-192-168-91-46.eu-west-1.compute.internal   Running         [{Initialized True 0001-01-01 00:00:00 +0000 UTC 2019-06-27 13:06:26 +0000 UTC  } {Ready True 0001-01-01 00:00:00 +0000 UTC 2019-06-27 13:06:42 +0000 UTC  } {ContainersReady True 0001-01-01 00:00:00 +0000 UTC 0001-01-01 00:00:00 +0000 UTC  } {PodScheduled True 0001-01-01 00:00:00 +0000 UTC 2019-06-27 13:06:26 +0000 UTC  }]&#xA;Jun 27 13:07:52.578: INFO: sonobuoy-systemd-logs-daemon-set-5429b9b6a196480b-pgnvh  ip-192-168-4-181.eu-west-1.compute.internal   Running         [{Initialized True 0001-01-01 00:00:00 +0000 UTC 2019-06-27 13:06:26 +0000 UTC  } {Ready True 0001-01-01 00:00:00 +0000 UTC 2019-06-27 13:07:01 +0000 UTC  } {ContainersReady True 0001-01-01 00:00:00 +0000 UTC 0001-01-01 00:00:00 +0000 UTC  } {PodScheduled True 0001-01-01 00:00:00 +0000 UTC 2019-06-27 13:06:26 +0000 UTC  }]&#xA;Jun 27 13:07:52.578: INFO: aws-node-cbsdw                                           ip-192-168-4-181.eu-west-1.compute.internal   Running         [{Initialized True 0001-01-01 00:00:00 +0000 UTC 2019-06-27 13:01:47 +0000 UTC  } {Ready True 0001-01-01 00:00:00 +0000 UTC 2019-06-27 13:02:06 +0000 UTC  } {ContainersReady True 0001-01-01 00:00:00 +0000 UTC 0001-01-01 00:00:00 +0000 UTC  } {PodScheduled True 0001-01-01 00:00:00 +0000 UTC 2019-06-27 13:01:47 +0000 UTC  }]&#xA;Jun 27 13:07:52.578: INFO: aws-node-q99tl                                           ip-192-168-36-155.eu-west-1.compute.internal  Running         [{Initialized True 0001-01-01 00:00:00 +0000 UTC 2019-06-27 13:01:42 +0000 UTC  } {Ready True 0001-01-01 00:00:00 +0000 UTC 2019-06-27 13:01:56 +0000 UTC  } {ContainersReady True 0001-01-01 00:00:00 +0000 UTC 0001-01-01 00:00:00 +0000 UTC  } {PodScheduled True 0001-01-01 00:00:00 +0000 UTC 2019-06-27 13:01:42 +0000 UTC  }]&#xA;Jun 27 13:07:52.578: INFO: aws-node-tqw6f                                           ip-192-168-91-46.eu-west-1.compute.internal   Running         [{Initialized True 0001-01-01 00:00:00 +0000 UTC 2019-06-27 13:01:46 +0000 UTC  } {Ready True 0001-01-01 00:00:00 +0000 UTC 2019-06-27 13:01:59 +0000 UTC  } {ContainersReady True 0001-01-01 00:00:00 +0000 UTC 0001-01-01 00:00:00 +0000 UTC  } {PodScheduled True 0001-01-01 00:00:00 +0000 UTC 2019-06-27 13:01:46 +0000 UTC  }]&#xA;Jun 27 13:07:52.578: INFO: coredns-7554568866-9jjkk                                 ip-192-168-36-155.eu-west-1.compute.internal  Running         [{Initialized True 0001-01-01 00:00:00 +0000 UTC 2019-06-27 13:02:02 +0000 UTC  } {Ready True 0001-01-01 00:00:00 +0000 UTC 2019-06-27 13:02:35 +0000 UTC  } {ContainersReady True 0001-01-01 00:00:00 +0000 UTC 0001-01-01 00:00:00 +0000 UTC  } {PodScheduled True 0001-01-01 00:00:00 +0000 UTC 2019-06-27 13:02:02 +0000 UTC  }]&#xA;Jun 27 13:07:52.578: INFO: coredns-7554568866-jmnhq                                 ip-192-168-36-155.eu-west-1.compute.internal  Running         [{Initialized True 0001-01-01 00:00:00 +0000 UTC 2019-06-27 13:02:02 +0000 UTC  } {Ready True 0001-01-01 00:00:00 +0000 UTC 2019-06-27 13:02:35 +0000 UTC  } {ContainersReady True 0001-01-01 00:00:00 +0000 UTC 0001-01-01 00:00:00 +0000 UTC  } {PodScheduled True 0001-01-01 00:00:00 +0000 UTC 2019-06-27 13:02:02 +0000 UTC  }]&#xA;Jun 27 13:07:52.578: INFO: kube-proxy-6gkk2                                         ip-192-168-91-46.eu-west-1.compute.internal   Running         [{Initialized True 0001-01-01 00:00:00 +0000 UTC 2019-06-27 13:01:46 +0000 UTC  } {Ready True 0001-01-01 00:00:00 +0000 UTC 2019-06-27 13:01:53 +0000 UTC  } {ContainersReady True 0001-01-01 00:00:00 +0000 UTC 0001-01-01 00:00:00 +0000 UTC  } {PodScheduled True 0001-01-01 00:00:00 +0000 UTC 2019-06-27 13:01:46 +0000 UTC  }]&#xA;Jun 27 13:07:52.578: INFO: kube-proxy-hsdpx                                         ip-192-168-4-181.eu-west-1.compute.internal   Running         [{Initialized True 0001-01-01 00:00:00 +0000 UTC 2019-06-27 13:01:47 +0000 UTC  } {Ready True 0001-01-01 00:00:00 +0000 UTC 2019-06-27 13:02:07 +0000 UTC  } {ContainersReady True 0001-01-01 00:00:00 +0000 UTC 0001-01-01 00:00:00 +0000 UTC  } {PodScheduled True 0001-01-01 00:00:00 +0000 UTC 2019-06-27 13:01:47 +0000 UTC  }]&#xA;Jun 27 13:07:52.578: INFO: kube-proxy-nmspt                                         ip-192-168-36-155.eu-west-1.compute.internal  Running         [{Initialized True 0001-01-01 00:00:00 +0000 UTC 2019-06-27 13:01:42 +0000 UTC  } {Ready True 0001-01-01 00:00:00 +0000 UTC 2019-06-27 13:01:57 +0000 UTC  } {ContainersReady True 0001-01-01 00:00:00 +0000 UTC 0001-01-01 00:00:00 +0000 UTC  } {PodScheduled True 0001-01-01 00:00:00 +0000 UTC 2019-06-27 13:01:42 +0000 UTC  }]&#xA;Jun 27 13:07:52.578: INFO: &#xA;Jun 27 13:07:52.582: INFO: &#xA;Logging node info for node ip-192-168-36-155.eu-west-1.compute.internal&#xA;Jun 27 13:07:52.585: INFO: Node Info: &amp;Node{ObjectMeta:k8s_io_apimachinery_pkg_apis_meta_v1.ObjectMeta{Name:ip-192-168-36-155.eu-west-1.compute.internal,GenerateName:,Namespace:,SelfLink:/api/v1/nodes/ip-192-168-36-155.eu-west-1.compute.internal,UID:b593f596-98db-11e9-937e-0670889af56a,ResourceVersion:1676,Generation:0,CreationTimestamp:2019-06-27 13:01:42 +0000 UTC,DeletionTimestamp:&lt;nil&gt;,DeletionGracePeriodSeconds:nil,Labels:map[string]string{alpha.eksctl.io/cluster-name: prod,alpha.eksctl.io/instance-id: i-040f4999fd9ca7b30,alpha.eksctl.io/nodegroup-name: standard-workers,beta.kubernetes.io/arch: amd64,beta.kubernetes.io/instance-type: m4.large,beta.kubernetes.io/os: linux,failure-domain.beta.kubernetes.io/region: eu-west-1,failure-domain.beta.kubernetes.io/zone: eu-west-1c,kubernetes.io/hostname: ip-192-168-36-155.eu-west-1.compute.internal,},Annotations:map[string]string{node.alpha.kubernetes.io/ttl: 0,volumes.kubernetes.io/controller-managed-attach-detach: true,},OwnerReferences:[],Finalizers:[],ClusterName:,Initializers:nil,},Spec:NodeSpec{PodCIDR:,DoNotUse_ExternalID:,ProviderID:aws:///eu-west-1c/i-040f4999fd9ca7b30,Unschedulable:false,Taints:[],ConfigSource:nil,},Status:NodeStatus{Capacity:ResourceList{cpu: {{2 0} {&lt;nil&gt;} 2 DecimalSI},ephemeral-storage: {{21462233088 0} {&lt;nil&gt;} 20959212Ki BinarySI},hugepages-1Gi: {{0 0} {&lt;nil&gt;} 0 DecimalSI},hugepages-2Mi: {{0 0} {&lt;nil&gt;} 0 DecimalSI},memory: {{8362745856 0} {&lt;nil&gt;}  BinarySI},pods: {{20 0} {&lt;nil&gt;} 20 DecimalSI},},Allocatable:ResourceList{cpu: {{2 0} {&lt;nil&gt;} 2 DecimalSI},ephemeral-storage: {{19316009748 0} {&lt;nil&gt;} 19316009748 DecimalSI},hugepages-1Gi: {{0 0} {&lt;nil&gt;} 0 DecimalSI},hugepages-2Mi: {{0 0} {&lt;nil&gt;} 0 DecimalSI},memory: {{8257888256 0} {&lt;nil&gt;}  BinarySI},pods: {{20 0} {&lt;nil&gt;} 20 DecimalSI},},Phase:,Conditions:[{OutOfDisk False 2019-06-27 13:07:42 +0000 UTC 2019-06-27 13:01:42 +0000 UTC KubeletHasSufficientDisk kubelet has sufficient disk space available} {MemoryPressure False 2019-06-27 13:07:42 +0000 UTC 2019-06-27 13:01:42 +0000 UTC KubeletHasSufficientMemory kubelet has sufficient memory available} {DiskPressure False 2019-06-27 13:07:42 +0000 UTC 2019-06-27 13:01:42 +0000 UTC KubeletHasNoDiskPressure kubelet has no disk pressure} {PIDPressure False 2019-06-27 13:07:42 +0000 UTC 2019-06-27 13:01:42 +0000 UTC KubeletHasSufficientPID kubelet has sufficient PID available} {Ready True 2019-06-27 13:07:42 +0000 UTC 2019-06-27 13:02:02 +0000 UTC KubeletReady kubelet is posting ready status}],Addresses:[{InternalIP 192.168.36.155} {ExternalIP 34.247.178.236} {InternalDNS ip-192-168-36-155.eu-west-1.compute.internal} {ExternalDNS ec2-34-247-178-236.eu-west-1.compute.amazonaws.com} {Hostname ip-192-168-36-155.eu-west-1.compute.internal}],DaemonEndpoints:NodeDaemonEndpoints{KubeletEndpoint:DaemonEndpoint{Port:10250,},},NodeInfo:NodeSystemInfo{MachineID:c04224e3bdd14d09ad5e8c32097b238d,SystemUUID:EC2C8B3B-879D-112B-B4BB-E97C40FB1493,BootID:34f6e300-2dfe-44ed-b03b-44eeb69c16e3,KernelVersion:4.14.123-111.109.amzn2.x86_64,OSImage:Amazon Linux 2,ContainerRuntimeVersion:docker://18.6.1,KubeletVersion:v1.11.9,KubeProxyVersion:v1.11.9,OperatingSystem:linux,Architecture:amd64,},Images:[{[gcr.io/heptio-images/sonobuoy-plugin-systemd-logs@sha256:58e077ba773ff5d7b6bba90771fad72217f0d10b913bb66bb0afb387c9552788 gcr.io/heptio-images/sonobuoy-plugin-systemd-logs:latest] 290890605} {[602401143452.dkr.ecr.eu-west-1.amazonaws.com/amazon-k8s-cni@sha256:7652301be646d5796febc547a29781f4da6bdd61abc4940e22ec3098c884211e 602401143452.dkr.ecr.eu-west-1.amazonaws.com/amazon-k8s-cni:v1.4.1] 250829980} {[602401143452.dkr.ecr.eu-west-1.amazonaws.com/eks/kube-proxy@sha256:45be43d0609c92aad89cb8607a0452a59db46133cf9fede314367eb16fac5750 602401143452.dkr.ecr.eu-west-1.amazonaws.com/eks/kube-proxy:v1.11.5] 97950829} {[gcr.io/heptio-images/sonobuoy@sha256:d6d530b1ede4b82e9989aa1ba7ae4cd4fac09c6f7cb6a7c4f9270fff241e72c7 gcr.io/heptio-images/sonobuoy:v0.14.3] 89896078} {[602401143452.dkr.ecr.eu-west-1.amazonaws.com/eks/coredns@sha256:323985b6fd818047898e9154a47e438acf52cca8e60eda0c9acc9e5e2bec0914 602401143452.dkr.ecr.eu-west-1.amazonaws.com/eks/coredns:v1.1.3] 45578572} {[602401143452.dkr.ecr.eu-west-1.amazonaws.com/eks/pause-amd64@sha256:bea77c323c47f7b573355516acf927691182d1333333d1f41b7544012fab7adf 602401143452.dkr.ecr.eu-west-1.amazonaws.com/eks/pause-amd64:3.1] 742472}],VolumesInUse:[],VolumesAttached:[],Config:nil,},}&#xA;Jun 27 13:07:52.585: INFO: &#xA;Logging kubelet events for node ip-192-168-36-155.eu-west-1.compute.internal&#xA;Jun 27 13:07:52.592: INFO: &#xA;Logging pods the kubelet thinks is on node ip-192-168-36-155.eu-west-1.compute.internal&#xA;Jun 27 13:07:52.598: INFO: kube-proxy-nmspt started at 2019-06-27 13:01:42 +0000 UTC (0+1 container statuses recorded)&#xA;Jun 27 13:07:52.598: INFO: &#x9;Container kube-proxy ready: true, restart count 0&#xA;Jun 27 13:07:52.598: INFO: coredns-7554568866-9jjkk started at 2019-06-27 13:02:02 +0000 UTC (0+1 container statuses recorded)&#xA;Jun 27 13:07:52.598: INFO: &#x9;Container coredns ready: true, restart count 0&#xA;Jun 27 13:07:52.598: INFO: coredns-7554568866-jmnhq started at 2019-06-27 13:02:02 +0000 UTC (0+1 container statuses recorded)&#xA;Jun 27 13:07:52.598: INFO: &#x9;Container coredns ready: true, restart count 0&#xA;Jun 27 13:07:52.598: INFO: sonobuoy-systemd-logs-daemon-set-5429b9b6a196480b-fddbg started at 2019-06-27 13:06:26 +0000 UTC (0+2 container statuses recorded)&#xA;Jun 27 13:07:52.598: INFO: &#x9;Container sonobuoy-worker ready: true, restart count 0&#xA;Jun 27 13:07:52.598: INFO: &#x9;Container systemd-logs ready: true, restart count 0&#xA;Jun 27 13:07:52.598: INFO: aws-node-q99tl started at 2019-06-27 13:01:42 +0000 UTC (0+1 container statuses recorded)&#xA;Jun 27 13:07:52.598: INFO: &#x9;Container aws-node ready: true, restart count 0&#xA;Jun 27 13:07:52.639: INFO: &#xA;Latency metrics for node ip-192-168-36-155.eu-west-1.compute.internal&#xA;Jun 27 13:07:52.640: INFO: {Operation: Method:pod_start_latency_microseconds Quantile:0.9 Latency:33.491715s}&#xA;Jun 27 13:07:52.640: INFO: {Operation: Method:pod_start_latency_microseconds Quantile:0.99 Latency:33.491715s}&#xA;Jun 27 13:07:52.640: INFO: &#xA;Logging node info for node ip-192-168-4-181.eu-west-1.compute.internal&#xA;Jun 27 13:07:52.643: INFO: Node Info: &amp;Node{ObjectMeta:k8s_io_apimachinery_pkg_apis_meta_v1.ObjectMeta{Name:ip-192-168-4-181.eu-west-1.compute.internal,GenerateName:,Namespace:,SelfLink:/api/v1/nodes/ip-192-168-4-181.eu-west-1.compute.internal,UID:b8b14640-98db-11e9-937e-0670889af56a,ResourceVersion:1679,Generation:0,CreationTimestamp:2019-06-27 13:01:47 +0000 UTC,DeletionTimestamp:&lt;nil&gt;,DeletionGracePeriodSeconds:nil,Labels:map[string]string{alpha.eksctl.io/cluster-name: prod,alpha.eksctl.io/instance-id: i-0cb0c6b22db842eb2,alpha.eksctl.io/nodegroup-name: standard-workers,beta.kubernetes.io/arch: amd64,beta.kubernetes.io/instance-type: m4.large,beta.kubernetes.io/os: linux,failure-domain.beta.kubernetes.io/region: eu-west-1,failure-domain.beta.kubernetes.io/zone: eu-west-1b,kubernetes.io/hostname: ip-192-168-4-181.eu-west-1.compute.internal,},Annotations:map[string]string{node.alpha.kubernetes.io/ttl: 0,volumes.kubernetes.io/controller-managed-attach-detach: true,},OwnerReferences:[],Finalizers:[],ClusterName:,Initializers:nil,},Spec:NodeSpec{PodCIDR:,DoNotUse_ExternalID:,ProviderID:aws:///eu-west-1b/i-0cb0c6b22db842eb2,Unschedulable:false,Taints:[],ConfigSource:nil,},Status:NodeStatus{Capacity:ResourceList{cpu: {{2 0} {&lt;nil&gt;} 2 DecimalSI},ephemeral-storage: {{21462233088 0} {&lt;nil&gt;} 20959212Ki BinarySI},hugepages-1Gi: {{0 0} {&lt;nil&gt;} 0 DecimalSI},hugepages-2Mi: {{0 0} {&lt;nil&gt;} 0 DecimalSI},memory: {{8362745856 0} {&lt;nil&gt;}  BinarySI},pods: {{20 0} {&lt;nil&gt;} 20 DecimalSI},},Allocatable:ResourceList{cpu: {{2 0} {&lt;nil&gt;} 2 DecimalSI},ephemeral-storage: {{19316009748 0} {&lt;nil&gt;} 19316009748 DecimalSI},hugepages-1Gi: {{0 0} {&lt;nil&gt;} 0 DecimalSI},hugepages-2Mi: {{0 0} {&lt;nil&gt;} 0 DecimalSI},memory: {{8257888256 0} {&lt;nil&gt;}  BinarySI},pods: {{20 0} {&lt;nil&gt;} 20 DecimalSI},},Phase:,Conditions:[{OutOfDisk False 2019-06-27 13:07:44 +0000 UTC 2019-06-27 13:01:47 +0000 UTC KubeletHasSufficientDisk kubelet has sufficient disk space available} {MemoryPressure False 2019-06-27 13:07:44 +0000 UTC 2019-06-27 13:01:47 +0000 UTC KubeletHasSufficientMemory kubelet has sufficient memory available} {DiskPressure False 2019-06-27 13:07:44 +0000 UTC 2019-06-27 13:01:47 +0000 UTC KubeletHasNoDiskPressure kubelet has no disk pressure} {PIDPressure False 2019-06-27 13:07:44 +0000 UTC 2019-06-27 13:01:47 +0000 UTC KubeletHasSufficientPID kubelet has sufficient PID available} {Ready True 2019-06-27 13:07:44 +0000 UTC 2019-06-27 13:02:13 +0000 UTC KubeletReady kubelet is posting ready status}],Addresses:[{InternalIP 192.168.4.181} {ExternalIP 34.250.138.93} {InternalDNS ip-192-168-4-181.eu-west-1.compute.internal} {ExternalDNS ec2-34-250-138-93.eu-west-1.compute.amazonaws.com} {Hostname ip-192-168-4-181.eu-west-1.compute.internal}],DaemonEndpoints:NodeDaemonEndpoints{KubeletEndpoint:DaemonEndpoint{Port:10250,},},NodeInfo:NodeSystemInfo{MachineID:3767ceefd8ec45bebd112e6cf10ed00f,SystemUUID:EC24BCC3-A895-2B94-0353-CF016F1EC288,BootID:557e546d-3540-406f-8f10-8386cfa18e51,KernelVersion:4.14.123-111.109.amzn2.x86_64,OSImage:Amazon Linux 2,ContainerRuntimeVersion:docker://18.6.1,KubeletVersion:v1.11.9,KubeProxyVersion:v1.11.9,OperatingSystem:linux,Architecture:amd64,},Images:[{[gcr.io/heptio-images/kube-conformance@sha256:e208e87718fee7fe922ad69f740ca23e5843d05faa014ef23a37cdd017944946 gcr.io/heptio-images/kube-conformance:v1.11] 532217543} {[gcr.io/heptio-images/sonobuoy-plugin-systemd-logs@sha256:58e077ba773ff5d7b6bba90771fad72217f0d10b913bb66bb0afb387c9552788 gcr.io/heptio-images/sonobuoy-plugin-systemd-logs:latest] 290890605} {[602401143452.dkr.ecr.eu-west-1.amazonaws.com/amazon-k8s-cni@sha256:7652301be646d5796febc547a29781f4da6bdd61abc4940e22ec3098c884211e 602401143452.dkr.ecr.eu-west-1.amazonaws.com/amazon-k8s-cni:v1.4.1] 250829980} {[k8s.gcr.io/nginx-slim-amd64@sha256:6654db6d4028756062edac466454ee5c9cf9b20ef79e35a81e3c840031eb1e2b k8s.gcr.io/nginx-slim-amd64:0.20] 103591055} {[602401143452.dkr.ecr.eu-west-1.amazonaws.com/eks/kube-proxy@sha256:45be43d0609c92aad89cb8607a0452a59db46133cf9fede314367eb16fac5750 602401143452.dkr.ecr.eu-west-1.amazonaws.com/eks/kube-proxy:v1.11.5] 97950829} {[gcr.io/heptio-images/sonobuoy@sha256:d6d530b1ede4b82e9989aa1ba7ae4cd4fac09c6f7cb6a7c4f9270fff241e72c7 gcr.io/heptio-images/sonobuoy:v0.14.3] 89896078} {[gcr.io/kubernetes-e2e-test-images/redis-amd64@sha256:2238f5a02d2648d41cc94a88f084060fbfa860890220328eb92696bf2ac649c9 gcr.io/kubernetes-e2e-test-images/redis-amd64:1.0] 5905732} {[602401143452.dkr.ecr.eu-west-1.amazonaws.com/eks/pause-amd64@sha256:bea77c323c47f7b573355516acf927691182d1333333d1f41b7544012fab7adf 602401143452.dkr.ecr.eu-west-1.amazonaws.com/eks/pause-amd64:3.1] 742472}],VolumesInUse:[],VolumesAttached:[],Config:nil,},}&#xA;Jun 27 13:07:52.643: INFO: &#xA;Logging kubelet events for node ip-192-168-4-181.eu-west-1.compute.internal&#xA;Jun 27 13:07:52.649: INFO: &#xA;Logging pods the kubelet thinks is on node ip-192-168-4-181.eu-west-1.compute.internal&#xA;Jun 27 13:07:52.654: INFO: aws-node-cbsdw started at 2019-06-27 13:01:47 +0000 UTC (0+1 container statuses recorded)&#xA;Jun 27 13:07:52.654: INFO: &#x9;Container aws-node ready: true, restart count 0&#xA;Jun 27 13:07:52.654: INFO: sonobuoy-e2e-job-0edb791827654f66 started at 2019-06-27 13:06:26 +0000 UTC (0+2 container statuses recorded)&#xA;Jun 27 13:07:52.654: INFO: &#x9;Container e2e ready: true, restart count 0&#xA;Jun 27 13:07:52.654: INFO: &#x9;Container sonobuoy-worker ready: true, restart count 0&#xA;Jun 27 13:07:52.654: INFO: sonobuoy-systemd-logs-daemon-set-5429b9b6a196480b-pgnvh started at 2019-06-27 13:06:26 +0000 UTC (0+2 container statuses recorded)&#xA;Jun 27 13:07:52.654: INFO: &#x9;Container sonobuoy-worker ready: true, restart count 0&#xA;Jun 27 13:07:52.654: INFO: &#x9;Container systemd-logs ready: true, restart count 0&#xA;Jun 27 13:07:52.654: INFO: kube-proxy-hsdpx started at 2019-06-27 13:01:47 +0000 UTC (0+1 container statuses recorded)&#xA;Jun 27 13:07:52.654: INFO: &#x9;Container kube-proxy ready: true, restart count 0&#xA;Jun 27 13:07:52.688: INFO: &#xA;Latency metrics for node ip-192-168-4-181.eu-west-1.compute.internal&#xA;Jun 27 13:07:52.688: INFO: {Operation: Method:pod_start_latency_microseconds Quantile:0.99 Latency:35.279348s}&#xA;Jun 27 13:07:52.688: INFO: {Operation: Method:pod_start_latency_microseconds Quantile:0.9 Latency:14.05483s}&#xA;Jun 27 13:07:52.688: INFO: &#xA;Logging node info for node ip-192-168-91-46.eu-west-1.compute.internal&#xA;Jun 27 13:07:52.692: INFO: Node Info: &amp;Node{ObjectMeta:k8s_io_apimachinery_pkg_apis_meta_v1.ObjectMeta{Name:ip-192-168-91-46.eu-west-1.compute.internal,GenerateName:,Namespace:,SelfLink:/api/v1/nodes/ip-192-168-91-46.eu-west-1.compute.internal,UID:b7ec09d6-98db-11e9-bc9f-0a0a51e0c42a,ResourceVersion:1688,Generation:0,CreationTimestamp:2019-06-27 13:01:46 +0000 UTC,DeletionTimestamp:&lt;nil&gt;,DeletionGracePeriodSeconds:nil,Labels:map[st
[...]
          <skipped></skipped>
      </testcase>
      <testcase name="[sig-api-machinery] Watchers should observe an object deletion if it stops meeting the requirements of the selector [Conformance]" classname="Kubernetes e2e suite" time="0">
          <skipped></skipped>
      </testcase>
      <testcase name="[sig-storage] PersistentVolumes-local  [Volume type: gce-localssd-scsi-fs] [Serial] Two pods mounting a local volume at the same time should be able to write from pod1 and read from pod2" classname="Kubernetes e2e suite" time="0">
          <skipped></skipped>
      </testcase>
      <testcase name="[sig-api-machinery] AdmissionWebhook Should not be able to prevent deleting validating-webhook-configurations or mutating-webhook-configurations" classname="Kubernetes e2e suite" time="0">
          <skipped></skipped>
      </testcase>
      <testcase name="[sig-storage] Volumes CephFS [Feature:Volumes] should be mountable" classname="Kubernetes e2e suite" time="0">
          <skipped></skipped>
      </testcase>
      <testcase name="[sig-storage] Subpath [Volume type: hostPathSymlink] should fail if subpath directory is outside the volume [Slow]" classname="Kubernetes e2e suite" time="0">
          <skipped></skipped>
      </testcase>
      <testcase name="[sig-cluster-lifecycle] Downgrade [Feature:Downgrade] cluster downgrade should maintain a functioning cluster [Feature:ClusterDowngrade]" classname="Kubernetes e2e suite" time="0">
          <skipped></skipped>
      </testcase>
      <testcase name="[sig-scheduling] SchedulerPreemption [Serial] validates lower priority pod preemption by critical pod" classname="Kubernetes e2e suite" time="0">
          <skipped></skipped>
      </testcase>
      <testcase name="[sig-scheduling] ResourceQuota [Feature:Initializers] should create a ResourceQuota and capture the life of an uninitialized pod." classname="Kubernetes e2e suite" time="0">
          <skipped></skipped>
      </testcase>
      <testcase name="[sig-storage] Pod Disks schedule pods each with a PD, delete pod and verify detach [Slow] for RW PD with pod delete grace period of &#34;default (30s)&#34;" classname="Kubernetes e2e suite" time="0">
          <skipped></skipped>
      </testcase>
      <testcase name="[sig-cli] Kubectl client [k8s.io] Update Demo should do a rolling update of a replication controller  [Conformance]" classname="Kubernetes e2e suite" time="0">
          <skipped></skipped>
      </testcase>
      <testcase name="[k8s.io] [sig-node] Kubelet [Serial] [Slow] [k8s.io] [sig-node] experimental resource usage tracking [Feature:ExperimentalResourceUsageTracking] resource tracking for 100 pods per node" classname="Kubernetes e2e suite" time="0">
          <skipped></skipped>
      </testcase>
      <testcase name="[sig-storage] Subpath [Volume type: nfsPVC] should support restarting containers using file as subpath [Slow]" classname="Kubernetes e2e suite" time="0">
          <skipped></skipped>
      </testcase>
      <testcase name="[sig-api-machinery] Downward API should provide default limits.cpu/memory from node allocatable [NodeConformance] [Conformance]" classname="Kubernetes e2e suite" time="0">
          <skipped></skipped>
      </testcase>
      <testcase name="[k8s.io] Probing container should have monotonically increasing restart count [Slow][NodeConformance] [Conformance]" classname="Kubernetes e2e suite" time="0">
          <skipped></skipped>
      </testcase>
      <testcase name="[k8s.io] Probing container should *not* be restarted with a /healthz http liveness probe [NodeConformance] [Conformance]" classname="Kubernetes e2e suite" time="0">
          <skipped></skipped>
      </testcase>
      <testcase name="[sig-storage] Projected should be consumable from pods in volume with defaultMode set [NodeConformance] [Conformance]" classname="Kubernetes e2e suite" time="0">
          <skipped></skipped>
      </testcase>
      <testcase name="[sig-cluster-lifecycle] Reboot [Disruptive] [Feature:Reboot] each node by ordering unclean reboot and ensure they function upon restart" classname="Kubernetes e2e suite" time="0">
          <skipped></skipped>
      </testcase>
      <testcase name="[sig-storage] Subpath [Volume type: gcePDPartitioned] should support readOnly file specified in the volumeMount" classname="Kubernetes e2e suite" time="0">
          <skipped></skipped>
      </testcase>
      <testcase name="[sig-storage] PersistentVolumes-local  [Volume type: tmpfs] Two pods mounting a local volume one after the other should be able to write from pod1 and read from pod2" classname="Kubernetes e2e suite" time="0">
          <skipped></skipped>
      </testcase>
      <testcase name="[sig-storage] ConfigMap should be consumable from pods in volume with mappings [NodeConformance] [Conformance]" classname="Kubernetes e2e suite" time="0">
          <skipped></skipped>
      </testcase>
      <testcase name="[sig-apps] Deployment deployment should delete old replica sets" classname="Kubernetes e2e suite" time="11.237339284"></testcase>
      <testcase name="[sig-cluster-lifecycle] HA-master [Feature:HAMaster] survive addition/removal replicas different zones [Serial][Disruptive]" classname="Kubernetes e2e suite" time="0">
          <skipped></skipped>
      </testcase>
      <testcase name="[sig-cli] Kubectl client [k8s.io] Simple pod should support exec" classname="Kubernetes e2e suite" time="0">
          <skipped></skipped>
      </testcase>
      <testcase name="[sig-network] Networking IPerf IPv6 [Experimental] [Feature:Networking-IPv6] [Slow] [Feature:Networking-Performance] should transfer ~ 1GB onto the service endpoint 1 servers (maximum of 1 clients)" classname="Kubernetes e2e suite" time="0">
          <skipped></skipped>
      </testcase>
      <testcase name="[sig-storage] GenericPersistentVolume[Disruptive] When kubelet restarts Should test that a file written to the mount before kubelet restart is readable after restart." classname="Kubernetes e2e suite" time="0">
          <skipped></skipped>
      </testcase>
      <testcase name="[sig-network] Loadbalancing: L7 GCE [Slow] [Feature:Ingress] should not reconcile manually modified health check for ingress" classname="Kubernetes e2e suite" time="0">
          <skipped></skipped>
      </testcase>
      <testcase name="[sig-api-machinery] Servers with support for Table transformation should return chunks of table results for list calls" classname="Kubernetes e2e suite" time="0">
          <skipped></skipped>
      </testcase>
      <testcase name="[sig-instrumentation] Stackdriver Monitoring should have cluster metrics [Feature:StackdriverMonitoring]" classname="Kubernetes e2e suite" time="0">
          <skipped></skipped>
      </testcase>
      <testcase name="[sig-network] Loadbalancing: L7 GCE [Slow] [Feature:Ingress] should support multiple TLS certs" classname="Kubernetes e2e suite" time="0">
          <skipped></skipped>
      </testcase>
      <testcase name="[sig-storage] Projected should be consumable from pods in volume as non-root with FSGroup [NodeFeature:FSGroup]" classname="Kubernetes e2e suite" time="0">
          <skipped></skipped>
      </testcase>
      <testcase name="[k8s.io] [Feature:Example] [k8s.io] Spark should start spark master, driver and workers" classname="Kubernetes e2e suite" time="0">
          <skipped></skipped>
      </testcase>
      <testcase name="[sig-apps] CronJob should delete successful finished jobs with limit of one successful job" classname="Kubernetes e2e suite" time="106.221452656"></testcase>
      <testcase name="[sig-storage] Subpath [Volume type: gcePDPVC] should fail for new directories when readOnly specified in the volumeSource" classname="Kubernetes e2e suite" time="0">
          <skipped></skipped>
      </testcase>
      <testcase name="[sig-storage] Projected should set DefaultMode on files [NodeConformance] [Conformance]" classname="Kubernetes e2e suite" time="0">
          <skipped></skipped>
      </testcase>
      <testcase name="[sig-auth] PodSecurityPolicy should allow pods under the privileged extensions.PodSecurityPolicy" classname="Kubernetes e2e suite" time="0">
          <skipped></skipped>
      </testcase>
      <testcase name="[sig-storage] PersistentVolumes-local  [Volume type: dir] Two pods mounting a local volume one after the other should be able to write from pod1 and read from pod2" classname="Kubernetes e2e suite" time="0">
          <skipped></skipped>
      </testcase>
      <testcase name="[sig-autoscaling] Cluster size autoscaling [Slow] Should scale up GPU pool from 1 [GpuType:nvidia-tesla-k80] [Feature:ClusterSizeAutoscalingGpu]" classname="Kubernetes e2e suite" time="0">
          <skipped></skipped>
      </testcase>
      <testcase name="[sig-storage] Regional PD RegionalPD should failover to a different zone when all nodes in one zone become unreachable [Slow] [Disruptive]" classname="Kubernetes e2e suite" time="0">
          <skipped></skipped>
      </testcase>
      <testcase name="[sig-apps] DisruptionController evictions: too few pods, replicaSet, percentage =&gt; should not allow an eviction" classname="Kubernetes e2e suite" time="114.210694116"></testcase>
      <testcase name="[sig-storage] Storage Policy Based Volume Provisioning [Feature:vsphere] verify an existing and compatible SPBM policy is honored for dynamically provisioned pvc using storageclass" classname="Kubernetes e2e suite" time="0">
          <skipped></skipped>
      </testcase>
      <testcase name="[sig-api-machinery] Aggregator Should be able to support the 1.7 Sample API Server using the current Aggregator" classname="Kubernetes e2e suite" time="0">
          <skipped></skipped>
      </testcase>
      <testcase name="[sig-autoscaling] [HPA] Horizontal pod autoscaling (scale resource: CPU) [sig-autoscaling] [Serial] [Slow] ReplicationController Should scale from 5 pods to 3 pods and from 3 to 1 and verify decision stability" classname="Kubernetes e2e suite" time="0">
          <skipped></skipped>
      </testcase>
      <testcase name="[sig-storage] Subpath [Volume type: hostPath] should support non-existent path" classname="Kubernetes e2e suite" time="0">
          <skipped></skipped>
      </testcase>
      <testcase name="[sig-storage] Projected should be consumable from pods in volume with mappings as non-root [NodeConformance] [Conformance]" classname="Kubernetes e2e suite" time="0">
          <skipped></skipped>
      </testcase>
      <testcase name="[sig-apps] Network Partition [Disruptive] [Slow] [k8s.io] Pods should return to running and ready state after network partition is healed All pods on the unreachable node should be marked as NotReady upon the node turn NotReady AND all pods should be mark back to Ready when the node get back to Ready before pod eviction timeout" classname="Kubernetes e2e suite" time="6.182423031">
          <skipped></skipped>
      </testcase>
      <testcase name="[sig-network] Networking IPerf IPv4 [Experimental] [Feature:Networking-IPv4] [Slow] [Feature:Networking-Performance] should transfer ~ 1GB onto the service endpoint 1 servers (maximum of 1 clients)" classname="Kubernetes e2e suite" time="0">
          <skipped></skipped>
      </testcase>
      <testcase name="[sig-storage] Subpath [Volume type: gcePDPartitioned] should fail if subpath file is outside the volume [Slow]" classname="Kubernetes e2e suite" time="0">
          <skipped></skipped>
      </testcase>
      <testcase name="[sig-storage] Subpath [Volume type: gluster] should fail if non-existent subpath is outside the volume [Slow]" classname="Kubernetes e2e suite" time="0">
          <skipped></skipped>
      </testcase>
      <testcase name="[sig-storage] Volume Placement should create and delete pod with the same volume source attach/detach to different worker nodes" classname="Kubernetes e2e suite" time="0">
          <skipped></skipped>
      </testcase>
      <testcase name="[sig-storage] Secrets should be consumable from pods in volume with mappings [NodeConformance] [Conformance]" classname="Kubernetes e2e suite" time="0">
          <skipped></skipped>
      </testcase>
      <testcase name="[sig-autoscaling] Cluster size autoscaling [Slow] shouldn&#39;t scale up when expendable pod is preempted [Feature:ClusterSizeAutoscalingScaleUp]" classname="Kubernetes e2e suite" time="0">
          <skipped></skipped>
      </testcase>
      <testcase name="[sig-storage] Projected should provide container&#39;s cpu request [NodeConformance] [Conformance]" classname="Kubernetes e2e suite" time="0">
          <skipped></skipped>
      </testcase>
      <testcase name="[sig-api-machinery] Watchers should be able to restart watching from the last resource version observed by the previous watch [Conformance]" classname="Kubernetes e2e suite" time="0">
          <skipped></skipped>
      </testcase>
      <testcase name="[sig-cli] Kubectl client [k8s.io] Kubectl run pod should create a pod from an image when restart is Never  [Conformance]" classname="Kubernetes e2e suite" time="0">
          <skipped></skipped>
      </testcase>
      <testcase name="[sig-network] Services should preserve source pod IP for traffic thru service cluster IP" classname="Kubernetes e2e suite" time="0">
          <skipped></skipped>
      </testcase>
      <testcase name="[sig-storage] Subpath [Volume type: gluster] should support restarting containers using directory as subpath [Slow]" classname="Kubernetes e2e suite" time="0">
          <skipped></skipped>
      </testcase>
      <testcase name="[sig-storage] Subpath [Volume type: hostPath] should support readOnly file specified in the volumeMount" classname="Kubernetes e2e suite" time="0">
          <skipped></skipped>
      </testcase>
      <testcase name="[sig-apps] CronJob should replace jobs when ReplaceConcurrent" classname="Kubernetes e2e suite" time="148.221339614"></testcase>
      <testcase name="[sig-cli] Kubectl Port forwarding [k8s.io] With a server listening on localhost [k8s.io] that expects NO client request should support a client that connects, sends DATA, and disconnects" classname="Kubernetes e2e suite" time="0">
          <skipped></skipped>
      </testcase>
      <testcase name="[sig-storage] Storage Policy Based Volume Provisioning [Feature:vsphere] verify VSAN storage capability with valid diskStripes and objectSpaceReservation values and a VSAN datastore is honored for dynamically provisioned pvc using storageclass" classname="Kubernetes e2e suite" time="0">
          <skipped></skipped>
      </testcase>
      <testcase name="[sig-api-machinery] Downward API should provide host IP as an env var [NodeConformance] [Conformance]" classname="Kubernetes e2e suite" time="0">
          <skipped></skipped>
      </testcase>
      <testcase name="[sig-apps] ReplicaSet should serve a basic image on each replica with a private image" classname="Kubernetes e2e suite" time="6.18846966">
          <skipped></skipped>
      </testcase>
      <testcase name="[sig-apps] Daemon set [Serial] should not update pod when spec was updated and update strategy is OnDelete" classname="Kubernetes e2e suite" time="18.289833495"></testcase>
      <testcase name="[sig-scalability] Density [Feature:ManualPerformance] should allow starting 30 pods per node using {extensions Deployment} with 2 secrets, 0 configmaps and 0 daemons" classname="Kubernetes e2e suite" time="0">
          <skipped></skipped>
      </testcase>
      <testcase name="[sig-api-machinery] AdmissionWebhook Should mutate configmap" classname="Kubernetes e2e suite" time="0">
          <skipped></skipped>
      </testcase>
      <testcase name="[sig-scalability] Density [Feature:ManualPerformance] should allow starting 30 pods per node using {extensions Deployment} with 0 secrets, 0 configmaps and 0 daemons" classname="Kubernetes e2e suite" time="0">
          <skipped></skipped>
      </testcase>
      <testcase name="[sig-storage] PersistentVolumes NFS with Single PV - PVC pairs should create a non-pre-bound PV and PVC: test write access " classname="Kubernetes e2e suite" time="0">
          <skipped></skipped>
      </testcase>
      <testcase name="[sig-apps] Job should run a job to completion when tasks succeed" classname="Kubernetes e2e suite" time="14.201951176"></testcase>
      <testcase name="[sig-storage] Projected should be able to mount in a volume regardless of a different secret existing with same name in different namespace [NodeConformance]" classname="Kubernetes e2e suite" time="0">
          <skipped></skipped>
      </testcase>
      <testcase name="[sig-storage] Subpath [Volume type: nfs] should support non-existent path" classname="Kubernetes e2e suite" time="0">
          <skipped></skipped>
      </testcase>
      <testcase name="[sig-cli] Kubectl alpha client [k8s.io] Kubectl run CronJob should create a CronJob" classname="Kubernetes e2e suite" time="0">
          <skipped></skipped>
      </testcase>
      <testcase name="[sig-autoscaling] Cluster size autoscaling [Slow] shouldn&#39;t trigger additional scale-ups during processing scale-up [Feature:ClusterSizeAutoscalingScaleUp]" classname="Kubernetes e2e suite" time="0">
          <skipped></skipped>
      </testcase>
      <testcase name="[sig-storage] Subpath [Volume type: hostPathSymlink] should fail if subpath with backstepping is outside the volume [Slow]" classname="Kubernetes e2e suite" time="0">
          <skipped></skipped>
      </testcase>
      <testcase name="[sig-instrumentation] Logging soak [Performance] [Slow] [Disruptive] should survive logging 1KB every 1s seconds, for a duration of 2m0s, scaling up to 1 pods per node" classname="Kubernetes e2e suite" time="0">
          <skipped></skipped>
      </testcase>
      <testcase name="[k8s.io] [sig-node] Security Context [Feature:SecurityContext] should support container.SecurityContext.RunAsUser" classname="Kubernetes e2e suite" time="0">
          <skipped></skipped>
      </testcase>
      <testcase name="[sig-cli] Kubectl client [k8s.io] Kubectl patch should add annotations for pods in rc  [Conformance]" classname="Kubernetes e2e suite" time="0">
          <skipped></skipped>
      </testcase>
      <testcase name="[sig-apps] Daemon set [Serial] should run and stop complex daemon with node affinity" classname="Kubernetes e2e suite" time="16.267363078"></testcase>
      <testcase name="[sig-api-machinery] Watchers should be able to start watching from a specific resource version [Conformance]" classname="Kubernetes e2e suite" time="0">
          <skipped></skipped>
      </testcase>
      <testcase name="[sig-storage] CSI Volumes CSI plugin test using CSI driver: hostPath should provision storage" classname="Kubernetes e2e suite" time="0">
          <skipped></skipped>
      </testcase>
      <testcase name="[sig-apps] Deployment test Deployment ReplicaSet orphaning and adoption regarding controllerRef" classname="Kubernetes e2e suite" time="12.270922828"></testcase>
      <testcase name="[sig-storage] Volume Provisioning On Clustered Datastore [Feature:vsphere] verify dynamic provision with default parameter on clustered datastore" classname="Kubernetes e2e suite" time="0">
          <skipped></skipped>
      </testcase>
      <testcase name="[sig-network] Loadbalancing: L7 GCE [Slow] [Feature:Ingress] should create ingress with backend HTTPS" classname="Kubernetes e2e suite" time="0">
          <skipped></skipped>
      </testcase>
      <testcase name="[sig-storage] PersistentVolumes-local  [Volume type: gce-localssd-scsi-fs] [Serial] Two pods mounting a local volume one after the other should be able to write from pod1 and read from pod2" classname="Kubernetes e2e suite" time="0">
          <skipped></skipped>
      </testcase>
  </testsuite>