<?xml version="1.0" encoding="UTF-8"?>
  <testsuite tests="60" failures="3" time="5448.784495054">
      <testcase name="[sig-storage] Secrets should be consumable from pods in volume with mappings and Item Mode set [NodeConformance] [Conformance]" classname="Kubernetes e2e suite" time="0">
          <skipped></skipped>
      </testcase>
      <testcase name="[sig-network] Services should be able to change the type from ExternalName to NodePort" classname="Kubernetes e2e suite" time="0">
          <skipped></skipped>
      </testcase>
      <testcase name="[sig-auth] [Feature:NodeAuthorizer] Getting an existing configmap should exit with the Forbidden error" classname="Kubernetes e2e suite" time="0">
          <skipped></skipped>
      </testcase>
      <testcase name="[sig-network] Services should release NodePorts on delete" classname="Kubernetes e2e suite" time="0">
          <skipped></skipped>
      </testcase>
      <testcase name="[sig-cluster-lifecycle] gpu Upgrade [Feature:GPUUpgrade] master upgrade should NOT disrupt gpu pod [Feature:GPUMasterUpgrade]" classname="Kubernetes e2e suite" time="0">
          <skipped></skipped>
      </testcase>
      <testcase name="[sig-apps] DaemonRestart [Disruptive] Controller Manager should not create/delete replicas across restart" classname="Kubernetes e2e suite" time="28.556031269">
          <skipped></skipped>
      </testcase>
      <testcase name="[k8s.io] [Feature:Example] [k8s.io] Hazelcast should create and scale hazelcast" classname="Kubernetes e2e suite" time="0">
          <skipped></skipped>
      </testcase>
      <testcase name="[sig-network] DNS should provide DNS for pods for Hostname and Subdomain" classname="Kubernetes e2e suite" time="0">
          <skipped></skipped>
      </testcase>
      <testcase name="[sig-scheduling] SchedulerPreemption [Serial] validates pod anti-affinity works in preemption" classname="Kubernetes e2e suite" time="0">
          <skipped></skipped>
      </testcase>
      <testcase name="[sig-storage] Subpath [Volume type: nfs] should support non-existent path" classname="Kubernetes e2e suite" time="0">
          <skipped></skipped>
      </testcase>
      <testcase name="[sig-network] Networking IPerf IPv6 [Experimental] [Feature:Networking-IPv6] [Slow] [Feature:Networking-Performance] should transfer ~ 1GB onto the service endpoint 1 servers (maximum of 1 clients)" classname="Kubernetes e2e suite" time="0">
          <skipped></skipped>
      </testcase>
      <testcase name="[sig-api-machinery] AdmissionWebhook Should not be able to prevent deleting validating-webhook-configurations or mutating-webhook-configurations" classname="Kubernetes e2e suite" time="0">
          <skipped></skipped>
      </testcase>
      <testcase name="[sig-storage] GenericPersistentVolume[Disruptive] When kubelet restarts Should test that a file written to the mount before kubelet restart is readable after restart." classname="Kubernetes e2e suite" time="0">
          <skipped></skipped>
      </testcase>
      <testcase name="[k8s.io] PrivilegedPod [NodeConformance] should enable privileged commands" classname="Kubernetes e2e suite" time="0">
          <skipped></skipped>
      </testcase>
      <testcase name="[sig-network] Loadbalancing: L7 GCE [Slow] [Feature:kubemci] should conform to Ingress spec" classname="Kubernetes e2e suite" time="0">
          <skipped></skipped>
      </testcase>
      <testcase name="[sig-cli] Kubectl Port forwarding [k8s.io] With a server listening on 0.0.0.0 [k8s.io] that expects a client request should support a client that connects, sends DATA, and disconnects" classname="Kubernetes e2e suite" time="0">
          <skipped></skipped>
      </testcase>
      <testcase name="[sig-storage] Pod Disks detach in a disrupted environment [Slow] [Disruptive] when node&#39;s API object is deleted" classname="Kubernetes e2e suite" time="0">
          <skipped></skipped>
      </testcase>
      <testcase name="[sig-storage] Secrets should be consumable from pods in volume as non-root with defaultMode and fsGroup set [NodeConformance] [Conformance]" classname="Kubernetes e2e suite" time="0">
          <skipped></skipped>
      </testcase>
      <testcase name="[sig-storage] Subpath [Volume type: gluster] should fail if subpath with backstepping is outside the volume [Slow]" classname="Kubernetes e2e suite" time="0">
          <skipped></skipped>
      </testcase>
      <testcase name="[sig-cli] Kubectl client [k8s.io] Kubectl taint [Serial] should remove all the taints with the same key off a node" classname="Kubernetes e2e suite" time="0">
          <skipped></skipped>
      </testcase>
      <testcase name="[sig-storage] Subpath [Volume type: gcePDPartitioned] should support existing directories when readOnly specified in the volumeSource" classname="Kubernetes e2e suite" time="0">
          <skipped></skipped>
      </testcase>
      <testcase name="[sig-api-machinery] Watchers should be able to start watching from a specific resource version [Conformance]" classname="Kubernetes e2e suite" time="0">
          <skipped></skipped>
      </testcase>
      <testcase name="[sig-auth] [Feature:NodeAuthorizer] A node shouldn&#39;t be able to delete another node" classname="Kubernetes e2e suite" time="0">
          <skipped></skipped>
      </testcase>
      <testcase name="[sig-apps] CronJob should not schedule new jobs when ForbidConcurrent [Slow]" classname="Kubernetes e2e suite" time="348.547758245"></testcase>
      <testcase name="[sig-apps] ReplicationController should serve a basic image on each replica with a private image" classname="Kubernetes e2e suite" time="6.483551858">
          <skipped></skipped>
      </testcase>
      <testcase name="[sig-storage] PersistentVolumes-local  [Volume type: gce-localssd-scsi-fs] [Serial] Set fsGroup for local volume should set same fsGroup for two pods simultaneously" classname="Kubernetes e2e suite" time="0">
          <skipped></skipped>
      </testcase>
      <testcase name="[sig-storage] Subpath [Volume type: hostPathSymlink] should support restarting containers using directory as subpath [Slow]" classname="Kubernetes e2e suite" time="0">
          <skipped></skipped>
      </testcase>
      <testcase name="[sig-storage] PersistentVolumes-local  Local volume that cannot be mounted [Slow] should fail due to wrong node" classname="Kubernetes e2e suite" time="0">
          <skipped></skipped>
      </testcase>
      <testcase name="[sig-auth] PodSecurityPolicy should enforce the restricted extensions.PodSecurityPolicy" classname="Kubernetes e2e suite" time="0">
          <skipped></skipped>
      </testcase>
      <testcase name="[sig-cluster-lifecycle] gpu Upgrade [Feature:GPUUpgrade] cluster downgrade should be able to run gpu pod after downgrade [Feature:GPUClusterDowngrade]" classname="Kubernetes e2e suite" time="0">
          <skipped></skipped>
      </testcase>
      <testcase name="[sig-apps] Network Partition [Disruptive] [Slow] [k8s.io] [ReplicationController] should recreate pods scheduled on the unreachable node AND allow scheduling of pods on a node after it rejoins the cluster" classname="Kubernetes e2e suite" time="6.474581418">
          <skipped></skipped>
      </testcase>
      <testcase name="[sig-storage] PersistentVolumes:vsphere should test that deleting the PV before the pod does not cause pod deletion to fail on vspehre volume detach" classname="Kubernetes e2e suite" time="0">
          <skipped></skipped>
      </testcase>
      <testcase name="[sig-network] Loadbalancing: L7 Scalability GCE [Slow] [Serial] [Feature:IngressScale] Creating and updating ingresses should happen promptly with small/medium/large amount of ingresses" classname="Kubernetes e2e suite" time="0">
          <skipped></skipped>
      </testcase>
      <testcase name="[sig-network] DNS should provide DNS for ExternalName services" classname="Kubernetes e2e suite" time="0">
          <skipped></skipped>
      </testcase>
      <testcase name="[sig-api-machinery] Garbage collector should support orphan deletion of custom resources" classname="Kubernetes e2e suite" time="0">
          <skipped></skipped>
      </testcase>
      <testcase name="[sig-cli] Kubectl Port forwarding [k8s.io] With a server listening on localhost [k8s.io] that expects a client request should support a client that connects, sends DATA, and disconnects" classname="Kubernetes e2e suite" time="0">
          <skipped></skipped>
      </testcase>
      <testcase name="[sig-instrumentation] Kibana Logging Instances Is Alive [Feature:Elasticsearch] should check that the Kibana logging instance is alive" classname="Kubernetes e2e suite" time="0">
          <skipped></skipped>
      </testcase>
      <testcase name="[sig-scheduling] SchedulerPredicates [Serial] validates that taints-tolerations is respected if not matching" classname="Kubernetes e2e suite" time="0">
          <skipped></skipped>
      </testcase>
      <testcase name="[sig-scheduling] SchedulerPreemption [Serial] validates basic preemption works" classname="Kubernetes e2e suite" time="0">
          <skipped></skipped>
      </testcase>
      <testcase name="[sig-cluster-lifecycle] gpu Upgrade [Feature:GPUUpgrade] cluster upgrade should be able to run gpu pod after upgrade [Feature:GPUClusterUpgrade]" classname="Kubernetes e2e suite" time="0">
          <skipped></skipped>
      </testcase>
      <testcase name="[sig-storage] Volume Attach Verify [Feature:vsphere][Serial][Disruptive] verify volume remains attached after master kubelet restart" classname="Kubernetes e2e suite" time="0">
          <skipped></skipped>
      </testcase>
      <testcase name="[sig-storage] PersistentVolumes-local  [Volume type: dir-link] Set fsGroup for local volume should not set different fsGroups for two pods simultaneously" classname="Kubernetes e2e suite" time="0">
          <skipped></skipped>
      </testcase>
      <testcase name="[sig-autoscaling] Cluster size autoscaling [Slow] Should scale down GPU pool from 1 [GpuType:nvidia-tesla-p100] [Feature:ClusterSizeAutoscalingGpu]" classname="Kubernetes e2e suite" time="0">
          <skipped></skipped>
      </testcase>
      <testcase name="[sig-storage] [Serial] Volume metrics PVController should create unbound pvc count metrics for pvc controller after creating pvc only" classname="Kubernetes e2e suite" time="0">
          <skipped></skipped>
      </testcase>
      <testcase name="[k8s.io] KubeletManagedEtcHosts should test kubelet managed /etc/hosts file [NodeConformance] [Conformance]" classname="Kubernetes e2e suite" time="0">
          <skipped></skipped>
      </testcase>
      <testcase name="[sig-apps] Deployment RecreateDeployment should delete old pods and create new ones" classname="Kubernetes e2e suite" time="11.418742374"></testcase>
      <testcase name="[sig-apps] ReplicationController should surface a failure condition on a common issue like exceeded quota" classname="Kubernetes e2e suite" time="7.654852205"></testcase>
      <testcase name="[sig-auth] PodSecurityPolicy should allow pods under the privileged policy.PodSecurityPolicy" classname="Kubernetes e2e suite" time="0">
          <skipped></skipped>
      </testcase>
      <testcase name="[sig-cli] Kubectl client [k8s.io] Kubectl run deployment should create a deployment from an image  [Conformance]" classname="Kubernetes e2e suite" time="0">
          <skipped></skipped>
      </testcase>
      <testcase name="[sig-instrumentation] Stackdriver Monitoring should run Custom Metrics - Stackdriver Adapter for new resource model [Feature:StackdriverCustomMetrics]" classname="Kubernetes e2e suite" time="0">
          <skipped></skipped>
      </testcase>
      <testcase name="[sig-auth] PodSecurityPolicy should forbid pod creation when no PSP is available" classname="Kubernetes e2e suite" time="0">
          <skipped></skipped>
      </testcase>
      <testcase name="[sig-storage] Subpath [Volume type: gluster] should support existing directories when readOnly specified in the volumeSource" classname="Kubernetes e2e suite" time="0">
          <skipped></skipped>
      </testcase>
      <testcase name="[sig-scalability] Density [Feature:ManualPerformance] should allow starting 30 pods per node using {extensions Deployment} with 2 secrets, 0 configmaps and 0 daemons" classname="Kubernetes e2e suite" time="0">
          <skipped></skipped>
      </testcase>
      <testcase name="[sig-apps] DaemonRestart [Disruptive] Kubelet should not restart containers across restart" classname="Kubernetes e2e suite" time="38.485069495">
          <failure type="Failure">/workspace/anago-v1.11.3-beta.0.71+a4529464e4629c/src/k8s.io/kubernetes/_output/dockerized/go/src/k8s.io/kubernetes/test/e2e/apps/daemon_restart.go:297&#xA;Expected error:&#xA;    &lt;*errors.errorString | 0xc4217d6ad0&gt;: {&#xA;        s: &#34;error getting signer for provider local: &#39;error reading SSH key /root/.ssh/id_rsa: &#39;open /root/.ssh/id_rsa: no such file or directory&#39;&#39;&#34;,&#xA;    }&#xA;    error getting signer for provider local: &#39;error reading SSH key /root/.ssh/id_rsa: &#39;open /root/.ssh/id_rsa: no such file or directory&#39;&#39;&#xA;not to have occurred&#xA;/workspace/anago-v1.11.3-beta.0.71+a4529464e4629c/src/k8s.io/kubernetes/_output/dockerized/go/src/k8s.io/kubernetes/test/e2e/apps/daemon_restart.go:96</failure>
          <system-out>[BeforeEach] [sig-apps] DaemonRestart [Disruptive]&#xA;  /workspace/anago-v1.11.3-beta.0.71+a4529464e4629c/src/k8s.io/kubernetes/_output/dockerized/go/src/k8s.io/kubernetes/test/e2e/framework/framework.go:141&#xA;STEP: Creating a kubernetes client&#xA;Jun 27 10:08:41.080: INFO: &gt;&gt;&gt; kubeConfig: /tmp/kubeconfig-583934977&#xA;STEP: Building a namespace api object&#xA;STEP: Waiting for a default service account to be provisioned in namespace&#xA;[BeforeEach] [sig-apps] DaemonRestart [Disruptive]&#xA;  /workspace/anago-v1.11.3-beta.0.71+a4529464e4629c/src/k8s.io/kubernetes/_output/dockerized/go/src/k8s.io/kubernetes/test/e2e/apps/daemon_restart.go:194&#xA;STEP: creating replication controller daemonrestart10-95c0c714-98c2-11e9-ad63-aad45135813d in namespace e2e-tests-daemonrestart-cd6lc&#xA;[It] Kubelet should not restart containers across restart&#xA;  /workspace/anago-v1.11.3-beta.0.71+a4529464e4629c/src/k8s.io/kubernetes/_output/dockerized/go/src/k8s.io/kubernetes/test/e2e/apps/daemon_restart.go:297&#xA;Jun 27 10:08:51.830: INFO: WARNING: SSH through the restart config might not work on local&#xA;Jun 27 10:08:51.830: INFO: Checking if Daemon kubelet on node 35.232.42.152 is up by polling for a 200 on its /healthz endpoint&#xA;Jun 27 10:08:56.831: INFO: Unexpected error occurred: error getting signer for provider local: &#39;error reading SSH key /root/.ssh/id_rsa: &#39;open /root/.ssh/id_rsa: no such file or directory&#39;&#39;&#xA;[AfterEach] [sig-apps] DaemonRestart [Disruptive]&#xA;  /workspace/anago-v1.11.3-beta.0.71+a4529464e4629c/src/k8s.io/kubernetes/_output/dockerized/go/src/k8s.io/kubernetes/test/e2e/framework/framework.go:142&#xA;STEP: Collecting events from namespace &#34;e2e-tests-daemonrestart-cd6lc&#34;.&#xA;STEP: Found 50 events.&#xA;Jun 27 10:08:56.844: INFO: At 2019-06-27 10:08:41 +0000 UTC - event for daemonrestart10-95c0c714-98c2-11e9-ad63-aad45135813d: {replication-controller } SuccessfulCreate: Created pod: daemonrestart10-95c0c714-98c2-11e9-ad63-aad45135813d-82g9s&#xA;Jun 27 10:08:56.844: INFO: At 2019-06-27 10:08:41 +0000 UTC - event for daemonrestart10-95c0c714-98c2-11e9-ad63-aad45135813d: {replication-controller } SuccessfulCreate: Created pod: daemonrestart10-95c0c714-98c2-11e9-ad63-aad45135813d-ggm5l&#xA;Jun 27 10:08:56.844: INFO: At 2019-06-27 10:08:41 +0000 UTC - event for daemonrestart10-95c0c714-98c2-11e9-ad63-aad45135813d: {replication-controller } SuccessfulCreate: Created pod: daemonrestart10-95c0c714-98c2-11e9-ad63-aad45135813d-cqw6l&#xA;Jun 27 10:08:56.844: INFO: At 2019-06-27 10:08:41 +0000 UTC - event for daemonrestart10-95c0c714-98c2-11e9-ad63-aad45135813d-82g9s: {default-scheduler } Scheduled: Successfully assigned e2e-tests-daemonrestart-cd6lc/daemonrestart10-95c0c714-98c2-11e9-ad63-aad45135813d-82g9s to gke-standard-cluster-1-default-pool-04796f61-dmzx&#xA;Jun 27 10:08:56.844: INFO: At 2019-06-27 10:08:41 +0000 UTC - event for daemonrestart10-95c0c714-98c2-11e9-ad63-aad45135813d-ggm5l: {default-scheduler } Scheduled: Successfully assigned e2e-tests-daemonrestart-cd6lc/daemonrestart10-95c0c714-98c2-11e9-ad63-aad45135813d-ggm5l to gke-standard-cluster-1-default-pool-04796f61-2br3&#xA;Jun 27 10:08:56.844: INFO: At 2019-06-27 10:08:42 +0000 UTC - event for daemonrestart10-95c0c714-98c2-11e9-ad63-aad45135813d: {replication-controller } SuccessfulCreate: Created pod: daemonrestart10-95c0c714-98c2-11e9-ad63-aad45135813d-9ncz9&#xA;Jun 27 10:08:56.844: INFO: At 2019-06-27 10:08:42 +0000 UTC - event for daemonrestart10-95c0c714-98c2-11e9-ad63-aad45135813d: {replication-controller } SuccessfulCreate: Created pod: daemonrestart10-95c0c714-98c2-11e9-ad63-aad45135813d-ncg97&#xA;Jun 27 10:08:56.844: INFO: At 2019-06-27 10:08:42 +0000 UTC - event for daemonrestart10-95c0c714-98c2-11e9-ad63-aad45135813d: {replication-controller } SuccessfulCreate: Created pod: daemonrestart10-95c0c714-98c2-11e9-ad63-aad45135813d-n5zw4&#xA;Jun 27 10:08:56.844: INFO: At 2019-06-27 10:08:42 +0000 UTC - event for daemonrestart10-95c0c714-98c2-11e9-ad63-aad45135813d: {replication-controller } SuccessfulCreate: Created pod: daemonrestart10-95c0c714-98c2-11e9-ad63-aad45135813d-hdwcw&#xA;Jun 27 10:08:56.844: INFO: At 2019-06-27 10:08:42 +0000 UTC - event for daemonrestart10-95c0c714-98c2-11e9-ad63-aad45135813d: {replication-controller } SuccessfulCreate: Created pod: daemonrestart10-95c0c714-98c2-11e9-ad63-aad45135813d-fj64k&#xA;Jun 27 10:08:56.844: INFO: At 2019-06-27 10:08:42 +0000 UTC - event for daemonrestart10-95c0c714-98c2-11e9-ad63-aad45135813d: {replication-controller } SuccessfulCreate: Created pod: daemonrestart10-95c0c714-98c2-11e9-ad63-aad45135813d-fjvqg&#xA;Jun 27 10:08:56.844: INFO: At 2019-06-27 10:08:42 +0000 UTC - event for daemonrestart10-95c0c714-98c2-11e9-ad63-aad45135813d: {replication-controller } SuccessfulCreate: (combined from similar events): Created pod: daemonrestart10-95c0c714-98c2-11e9-ad63-aad45135813d-wbj9l&#xA;Jun 27 10:08:56.844: INFO: At 2019-06-27 10:08:42 +0000 UTC - event for daemonrestart10-95c0c714-98c2-11e9-ad63-aad45135813d-82g9s: {kubelet gke-standard-cluster-1-default-pool-04796f61-dmzx} Started: Started container&#xA;Jun 27 10:08:56.844: INFO: At 2019-06-27 10:08:42 +0000 UTC - event for daemonrestart10-95c0c714-98c2-11e9-ad63-aad45135813d-82g9s: {kubelet gke-standard-cluster-1-default-pool-04796f61-dmzx} Created: Created container&#xA;Jun 27 10:08:56.844: INFO: At 2019-06-27 10:08:42 +0000 UTC - event for daemonrestart10-95c0c714-98c2-11e9-ad63-aad45135813d-82g9s: {kubelet gke-standard-cluster-1-default-pool-04796f61-dmzx} Pulled: Container image &#34;k8s.gcr.io/pause:3.1&#34; already present on machine&#xA;Jun 27 10:08:56.844: INFO: At 2019-06-27 10:08:42 +0000 UTC - event for daemonrestart10-95c0c714-98c2-11e9-ad63-aad45135813d-9ncz9: {kubelet gke-standard-cluster-1-default-pool-04796f61-rr33} Pulled: Container image &#34;k8s.gcr.io/pause:3.1&#34; already present on machine&#xA;Jun 27 10:08:56.844: INFO: At 2019-06-27 10:08:42 +0000 UTC - event for daemonrestart10-95c0c714-98c2-11e9-ad63-aad45135813d-9ncz9: {default-scheduler } Scheduled: Successfully assigned e2e-tests-daemonrestart-cd6lc/daemonrestart10-95c0c714-98c2-11e9-ad63-aad45135813d-9ncz9 to gke-standard-cluster-1-default-pool-04796f61-rr33&#xA;Jun 27 10:08:56.844: INFO: At 2019-06-27 10:08:42 +0000 UTC - event for daemonrestart10-95c0c714-98c2-11e9-ad63-aad45135813d-9ncz9: {kubelet gke-standard-cluster-1-default-pool-04796f61-rr33} Created: Created container&#xA;Jun 27 10:08:56.844: INFO: At 2019-06-27 10:08:42 +0000 UTC - event for daemonrestart10-95c0c714-98c2-11e9-ad63-aad45135813d-cqw6l: {default-scheduler } Scheduled: Successfully assigned e2e-tests-daemonrestart-cd6lc/daemonrestart10-95c0c714-98c2-11e9-ad63-aad45135813d-cqw6l to gke-standard-cluster-1-default-pool-04796f61-sx27&#xA;Jun 27 10:08:56.844: INFO: At 2019-06-27 10:08:42 +0000 UTC - event for daemonrestart10-95c0c714-98c2-11e9-ad63-aad45135813d-cqw6l: {kubelet gke-standard-cluster-1-default-pool-04796f61-sx27} Created: Created container&#xA;Jun 27 10:08:56.844: INFO: At 2019-06-27 10:08:42 +0000 UTC - event for daemonrestart10-95c0c714-98c2-11e9-ad63-aad45135813d-cqw6l: {kubelet gke-standard-cluster-1-default-pool-04796f61-sx27} Pulled: Container image &#34;k8s.gcr.io/pause:3.1&#34; already present on machine&#xA;Jun 27 10:08:56.844: INFO: At 2019-06-27 10:08:42 +0000 UTC - event for daemonrestart10-95c0c714-98c2-11e9-ad63-aad45135813d-fj64k: {kubelet gke-standard-cluster-1-default-pool-04796f61-2br3} Pulled: Container image &#34;k8s.gcr.io/pause:3.1&#34; already present on machine&#xA;Jun 27 10:08:56.844: INFO: At 2019-06-27 10:08:42 +0000 UTC - event for daemonrestart10-95c0c714-98c2-11e9-ad63-aad45135813d-fj64k: {default-scheduler } Scheduled: Successfully assigned e2e-tests-daemonrestart-cd6lc/daemonrestart10-95c0c714-98c2-11e9-ad63-aad45135813d-fj64k to gke-standard-cluster-1-default-pool-04796f61-2br3&#xA;Jun 27 10:08:56.844: INFO: At 2019-06-27 10:08:42 +0000 UTC - event for daemonrestart10-95c0c714-98c2-11e9-ad63-aad45135813d-fj64k: {kubelet gke-standard-cluster-1-default-pool-04796f61-2br3} Started: Started container&#xA;Jun 27 10:08:56.844: INFO: At 2019-06-27 10:08:42 +0000 UTC - event for daemonrestart10-95c0c714-98c2-11e9-ad63-aad45135813d-fj64k: {kubelet gke-standard-cluster-1-default-pool-04796f61-2br3} Created: Created container&#xA;Jun 27 10:08:56.844: INFO: At 2019-06-27 10:08:42 +0000 UTC - event for daemonrestart10-95c0c714-98c2-11e9-ad63-aad45135813d-fjvqg: {default-scheduler } Scheduled: Successfully assigned e2e-tests-daemonrestart-cd6lc/daemonrestart10-95c0c714-98c2-11e9-ad63-aad45135813d-fjvqg to gke-standard-cluster-1-default-pool-04796f61-rr33&#xA;Jun 27 10:08:56.844: INFO: At 2019-06-27 10:08:42 +0000 UTC - event for daemonrestart10-95c0c714-98c2-11e9-ad63-aad45135813d-ggm5l: {kubelet gke-standard-cluster-1-default-pool-04796f61-2br3} Pulled: Container image &#34;k8s.gcr.io/pause:3.1&#34; already present on machine&#xA;Jun 27 10:08:56.844: INFO: At 2019-06-27 10:08:42 +0000 UTC - event for daemonrestart10-95c0c714-98c2-11e9-ad63-aad45135813d-ggm5l: {kubelet gke-standard-cluster-1-default-pool-04796f61-2br3} Started: Started container&#xA;Jun 27 10:08:56.844: INFO: At 2019-06-27 10:08:42 +0000 UTC - event for daemonrestart10-95c0c714-98c2-11e9-ad63-aad45135813d-ggm5l: {kubelet gke-standard-cluster-1-default-pool-04796f61-2br3} Created: Created container&#xA;Jun 27 10:08:56.844: INFO: At 2019-06-27 10:08:42 +0000 UTC - event for daemonrestart10-95c0c714-98c2-11e9-ad63-aad45135813d-hdwcw: {default-scheduler } Scheduled: Successfully assigned e2e-tests-daemonrestart-cd6lc/daemonrestart10-95c0c714-98c2-11e9-ad63-aad45135813d-hdwcw to gke-standard-cluster-1-default-pool-04796f61-sx27&#xA;Jun 27 10:08:56.844: INFO: At 2019-06-27 10:08:42 +0000 UTC - event for daemonrestart10-95c0c714-98c2-11e9-ad63-aad45135813d-n5zw4: {default-scheduler } Scheduled: Successfully assigned e2e-tests-daemonrestart-cd6lc/daemonrestart10-95c0c714-98c2-11e9-ad63-aad45135813d-n5zw4 to gke-standard-cluster-1-default-pool-04796f61-dmzx&#xA;Jun 27 10:08:56.844: INFO: At 2019-06-27 10:08:42 +0000 UTC - event for daemonrestart10-95c0c714-98c2-11e9-ad63-aad45135813d-n5zw4: {kubelet gke-standard-cluster-1-default-pool-04796f61-dmzx} Pulled: Container image &#34;k8s.gcr.io/pause:3.1&#34; already present on machine&#xA;Jun 27 10:08:56.844: INFO: At 2019-06-27 10:08:42 +0000 UTC - event for daemonrestart10-95c0c714-98c2-11e9-ad63-aad45135813d-ncg97: {kubelet gke-standard-cluster-1-default-pool-04796f61-dmzx} Pulled: Container image &#34;k8s.gcr.io/pause:3.1&#34; already present on machine&#xA;Jun 27 10:08:56.844: INFO: At 2019-06-27 10:08:42 +0000 UTC - event for daemonrestart10-95c0c714-98c2-11e9-ad63-aad45135813d-ncg97: {kubelet gke-standard-cluster-1-default-pool-04796f61-dmzx} Created: Created container&#xA;Jun 27 10:08:56.844: INFO: At 2019-06-27 10:08:42 +0000 UTC - event for daemonrestart10-95c0c714-98c2-11e9-ad63-aad45135813d-ncg97: {default-scheduler } Scheduled: Successfully assigned e2e-tests-daemonrestart-cd6lc/daemonrestart10-95c0c714-98c2-11e9-ad63-aad45135813d-ncg97 to gke-standard-cluster-1-default-pool-04796f61-dmzx&#xA;Jun 27 10:08:56.844: INFO: At 2019-06-27 10:08:42 +0000 UTC - event for daemonrestart10-95c0c714-98c2-11e9-ad63-aad45135813d-wbj9l: {default-scheduler } Scheduled: Successfully assigned e2e-tests-daemonrestart-cd6lc/daemonrestart10-95c0c714-98c2-11e9-ad63-aad45135813d-wbj9l to gke-standard-cluster-1-default-pool-04796f61-2br3&#xA;Jun 27 10:08:56.844: INFO: At 2019-06-27 10:08:43 +0000 UTC - event for daemonrestart10-95c0c714-98c2-11e9-ad63-aad45135813d-9ncz9: {kubelet gke-standard-cluster-1-default-pool-04796f61-rr33} Started: Started container&#xA;Jun 27 10:08:56.844: INFO: At 2019-06-27 10:08:43 +0000 UTC - event for daemonrestart10-95c0c714-98c2-11e9-ad63-aad45135813d-cqw6l: {kubelet gke-standard-cluster-1-default-pool-04796f61-sx27} Started: Started container&#xA;Jun 27 10:08:56.844: INFO: At 2019-06-27 10:08:43 +0000 UTC - event for daemonrestart10-95c0c714-98c2-11e9-ad63-aad45135813d-fjvqg: {kubelet gke-standard-cluster-1-default-pool-04796f61-rr33} Pulled: Container image &#34;k8s.gcr.io/pause:3.1&#34; already present on machine&#xA;Jun 27 10:08:56.844: INFO: At 2019-06-27 10:08:43 +0000 UTC - event for daemonrestart10-95c0c714-98c2-11e9-ad63-aad45135813d-fjvqg: {kubelet gke-standard-cluster-1-default-pool-04796f61-rr33} Started: Started container&#xA;Jun 27 10:08:56.844: INFO: At 2019-06-27 10:08:43 +0000 UTC - event for daemonrestart10-95c0c714-98c2-11e9-ad63-aad45135813d-fjvqg: {kubelet gke-standard-cluster-1-default-pool-04796f61-rr33} Created: Created container&#xA;Jun 27 10:08:56.845: INFO: At 2019-06-27 10:08:43 +0000 UTC - event for daemonrestart10-95c0c714-98c2-11e9-ad63-aad45135813d-hdwcw: {kubelet gke-standard-cluster-1-default-pool-04796f61-sx27} Started: Started container&#xA;Jun 27 10:08:56.845: INFO: At 2019-06-27 10:08:43 +0000 UTC - event for daemonrestart10-95c0c714-98c2-11e9-ad63-aad45135813d-hdwcw: {kubelet gke-standard-cluster-1-default-pool-04796f61-sx27} Created: Created container&#xA;Jun 27 10:08:56.845: INFO: At 2019-06-27 10:08:43 +0000 UTC - event for daemonrestart10-95c0c714-98c2-11e9-ad63-aad45135813d-hdwcw: {kubelet gke-standard-cluster-1-default-pool-04796f61-sx27} Pulled: Container image &#34;k8s.gcr.io/pause:3.1&#34; already present on machine&#xA;Jun 27 10:08:56.845: INFO: At 2019-06-27 10:08:43 +0000 UTC - event for daemonrestart10-95c0c714-98c2-11e9-ad63-aad45135813d-n5zw4: {kubelet gke-standard-cluster-1-default-pool-04796f61-dmzx} Started: Started container&#xA;Jun 27 10:08:56.845: INFO: At 2019-06-27 10:08:43 +0000 UTC - event for daemonrestart10-95c0c714-98c2-11e9-ad63-aad45135813d-n5zw4: {kubelet gke-standard-cluster-1-default-pool-04796f61-dmzx} Created: Created container&#xA;Jun 27 10:08:56.845: INFO: At 2019-06-27 10:08:43 +0000 UTC - event for daemonrestart10-95c0c714-98c2-11e9-ad63-aad45135813d-ncg97: {kubelet gke-standard-cluster-1-default-pool-04796f61-dmzx} Started: Started container&#xA;Jun 27 10:08:56.845: INFO: At 2019-06-27 10:08:43 +0000 UTC - event for daemonrestart10-95c0c714-98c2-11e9-ad63-aad45135813d-wbj9l: {kubelet gke-standard-cluster-1-default-pool-04796f61-2br3} Started: Started container&#xA;Jun 27 10:08:56.845: INFO: At 2019-06-27 10:08:43 +0000 UTC - event for daemonrestart10-95c0c714-98c2-11e9-ad63-aad45135813d-wbj9l: {kubelet gke-standard-cluster-1-default-pool-04796f61-2br3} Created: Created container&#xA;Jun 27 10:08:56.845: INFO: At 2019-06-27 10:08:43 +0000 UTC - event for daemonrestart10-95c0c714-98c2-11e9-ad63-aad45135813d-wbj9l: {kubelet gke-standard-cluster-1-default-pool-04796f61-2br3} Pulled: Container image &#34;k8s.gcr.io/pause:3.1&#34; already present on machine&#xA;Jun 27 10:08:56.873: INFO: POD                                                           NODE                                               PHASE    GRACE  CONDITIONS&#xA;Jun 27 10:08:56.873: INFO: daemonrestart10-95c0c714-98c2-11e9-ad63-aad45135813d-82g9s    gke-standard-cluster-1-default-pool-04796f61-dmzx  Running         [{Initialized True 0001-01-01 00:00:00 +0000 UTC 2019-06-27 10:08:41 +0000 UTC  } {Ready True 0001-01-01 00:00:00 +0000 UTC 2019-06-27 10:08:44 +0000 UTC  } {ContainersReady True 0001-01-01 00:00:00 +0000 UTC 0001-01-01 00:00:00 +0000 UTC  } {PodScheduled True 0001-01-01 00:00:00 +0000 UTC 2019-06-27 10:08:41 +0000 UTC  }]&#xA;Jun 27 10:08:56.873: INFO: daemonrestart10-95c0c714-98c2-11e9-ad63-aad45135813d-9ncz9    gke-standard-cluster-1-default-pool-04796f61-rr33  Running         [{Initialized True 0001-01-01 00:00:00 +0000 UTC 2019-06-27 10:08:42 +0000 UTC  } {Ready True 0001-01-01 00:00:00 +0000 UTC 2019-06-27 10:08:43 +0000 UTC  } {ContainersReady True 0001-01-01 00:00:00 +0000 UTC 0001-01-01 00:00:00 +0000 UTC  } {PodScheduled True 0001-01-01 00:00:00 +0000 UTC 2019-06-27 10:08:42 +0000 UTC  }]&#xA;Jun 27 10:08:56.873: INFO: daemonrestart10-95c0c714-98c2-11e9-ad63-aad45135813d-cqw6l    gke-standard-cluster-1-default-pool-04796f61-sx27  Running         [{Initialized True 0001-01-01 00:00:00 +0000 UTC 2019-06-27 10:08:41 +0000 UTC  } {Ready True 0001-01-01 00:00:00 +0000 UTC 2019-06-27 10:08:43 +0000 UTC  } {ContainersReady True 0001-01-01 00:00:00 +0000 UTC 0001-01-01 00:00:00 +0000 UTC  } {PodScheduled True 0001-01-01 00:00:00 +0000 UTC 2019-06-27 10:08:41 +0000 UTC  }]&#xA;Jun 27 10:08:56.873: INFO: daemonrestart10-95c0c714-98c2-11e9-ad63-aad45135813d-fj64k    gke-standard-cluster-1-default-pool-04796f61-2br3  Running         [{Initialized True 0001-01-01 00:00:00 +0000 UTC 2019-06-27 10:08:42 +0000 UTC  } {Ready True 0001-01-01 00:00:00 +0000 UTC 2019-06-27 10:08:43 +0000 UTC  } {ContainersReady True 0001-01-01 00:00:00 +0000 UTC 0001-01-01 00:00:00 +0000 UTC  } {PodScheduled True 0001-01-01 00:00:00 +0000 UTC 2019-06-27 10:08:42 +0000 UTC  }]&#xA;Jun 27 10:08:56.873: INFO: daemonrestart10-95c0c714-98c2-11e9-ad63-aad45135813d-fjvqg    gke-standard-cluster-1-default-pool-04796f61-rr33  Running         [{Initialized True 0001-01-01 00:00:00 +0000 UTC 2019-06-27 10:08:42 +0000 UTC  } {Ready True 0001-01-01 00:00:00 +0000 UTC 2019-06-27 10:08:44 +0000 UTC  } {ContainersReady True 0001-01-01 00:00:00 +0000 UTC 0001-01-01 00:00:00 +0000 UTC  } {PodScheduled True 0001-01-01 00:00:00 +0000 UTC 2019-06-27 10:08:42 +0000 UTC  }]&#xA;Jun 27 10:08:56.873: INFO: daemonrestart10-95c0c714-98c2-11e9-ad63-aad45135813d-ggm5l    gke-standard-cluster-1-default-pool-04796f61-2br3  Running         [{Initialized True 0001-01-01 00:00:00 +0000 UTC 2019-06-27 10:08:41 +0000 UTC  } {Ready True 0001-01-01 00:00:00 +0000 UTC 2019-06-27 10:08:43 +0000 UTC  } {ContainersReady True 0001-01-01 00:00:00 +0000 UTC 0001-01-01 00:00:00 +0000 UTC  } {PodScheduled True 0001-01-01 00:00:00 +0000 UTC 2019-06-27 10:08:41 +0000 UTC  }]&#xA;Jun 27 10:08:56.873: INFO: daemonrestart10-95c0c714-98c2-11e9-ad63-aad45135813d-hdwcw    gke-standard-cluster-1-default-pool-04796f61-sx27  Running         [{Initialized True 0001-01-01 00:00:00 +0000 UTC 2019-06-27 10:08:42 +0000 UTC  } {Ready True 0001-01-01 00:00:00 +0000 UTC 2019-06-27 10:08:43 +0000 UTC  } {ContainersReady True 0001-01-01 00:00:00 +0000 UTC 0001-01-01 00:00:00 +0000 UTC  } {PodScheduled True 0001-01-01 00:00:00 +0000 UTC 2019-06-27 10:08:42 +0000 UTC  }]&#xA;Jun 27 10:08:56.873: INFO: daemonrestart10-95c0c714-98c2-11e9-ad63-aad45135813d-n5zw4    gke-standard-cluster-1-default-pool-04796f61-dmzx  Running         [{Initialized True 0001-01-01 00:00:00 +0000 UTC 2019-06-27 10:08:42 +0000 UTC  } {Ready True 0001-01-01 00:00:00 +0000 UTC 2019-06-27 10:08:44 +0000 UTC  } {ContainersReady True 0001-01-01 00:00:00 +0000 UTC 0001-01-01 00:00:00 +0000 UTC  } {PodScheduled True 0001-01-01 00:00:00 +0000 UTC 2019-06-27 10:08:42 +0000 UTC  }]&#xA;Jun 27 10:08:56.873: INFO: daemonrestart10-95c0c714-98c2-11e9-ad63-aad45135813d-ncg97    gke-standard-cluster-1-default-pool-04796f61-dmzx  Running         [{Initialized True 0001-01-01 00:00:00 +0000 UTC 2019-06-27 10:08:42 +0000 UTC  } {Ready True 0001-01-01 00:00:00 +0000 UTC 2019-06-27 10:08:43 +0000 UTC  } {ContainersReady True 0001-01-01 00:00:00 +0000 UTC 0001-01-01 00:00:00 +0000 UTC  } {PodScheduled True 0001-01-01 00:00:00 +0000 UTC 2019-06-27 10:08:42 +0000 UTC  }]&#xA;Jun 27 10:08:56.873: INFO: daemonrestart10-95c0c714-98c2-11e9-ad63-aad45135813d-wbj9l    gke-standard-cluster-1-default-pool-04796f61-2br3  Running         [{Initialized True 0001-01-01 00:00:00 +0000 UTC 2019-06-27 10:08:42 +0000 UTC  } {Ready True 0001-01-01 00:00:00 +0000 UTC 2019-06-27 10:08:44 +0000 UTC  } {ContainersReady True 0001-01-01 00:00:00 +0000 UTC 0001-01-01 00:00:00 +0000 UTC  } {PodScheduled True 0001-01-01 00:00:00 +0000 UTC 2019-06-27 10:08:42 +0000 UTC  }]&#xA;Jun 27 10:08:56.873: INFO: sonobuoy                                                      gke-standard-cluster-1-default-pool-04796f61-2br3  Running         [{Initialized True 0001-01-01 00:00:00 +0000 UTC 2019-06-27 10:01:18 +0000 UTC  } {Ready True 0001-01-01 00:00:00 +0000 UTC 2019-06-27 10:01:32 +0000 UTC  } {ContainersReady True 0001-01-01 00:00:00 +0000 UTC 0001-01-01 00:00:00 +0000 UTC  } {PodScheduled True 0001-01-01 00:00:00 +0000 UTC 2019-06-27 10:01:18 +0000 UTC  }]&#xA;Jun 27 10:08:56.873: INFO: sonobuoy-e2e-job-3f201e2f061345e7                             gke-standard-cluster-1-default-pool-04796f61-dmzx  Running         [{Initialized True 0001-01-01 00:00:00 +0000 UTC 2019-06-27 10:01:32 +0000 UTC  } {Ready True 0001-01-01 00:00:00 +0000 UTC 2019-06-27 10:02:00 +0000 UTC  } {ContainersReady True 0001-01-01 00:00:00 +0000 UTC 0001-01-01 00:00:00 +0000 UTC  } {PodScheduled True 0001-01-01 00:00:00 +0000 UTC 2019-06-27 10:01:32 +0000 UTC  }]&#xA;Jun 27 10:08:56.873: INFO: sonobuoy-systemd-logs-daemon-set-887c578ef8c54f54-28cmn       gke-standard-cluster-1-default-pool-04796f61-sx27  Running         [{Initialized True 0001-01-01 00:00:00 +0000 UTC 2019-06-27 10:01:32 +0000 UTC  } {Ready True 0001-01-01 00:00:00 +0000 UTC 2019-06-27 10:01:49 +0000 UTC  } {ContainersReady True 0001-01-01 00:00:00 +0000 UTC 0001-01-01 00:00:00 +0000 UTC  } {PodScheduled True 0001-01-01 00:00:00 +0000 UTC 2019-06-27 10:01:32 +0000 UTC  }]&#xA;Jun 27 10:08:56.873: INFO: sonobuoy-systemd-logs-daemon-set-887c578ef8c54f54-44pmg       gke-standard-cluster-1-default-pool-04796f61-2br3  Running         [{Initialized True 0001-01-01 00:00:00 +0000 UTC 2019-06-27 10:01:32 +0000 UTC  } {Ready True 0001-01-01 00:00:00 +0000 UTC 2019-06-27 10:01:45 +0000 UTC  } {ContainersReady True 0001-01-01 00:00:00 +0000 UTC 0001-01-01 00:00:00 +0000 UTC  } {PodScheduled True 0001-01-01 00:00:00 +0000 UTC 2019-06-27 10:01:32 +0000 UTC  }]&#xA;Jun 27 10:08:56.873: INFO: sonobuoy-systemd-logs-daemon-set-887c578ef8c54f54-rmqrw       gke-standard-cluster-1-default-pool-04796f61-rr33  Running         [{Initialized True 0001-01-01 00:00:00 +0000 UTC 2019-06-27 10:01:32 +0000 UTC  } {Ready True 0001-01-01 00:00:00 +0000 UTC 2019-06-27 10:01:49 +0000 UTC  } {ContainersReady True 0001-01-01 00:00:00 +0000 UTC 0001-01-01 00:00:00 +0000 UTC  } {PodScheduled True 0001-01-01 00:00:00 +0000 UTC 2019-06-27 10:01:32 +0000 UTC  }]&#xA;Jun 27 10:08:56.873: INFO: sonobuoy-systemd-logs-daemon-set-887c578ef8c54f54-xk7gb       gke-standard-cluster-1-default-pool-04796f61-dmzx  Running         [{Initialized True 0001-01-01 00:00:00 +0000 UTC 2019-06-27 10:01:32 +0000 UTC  } {Ready True 0001-01-01 00:00:00 +0000 UTC 2019-06-27 10:02:00 +0000 UTC  } {ContainersReady True 0001-01-01 00:00:00 +0000 UTC 0001-01-01 00:00:00 +0000 UTC  } {PodScheduled True 0001-01-01 00:00:00 +0000 UTC 2019-06-27 10:01:32 +0000 UTC  }]&#xA;Jun 27 10:08:56.873: INFO: event-exporter-v0.2.4-5c57bb7478-xtjl2                        gke-standard-cluster-1-default-pool-04796f61-rr33  Running         [{Initialized True 0001-01-01 00:00:00 +0000 UTC 2019-06-27 09:46:05 +0000 UTC  } {Ready True 0001-01-01 00:00:00 +0000 UTC 2019-06-27 09:46:12 +0000 UTC  } {ContainersReady True 0001-01-01 00:00:00 +0000 UTC 0001-01-01 00:00:00 +0000 UTC  } {PodScheduled True 0001-01-01 00:00:00 +0000 UTC 2019-06-27 09:46:05 +0000 UTC  }]&#xA;Jun 27 10:08:56.873: INFO: fluentd-gcp-scaler-5b5bf8b99f-vkg4s                           gke-standard-cluster-1-default-pool-04796f61-rr33  Running         [{Initialized True 0001-01-01 00:00:00 +0000 UTC 2019-06-27 09:46:05 +0000 UTC  } {Ready True 0001-01-01 00:00:00 +0000 UTC 2019-06-27 09:46:12 +0000 UTC  } {ContainersReady True 0001-01-01 00:00:00 +0000 UTC 0001-01-01 00:00:00 +0000 UTC  } {PodScheduled True 0001-01-01 00:00:00 +0000 UTC 2019-06-27 09:46:05 +0000 UTC  }]&#xA;Jun 27 10:08:56.873: INFO: fluentd-gcp-v3.2.0-2hkh9                                      gke-standard-cluster-1-default-pool-04796f61-2br3  Running         [{Initialized True 0001-01-01 00:00:00 +0000 UTC 2019-06-27 09:46:25 +0000 UTC  } {Ready True 0001-01-01 00:00:00 +0000 UTC 2019-06-27 09:46:35 +0000 UTC  } {ContainersReady True 0001-01-01 00:00:00 +0000 UTC 0001-01-01 00:00:00 +0000 UTC  } {PodScheduled True 0001-01-01 00:00:00 +0000 UTC 2019-06-27 09:46:25 +0000 UTC  }]&#xA;Jun 27 10:08:56.873: INFO: fluentd-gcp-v3.2.0-j677d                                      gke-standard-cluster-1-default-pool-04796f61-dmzx  Running         [{Initialized True 0001-01-01 00:00:00 +0000 UTC 2019-06-27 09:46:25 +0000 UTC  } {Ready True 0001-01-01 00:00:00 +0000 UTC 2019-06-27 09:46:35 +0000 UTC  } {ContainersReady True 0001-01-01 00:00:00 +0000 UTC 0001-01-01 00:00:00 +0000 UTC  } {PodScheduled True 0001-01-01 00:00:00 +0000 UTC 2019-06-27 09:46:25 +0000 UTC  }]&#xA;Jun 27 10:08:56.873: INFO: fluentd-gcp-v3.2.0-jb9xn                                      gke-standard-cluster-1-default-pool-04796f61-sx27  Running         [{Initialized True 0001-01-01 00:00:00 +0000 UTC 2019-06-27 09:46:25 +0000 UTC  } {Ready True 0001-01-01 00:00:00 +0000 UTC 2019-06-27 09:46:35 +0000 UTC  } {ContainersReady True 0001-01-01 00:00:00 +0000 UTC 0001-01-01 00:00:00 +0000 UTC  } {PodScheduled True 0001-01-01 00:00:00 +0000 UTC 2019-06-27 09:46:25 +0000 UTC  }]&#xA;Jun 27 10:08:56.873: INFO: fluentd-gcp-v3.2.0-k8m8z                                      gke-standard-cluster-1-default-pool-04796f61-rr33  Running         [{Initialized True 0001-01-01 00:00:00 +0000 UTC 2019-06-27 09:46:25 +0000 UTC  } {Ready True 0001-01-01 00:00:00 +0000 UTC 2019-06-27 09:46:36 +0000 UTC  } {ContainersReady True 0001-01-01 00:00:00 +0000 UTC 0001-01-01 00:00:00 +0000 UTC  } {PodScheduled True 0001-01-01 00:00:00 +0000 UTC 2019-06-27 09:46:25 +0000 UTC  }]&#xA;Jun 27 10:08:56.873: INFO: heapster-v1.6.0-beta.1-5dcd447597-kkgnc                       gke-standard-cluster-1-default-pool-04796f61-2br3  Running         [{Initialized True 0001-01-01 00:00:00 +0000 UTC 2019-06-27 09:46:24 +0000 UTC  } {Ready True 0001-01-01 00:00:00 +0000 UTC 2019-06-27 09:46:26 +0000 UTC  } {ContainersReady True 0001-01-01 00:00:00 +0000 UTC 0001-01-01 00:00:00 +0000 UTC  } {PodScheduled True 0001-01-01 00:00:00 +0000 UTC 2019-06-27 09:46:24 +0000 UTC  }]&#xA;Jun 27 10:08:56.873: INFO: kube-dns-76dbb796c5-4ndph                                     gke-standard-cluster-1-default-pool-04796f61-rr33  Running         [{Initialized True 0001-01-01 00:00:00 +0000 UTC 2019-06-27 09:46:05 +0000 UTC  } {Ready True 0001-01-01 00:00:00 +0000 UTC 2019-06-27 09:46:22 +0000 UTC  } {ContainersReady True 0001-01-01 00:00:00 +0000 UTC 0001-01-01 00:00:00 +0000 UTC  } {PodScheduled True 0001-01-01 00:00:00 +0000 UTC 2019-06-27 09:46:05 +0000 UTC  }]&#xA;Jun 27 10:08:56.874: INFO: kube-dns-76dbb796c5-6qg5f                                     gke-standard-cluster-1-default-pool-04796f61-sx27  Running         [{Initialized True 0001-01-01 00:00:00 +0000 UTC 2019-06-27 09:46:07 +0000 UTC  } {Ready True 0001-01-01 00:00:00 +0000 UTC 2019-06-27 09:46:20 +0000 UTC  } {ContainersReady True 0001-01-01 00:00:00 +0000 UTC 0001-01-01 00:00:00 +0000 UTC  } {PodScheduled True 0001-01-01 00:00:00 +0000 UTC 2019-06-27 09:46:07 +0000 UTC  }]&#xA;Jun 27 10:08:56.874: INFO: kube-dns-autoscaler-67c97c87fb-4j4kd                          gke-standard-cluster-1-default-pool-04796f61-rr33  Running         [{Initialized True 0001-01-01 00:00:00 +0000 UTC 2019-06-27 09:46:05 +0000 UTC  } {Ready True 0001-01-01 00:00:00 +0000 UTC 2019-06-27 09:46:12 +0000 UTC  } {ContainersReady True 0001-01-01 00:00:00 +0000 UTC 0001-01-01 00:00:00 +0000 UTC  } {PodScheduled True 0001-01-01 00:00:00 +0000 UTC 2019-06-27 09:46:05 +0000 UTC  }]&#xA;Jun 27 10:08:56.874: INFO: kube-proxy-gke-standard-cluster-1-default-pool-04796f61-2br3  gke-standard-cluster-1-default-pool-04796f61-2br3  Running         [{Initialized True 0001-01-01 00:00:00 +0000 UTC 2019-06-27 09:46:05 +0000 UTC  } {Ready True 0001-01-01 00:00:00 +0000 UTC 2019-06-27 09:46:06 +0000 UTC  } {ContainersReady True 0001-01-01 00:00:00 +0000 UTC 0001-01-01 00:00:00 +0000 UTC  } {PodScheduled True 0001-01-01 00:00:00 +0000 UTC 2019-06-27 09:46:05 +0000 UTC  }]&#xA;Jun 27 10:08:56.874: INFO: kube-proxy-gke-standard-cluster-1-default-pool-04796f61-dmzx  gke-standard-cluster-1-default-pool-04796f61-dmzx  Running         [{Initialized True 0001-01-01 00:00:00 +0000 UTC 2019-06-27 09:46:05 +0000 UTC  } {Ready True 0001-01-01 00:00:00 +0000 UTC 2019-06-27 09:46:06 +0000 UTC  } {ContainersReady True 0001-01-01 00:00:00 +0000 UTC 0001-01-01 00:00:00 +0000 UTC  } {PodScheduled True 0001-01-01 00:00:00 +0000 UTC 2019-06-27 09:46:05 +0000 UTC  }]&#xA;Jun 27 10:08:56.874: INFO: kube-proxy-gke-standard-cluster-1-default-pool-04796f61-rr33  gke-standard-cluster-1-default-pool-04796f61-rr33  Running         [{Initialized True 0001-01-01 00:00:00 +0000 UTC 2019-06-27 09:46:04 +0000 UTC  } {Ready True 0001-01-01 00:00:00 +0000 UTC 2019-06-27 09:46:12 +0000 UTC  } {ContainersReady True 0001-01-01 00:00:00 +0000 UTC 0001-01-01 00:00:00 +0000 UTC  } {PodScheduled True 0001-01-01 00:00:00 +0000 UTC 2019-06-27 09:46:04 +0000 UTC  }]&#xA;Jun 27 10:08:56.874: INFO: kube-proxy-gke-standard-cluster-1-default-pool-04796f61-sx27  gke-standard-cluster-1-default-pool-04796f61-sx27  Running         [{Initialized True 0001-01-01 00:00:00 +0000 UTC 2019-06-27 09:46:05 +0000 UTC  } {Ready True 0001-01-01 00:00:00 +0000 UTC 2019-06-27 09:46:06 +0000 UTC  } {ContainersReady True 0001-01-01 00:00:00 +0000 UTC 0001-01-01 00:00:00 +0000 UTC  } {PodScheduled True 0001-01-01 00:00:00 +0000 UTC 2019-06-27 09:46:05 +0000 UTC  }]&#xA;Jun 27 10:08:56.874: INFO: l7-default-backend-7ff48cffd7-g8pnv                           gke-standard-cluster-1-default-pool-04796f61-rr33  Running         [{Initialized True 0001-01-01 00:00:00 +0000 UTC 2019-06-27 09:46:05 +0000 UTC  } {Ready True 0001-01-01 00:00:00 +0000 UTC 2019-06-27 09:46:20 +0000 UTC  } {ContainersReady True 0001-01-01 00:00:00 +0000 UTC 0001-01-01 00:00:00 +0000 UTC  } {PodScheduled True 0001-01-01 00:00:00 +0000 UTC 2019-06-27 09:46:05 +0000 UTC  }]&#xA;Jun 27 10:08:56.874: INFO: metrics-server-v0.2.1-fd596d746-mnb77                         gke-standard-cluster-1-default-pool-04796f61-dmzx  Running         [{Initialized True 0001-01-01 00:00:00 +0000 UTC 2019-06-27 09:46:11 +0000 UTC  } {Ready True 0001-01-01 00:00:00 +0000 UTC 2019-06-27 09:46:14 +0000 UTC  } {ContainersReady True 0001-01-01 00:00:00 +0000 UTC 0001-01-01 00:00:00 +0000 UTC  } {PodScheduled True 0001-01-01 00:00:00 +0000 UTC 2019-06-27 09:46:11 +0000 UTC  }]&#xA;Jun 27 10:08:56.874: INFO: prometheus-to-sd-28w8p                                        gke-standard-cluster-1-default-pool-04796f61-rr33  Running         [{Initialized True 0001-01-01 00:00:00 +0000 UTC 2019-06-27 09:45:45 +0000 UTC  } {Ready True 0001-01-01 00:00:00 +0000 UTC 2019-06-27 09:45:56 +0000 UTC  } {ContainersReady True 0001-01-01 00:00:00 +0000 UTC 0001-01-01 00:00:00 +0000 UTC  } {PodScheduled True 0001-01-01 00:00:00 +0000 UTC 2019-06-27 09:45:45 +0000 UTC  }]&#xA;Jun 27 10:08:56.874: INFO: prometheus-to-sd-2qsz9                                        gke-standard-cluster-1-default-pool-04796f61-sx27  Running         [{Initialized True 0001-01-01 00:00:00 +0000 UTC 2019-06-27 09:45:46 +0000 UTC  } {Ready True 0001-01-01 00:00:00 +0000 UTC 2019-06-27 09:45:55 +0000 UTC  } {ContainersReady True 0001-01-01 00:00:00 +0000 UTC 0001-01-01 00:00:00 +0000 UTC  } {PodScheduled True 0001-01-01 00:00:00 +0000 UTC 2019-06-27 09:45:46 +0000 UTC  }]&#xA;Jun 27 10:08:56.874: INFO: prometheus-to-sd-529s6                                        gke-standard-cluster-1-default-pool-04796f61-dmzx  Running         [{Initialized True 0001-01-01 00:00:00 +0000 UTC 2019-06-27 09:45:46 +0000 UTC  } {Ready True 0001-01-01 00:00:00 +0000 UTC 2019-06-27 09:45:51 +0000 UTC  } {ContainersReady True 0001-01-01 00:00:00 +0000 UTC 0001-01-01 00:00:00 +0000 UTC  } {PodScheduled True 0001-01-01 00:00:00 +0000 UTC 2019-06-27 09:45:46 +0000 UTC  }]&#xA;Jun 27 10:08:56.874: INFO: prometheus-to-sd-q6mwq                                        gke-standard-cluster-1-default-pool-04796f61-2br3  Running         [{Initialized True 0001-01-01 00:00:00 +0000 UTC 2019-06-27 09:45:45 +0000 UTC  } {Ready True 0001-01-01 00:00:00 +0000 UTC 2019-06-27 09:45:53 +0000 UTC  } {ContainersReady True 0001-01-01 00:00:00 +0000 UTC 0001-01-01 00:00:00 +0000 UTC  } {PodScheduled True 0001-01-01 00:00:00 +0000 UTC 2019-06-27 09:45:45 +0000 UTC  }]&#xA;Jun 27 10:08:56.874: INFO: &#xA;Jun 27 10:08:56.886: INFO: &#xA;Logging node info for node gke-standard-cluster-1-default-pool-04796f61-2br3&#xA;Jun 27 10:08:56.893: INFO: Node Info: &amp;Node{ObjectMeta:k8s_io_apimachinery_pkg_apis_meta_v1.ObjectMeta{Name:gke-standard-cluster-1-default-pool-04796f61-2br3,GenerateName:,Namespace:,SelfLink:/api/v1/nodes/gke-standard-cluster-1-default-pool-04796f61-2br3,UID:55ee085e-98c0-11e9-93fd-42010a800028,ResourceVersion:7051,Generation:0,CreationTimestamp:2019-06-27 09:45:45 +0000 UTC,DeletionTimestamp:&lt;nil&gt;,DeletionGracePeriodSeconds:nil,Labels:map[string]string{beta.kubernetes.io/arch: amd64,beta.kubernetes.io/fluentd-ds-ready: true,beta.kubernetes.io/instance-type: n1-standard-4,beta.kubernetes.io/os: linux,cloud.google.com/gke-nodepool: default-pool,cloud.google.com/gke-os-distribution: cos,failure-domain.beta.kubernetes.io/region: us-central1,failure-domain.beta.kubernetes.io/zone: us-central1-a,kubernetes.io/hostname: gke-standard-cluster-1-default-pool-04796f61-2br3,},Annotations:map[string]string{container.googleapis.com/instance_id: 5263861497271497046,node.alpha.kubernetes.io/ttl: 0,volumes.kubernetes.io/controller-managed-attach-detach: true,},OwnerReferences:[],Finalizers:[],ClusterName:,Initializers:nil,},Spec:NodeSpec{PodCIDR:10.8.2.0/24,DoNotUse_ExternalID:,ProviderID:gce://sinuous-tuner-235209/us-central1-a/gke-standard-cluster-1-default-pool-04796f61-2br3,Unschedulable:false,Taints:[],ConfigSource:nil,},Status:NodeStatus{Capacity:ResourceList{cpu: {{4 0} {&lt;nil&gt;} 4 DecimalSI},ephemeral-storage: {{101241290752 0} {&lt;nil&gt;}  BinarySI},hugepages-2Mi: {{0 0} {&lt;nil&gt;} 0 DecimalSI},memory: {{15768948736 0} {&lt;nil&gt;} 15399364Ki BinarySI},pods: {{110 0} {&lt;nil&gt;} 110 DecimalSI},},Allocatable:ResourceList{cpu: {{3920 -3} {&lt;nil&gt;} 3920m DecimalSI},ephemeral-storage: {{47093746742 0} {&lt;nil&gt;} 47093746742 DecimalSI},hugepages-2Mi: {{0 0} {&lt;nil&gt;} 0 DecimalSI},memory: {{13004902400 0} {&lt;nil&gt;} 12700100Ki BinarySI},pods: {{110 0} {&lt;nil&gt;} 110 DecimalSI},},Phase:,Conditions:[{FrequentUnregisterNetDevice False 2019-06-27 10:08:17 +0000 UTC 2019-06-27 09:49:03 +0000 UTC UnregisterNetDevice node is functioning properly} {FrequentKubeletRestart False 2019-06-27 10:08:17 +0000 UTC 2019-06-27 09:49:03 +0000 UTC FrequentKubeletRestart kubelet is functioning properly} {FrequentDockerRestart False 2019-06-27 10:08:17 +0000 UTC 2019-06-27 09:49:04 +0000 UTC FrequentDockerRestart docker is functioning properly} {FrequentContainerdRestart False 2019-06-27 10:08:17 +0000 UTC 2019-06-27 09:49:05 +0000 UTC FrequentContainerdRestart containerd is functioning properly} {KernelDeadlock False 2019-06-27 10:08:17 +0000 UTC 2019-06-27 09:44:02 +0000 UTC KernelHasNoDeadlock kernel has no deadlock} {ReadonlyFilesystem False 2019-06-27 10:08:17 +0000 UTC 2019-06-27 09:44:02 +0000 UTC FilesystemIsNotReadOnly Filesystem is not read-only} {CorruptDockerOverlay2 False 2019-06-27 10:08:17 +0000 UTC 2019-06-27 09:49:03 +0000 UTC CorruptDockerOverlay2 docker overlay2 is functioning properly} {NetworkUnavailable False 2019-06-27 09:45:46 +0000 UTC 2019-06-27 09:45:46 +0000 UTC RouteCreated NodeController create implicit route} {OutOfDisk False 2019-06-27 10:08:50 +0000 UTC 2019-06-27 09:45:45 +0000 UTC KubeletHasSufficientDisk kubelet has sufficient disk space available} {MemoryPressure False 2019-06-27 10:08:50 +0000 UTC 2019-06-27 09:45:45 +0000 UTC KubeletHasSufficientMemory kubelet has sufficient memory available} {DiskPressure False 2019-06-27 10:08:50 +0000 UTC 2019-06-27 09:45:45 +0000 UTC KubeletHasNoDiskPressure kubelet has no disk pressure} {PIDPressure False 2019-06-27 10:08:50 +0000 UTC 2019-06-27 09:45:45 +0000 UTC KubeletHasSufficientPID kubelet has sufficient PID available} {Ready True 2019-06-27 10:08:50 +0000 UTC 2019-06-27 09:46:05 +0000 UTC KubeletReady kubelet is posting ready status. AppArmor enabled}],Addresses:[{InternalIP 10.128.0.42} {ExternalIP 35.232.42.152} {Hostname gke-standard-cluster-1-default-pool-04796f61-2br3}],DaemonEndpoints:NodeDaemonEndpoints{KubeletEndpoint:DaemonEndpoint{Port:10250,},},NodeInfo:NodeSystemInfo{MachineID:4ed4f0f644ff78a293f5a14239e1dc93,SystemUUID:4ED4F0F6-44FF-78A2-93F5-A14239E1DC93,BootID:df50bfdc-3ecb-4ada-a245-3c7fd247294f,KernelVersion:4.14.119+,OSImage:Container-Optimized OS from Google,ContainerRuntimeVersion:docker://17.3.2,KubeletVersion:v1.11.10-gke.4,KubeProxyVersion:v1.11.10-gke.4,OperatingSystem:linux,Architecture:amd64,},Images:[{[gcr.io/heptio-images/sonobuoy-plugin-systemd-logs@sha256:58e077ba773ff5d7b6bba90771fad72217f0d10b913bb66bb0afb387c9552788 gcr.io/heptio-images/sonobuoy-plugin-systemd-logs:latest] 290890605} {[k8s.gcr.io/node-problem-detector@sha256:f95cab985c26b2f46e9bd43283e0bfa88860c14e0fb0649266babe8b65e9eb2b k8s.gcr.io/node-problem-detector:v0.4.1] 286572743} {[gcr.io/stackdriver-agents/stackdriver-logging-agent@sha256:f8d5231b67b9c53f60068b535a11811d29d1b3efd53d2b79f2a2591ea338e4f2 gcr.io/stackdriver-agents/stackdriver-logging-agent:0.6-1.6.0-1] 223242132} {[k8s.gcr.io/fluentd-elasticsearch@sha256:b8c94527b489fb61d3d81ce5ad7f3ddbb7be71e9620a3a36e2bede2f2e487d73 k8s.gcr.io/fluentd-elasticsearch:v2.0.4] 135716379} {[k8s.gcr.io/nginx-slim-amd64@sha256:6654db6d4028756062edac466454ee5c9cf9b20ef79e35a81e3c840031eb1e2b k8s.gcr.io/nginx-slim-amd64:0.20] 103591055} {[k8s.gcr.io/kubernetes-dashboard-amd64@sha256:dc4026c1b595435ef5527ca598e1e9c4343076926d7d62b365c44831395adbd0 k8s.gcr.io/kubernetes-dashboard-amd64:v1.8.3] 102319441} {[gcr.io/google_containers/kube-proxy:v1.11.10-gke.4 k8s.gcr.io/kube-proxy:v1.11.10-gke.4] 102279340} {[gcr.io/heptio-images/sonobuoy@sha256:d6d530b1ede4b82e9989aa1ba7ae4cd4fac09c6f7cb6a7c4f9270fff241e72c7 gcr.io/heptio-images/sonobuoy:v0.14.3] 89896078} {[k8s.gcr.io/fluentd-gcp-scaler@sha256:a5ace7506d393c4ed65eb2cbb6312c64ab357fcea16dff76b9055bc6e498e5ff k8s.gcr.io/fluentd-gcp-scaler:0.5.1] 86637208} {[k8s.gcr.io/heapster-amd64@sha256:9fae0af136ce0cf4f88393b3670f7139ffc464692060c374d2ae748e13144521 k8s.gcr.io/heapster-amd64:v1.6.0-beta.1] 76016169} {[k8s.gcr.io/ingress-gce-glbc-amd64@sha256:31d36bbd9c44caffa135fc78cf0737266fcf25e3cf0cd1c2fcbfbc4f7309cc52 k8s.gcr.io/ingress-gce-glbc-amd64:v1.1.1] 67801919} {[k8s.gcr.io/kube-addon-manager@sha256:d53486c3a0b49ebee019932878dc44232735d5622a51dbbdcec7124199020d09 k8s.gcr.io/kube-addon-manager:v8.7] 63322109} {[k8s.gcr.io/cpvpa-amd64@sha256:cfe7b0a11c9c8e18c87b1eb34fef9a7cbb8480a8da11fc2657f78dbf4739f869 k8s.gcr.io/cpvpa-amd64:v0.6.0] 51785854} {[k8s.gcr.io/cluster-proportional-autoscaler-amd64@sha256:003f98d9f411ddfa6ff6d539196355e03ddd69fa4ed38c7ffb8fec6f729afe2d k8s.gcr.io/cluster-proportional-autoscaler-amd64:1.1.2-r2] 49648481} {[k8s.gcr.io/ip-masq-agent-amd64@sha256:1ffda57d87901bc01324c82ceb2145fe6a0448d3f0dd9cb65aa76a867cd62103 k8s.gcr.io/ip-masq-agent-amd64:v2.1.1] 49612505} {[k8s.gcr.io/k8s-dns-kube-dns-amd64@sha256:b99fc3eee2a9f052f7eb4cc00f15eb12fc405fa41019baa2d6b79847ae7284a8 k8s.gcr.io/k8s-dns-kube-dns-amd64:1.14.10] 49549457} {[k8s.gcr.io/rescheduler@sha256:156cfbfd05a5a815206fd2eeb6cbdaf1596d71ea4b415d3a6c43071dd7b99450 k8s.gcr.io/rescheduler:v0.4.0] 48973149} {[k8s.gcr.io/event-exporter@sha256:16ca66e2b5dc7a1ce6a5aafcb21d0885828b75cdfc08135430480f7ad2364adc k8s.gcr.io/event-exporter:v0.2.4] 47261019} {[k8s.gcr.io/coredns@sha256:db2bf53126ed1c761d5a41f24a1b82a461c85f736ff6e90542e9522be4757848 k8s.gcr.io/coredns:1.1.3] 45587362} {[k8s.gcr.io/metrics-server-amd64@sha256:49a9f12f7067d11f42c803dbe61ed2c1299959ad85cb315b25ff7eef8e6b8892 k8s.gcr.io/metrics-server-amd64:v0.2.1] 42541759} {[k8s.gcr.io/prometheus-to-sd@sha256:14666989f40bb7c896c3e775a93c6873e2b791d65bc65579f58a078b7f9a764e k8s.gcr.io/prometheus-to-sd:v0.5.0] 41861013} {[k8s.gcr.io/k8s-dns-sidecar-amd64@sha256:4f1ab957f87b94a5ec1edc26fae50da2175461f00afecf68940c4aa079bd08a4 k8s.gcr.io/k8s-dns-sidecar-amd64:1.14.10] 41635309} {[k8s.gcr.io/k8s-dns-dnsmasq-nanny-amd64@sha256:bbb2a290a568125b3b996028958eb773f33b5b87a6b37bf38a28f8b62dddb3c8 k8s.gcr.io/k8s-dns-dnsmasq-nanny-amd64:1.14.10] 40372149} {[k8s.gcr.io/addon-resizer@sha256:dcec9a5c2e20b8df19f3e9eeb87d9054a9e94e71479b935d5cfdbede9ce15895 k8s.gcr.io/addon-resizer:1.7] 38983736} {[k8s.gcr.io/addon-resizer@sha256:507aa9845ecce1fdde4d61f530c802f4dc2974c700ce0db7730866e442db958d k8s.gcr.io/addon-resizer:1.8.1] 32968591}],VolumesInUse:[kubernetes.io/gce-pd/gke-standard-cluster-1-pvc-804259ed-98c2-11e9-93fd-42010a800028],VolumesAttached:[{kubernetes.io/gce-pd/gke-standard-cluster-1-pvc-804259ed-98c2-11e9-93fd-42010a800028 /dev/disk/by-id/google-gke-standard-cluster-1-pvc-804259ed-98c2-11e9-93fd-42010a800028}],Config:nil,},}&#xA;Jun 27 10:08:56.893: INFO: &#xA;Logging kubelet events for node gke-standard-cluster-1-default-pool-04796f61-2br3&#xA;Jun 27 10:08:56.911: INFO: &#xA;Logging pods the kubelet thinks is on node gke-standard-cluster-1-default-pool-04796f61-2br3&#xA;Jun 27 10:08:56.968: INFO: sonobuoy-systemd-logs-daemon-set-887c578ef8c54f54-44pmg started at 2019-06-27 10:01:32 +0000 UTC (0+2 container statuses recorded)&#xA;Jun 27 10:08:56.968: INFO: &#x9;Container sonobuoy-worker ready: true, restart count 0&#xA;Jun 27 10:08:56.968: INFO: &#x9;Container systemd-logs ready: true, restart count 0&#xA;Jun 27 10:08:56.968: INFO: daemonrestart10-95c0c714-98c2-11e9-ad63-aad45135813d-fj64k started at 2019-06-27 10:08:42 +0000 UTC (0+1 container statuses recorded)&#xA;Jun 27 10:08:56.968: INFO: &#x9;Container daemonrestart10-95c0c714-98c2-11e9-ad63-aad45135813d ready: true, restart count 0&#xA;Jun 27 10:08:56.968: INFO: fluentd-gcp-v3.2.0-2hkh9 started at 2019-06-27 09:46:25 +0000 UTC (0+2 container statuses recorded)&#xA;Jun 27 10:08:56.968: INFO: &#x9;Container fluentd-gcp ready: true, restart count 0&#xA;Jun 27 10:08:56.968: INFO: &#x9;Container prometheus-to-sd-exporter ready: true, restart count 0&#xA;Jun 27 10:08:56.968: INFO: sonobuoy started at 2019-06-27 10:01:18 +0000 UTC (0+1 container statuses recorded)&#xA;Jun 27 10:08:56.968: INFO: &#x9;Container kube-sonobuoy ready: true, restart count 0&#xA;Jun 27 10:08:56.968: INFO: daemonrestart10-95c0c714-98c2-11e9-ad63-aad45135813d-ggm5l started at 2019-06-27 10:08:41 +0000 UTC (0+1 container statuses recorded)&#xA;Jun 27 10:08:56.968: INFO: &#x9;Container daemonrestart10-95c0c714-98c2-11e9-ad63-aad45135813d ready: true, restart count 0&#xA;Jun 27 10:08:56.968: INFO: daemonrestart10-95c0c714-98c2-11e9-ad63-aad45135813d-wbj9l started at 2019-06-27 10:08:42 +0000 UTC (0+1 container statuses recorded)&#xA;Jun 27 10:08:56.968: INFO: &#x9;Container daemonrestart10-95c0c714-98c2-11e9-ad63-aad45135813d ready: true, restart count 0&#xA;Jun 27 10:08:56.968: INFO: heapster-v1.6.0-beta.1-5dcd447597-kkgnc started at 2019-06-27 09:46:24 +0000 UTC (0+3 container statuses recorded)&#xA;Jun 27 10:08:56.968: INFO: &#x9;Container heapster ready: true, restart count 0&#xA;Jun 27 10:08:56.968: INFO: &#x9;Container heapster-nanny ready: true, restart count 0&#xA;Jun 27 10:08:56.968: INFO: &#x9;Container prom-to-sd ready: true, restart count 0&#xA;Jun 27 10:08:56.968: INFO: prometheus-to-sd-q6mwq started at 2019-06-27 09:45:45 +0000 UTC (0+1 container statuses recorded)&#xA;Jun 27 10:08:56.968: INFO: &#x9;Container prometheus-to-sd ready: true, restart count 0&#xA;Jun 27 10:08:56.968: INFO: kube-proxy-gke-standard-cluster-1-default-pool-04796f61-2br3 started at &lt;nil&gt; (0+0 container statuses recorded)&#xA;Jun 27 10:08:57.001: INFO: &#xA;Latency metrics for node gke-standard-cluster-1-default-pool-04796f61-2br3&#xA;Jun 27 10:08:57.001: INFO: {Operation: Method:pod_start_latency_microseconds Quantile:0.99 Latency:12.726961s}&#xA;Jun 27 10:08:57.002: INFO: &#xA;Logging node info for node gke-standard-cluster-1-default-pool-04796f61-dmzx&#xA;Jun 27 10:08:57.006: INFO: Node Info: &amp;Node{ObjectMeta:k8s_io_apimachinery_pkg_apis_meta_v1.ObjectMeta{Name:gke-standard-cluster-1-default-pool-04796f61-dmzx,GenerateName:,Namespace:,SelfLink:/api/v1/nodes/gke-standard-cluster-1-default-pool-04796f61-dmzx,UID:563a4f0e-98c0-11e9-93fd-42010a800028,ResourceVersion:7054,Generation:0,CreationTimestamp:2019-06-27 09:45:45 +0000 UTC,DeletionTimestamp:&lt;nil&gt;,DeletionGracePeriodSeconds:nil,Labels:map[string]string{beta.kubernetes.io/arch: amd64,beta.kubernetes.io/fluentd-ds-ready: true,beta.kubernetes.io/instance-type: n1-standard-4,beta.kubernetes.io/os: linux,cloud.google.com/gke-nodepool: default-pool,cloud.google.com/gke-os-distribution: cos,failure-domain.beta.kubernetes.io/region: us-central1,failure-domain.beta.kubernetes.io/zone: us-central1-a,kubernetes.io/hostname: gke-standard-cluster-1-default-pool-04796f61-dmzx,},Annotations:map[string]string{container.googleapis.com/instance_id: 8240935979917586774,node.alpha.kubernetes.io/ttl: 0,volumes.kubernetes.io/controller-managed-attach-detach: true,},OwnerReferences:[],Finalizers:[],ClusterName:,Initializers:nil,},Spec:NodeSpec{PodCIDR:10.8.4.0/24,DoNotUse_ExternalID:,ProviderID:gce://sinuous-tuner-235209/us-central1-a/gke-standard-cluster-1-default-pool-04796f61-dmzx,Unschedulable:false,Taints:[],ConfigSource:nil,},Status:NodeStatus{Capacity:ResourceList{cpu: {{4 0} {&lt;nil&gt;} 4 DecimalSI},ephemeral-storage: {{101241290752 0} {&lt;nil&gt;}  BinarySI},hugepages-2Mi: {{0 0} {&lt;nil&gt;} 0 DecimalSI},memory: {{15768940544 0} {&lt;nil&gt;} 15399356Ki BinarySI},pods: {{110 0} {&lt;nil&gt;} 110 DecimalSI},},Allocatable:ResourceList{cpu: {{3920 -3} {&lt;nil&gt;} 3920m DecimalSI},ephemeral-storage: {{47093746742 0} {&lt;nil&gt;} 47093746742 DecimalSI},hugepages-2Mi: {{0 0} {&lt;nil&gt;} 0 DecimalSI},memory: {{13004894208 0} {&lt;nil&gt;} 12700092Ki BinarySI},pods: {{110 0} {&lt;nil&gt;} 110 DecimalSI},},Phase:,Conditions:[{ReadonlyFilesystem False 2019-06-27 10:08:16 +0000 UTC 2019-06-27 09:44:03 +0000 UTC FilesystemIsNotReadOnly Filesystem is not read-only} {FrequentUnregisterNetDevice False 2019-06-27 10:08:16 +0000 UTC 2019-06-27 09:49:04 +0000 UTC UnregisterNetDevice node is functioning properly} {FrequentKubeletRestart False 2019-06-27 10:08:16 +0000 UTC 2019-06-27 09:49:04 +0000 UTC FrequentKubeletRestart kubelet is functioning properly} {FrequentDockerRestart False 2019-06-27 10:08:16 +0000 UTC 2019-06-27 09:49:05 +0000 UTC FrequentDockerRestart docker is functioning properly} {FrequentContainerdRestart False 2019-06-27 10:08:16 +0000 UTC 2019-06-27 09:49:06 +0000 UTC FrequentContainerdRestart containerd is functioning properly} {CorruptDockerOverlay2 False 2019-06-27 10:08:16 +0000 UTC 2019-06-27 09:49:04 +0000 UTC CorruptDockerOverlay2 docker overlay2 is functioning properly} {KernelDeadlock False 2019-06-27 10:08:16 +0000 UTC 2019-06-27 09:44:03 +0000 UTC KernelHasNoDeadlock kernel has no deadlock} {NetworkUnavailable False 2019-06-27 09:45:46 +0000 UTC 2019-06-27 09:45:46 +0000 UTC RouteCreated NodeController create implicit route} {OutOfDisk False 2019-06-27 10:08:50 +0000 UTC 2019-06-27 09:45:45 +0000 UTC KubeletHasSufficientDisk kubelet has sufficient disk space available} {MemoryPressure False 2019-06-27 10:08:50 +0000 UTC 2019-06-27 09:45:45 +0000 UTC KubeletHasSufficientMemory kubelet has sufficient memory available} {DiskPressure False 2019-06-27 10:08:50 +0000 UTC 2019-06-27 09:45:45 +0000 UTC KubeletHasNoDiskPressure kubelet has no disk pressure} {PIDPressure False 2019-06-27 10:08:50 +0000 UTC 2019-06-27 09:45:45 +0000 UTC KubeletHasSufficientPID kubelet has sufficient PID available} {Ready True 2019-06-27 10:08:50 +0000 UTC 2019-06-27 09:46:06 +0000 UTC KubeletReady kubelet is posting ready status. AppArmor enabled}],Addresses:[{InternalIP 10.128.0.45} {ExternalIP 34.67.69.128} {Hostname gke-standard-cluster-1-default-pool-04796f61-dmzx}],DaemonEndpoints:NodeDaemonEndpoints{KubeletEndpoint:DaemonEndpoint{Port:10250,},},NodeInfo:NodeSystemInfo{MachineID:1e2b8bee3c68760edea50ec32bebc9c7,SystemUUID:1E2B8BEE-3C68-760E-DEA5-0EC32BEBC9C7,BootID:cca2dcb1-4058-446f-b35a-be81be4bdd91,KernelVersion:4.14.119+,OSImage:Container-Optimized OS from Google,ContainerRuntimeVersion:docker://17.3.2,KubeletVersion:v1.11.10-gke.4,KubeProxyVersion:v1.11.10-gke.4,OperatingSystem:linux,Architecture:amd64,},Images:[{[gcr.io/heptio-images/kube-conformance@sha256:e208e87718fee7fe922ad69f740ca23e5843d05faa014ef23a37cdd017944946 gcr.io/heptio-images/kube-conformance:v1.11] 532217543} {[gcr.io/heptio-images/sonobuoy-plugin-systemd-logs@sha256:58e077ba773ff5d7b6bba90771fad72217f0d10b913bb66bb0afb387c9552788 gcr.io/heptio-images/sonobuoy-plugin-systemd-logs:latest] 290890605} {[k8s.gcr.io/node-problem-detector@sha256:f95cab985c26b2f46e9bd43283e0bfa88860c14e0fb0649266babe8b65e9eb2b k8s.gcr.io/node-problem-detector:v0.4.1] 286572743} {[gcr.io/stackdriver-agents/stackdriver-logging-agent@sha256:f8d5231b67b9c53f60068b535a11811d29d1b3efd53d2b79f2a2591ea338e4f2 gcr.io/stackdriver-agents/stackdriver-logging-agent:0.6-1.6.0-1] 223242132} {[k8s.gcr.io/fluentd-elasticsearch@sha256:b8c94527b489fb61d3d81ce5ad7f3ddbb7be71e9620a3a36e2bede2f2e487d73 k8s.gcr.io/fluentd-elasticsearch:v2.0.4] 135716379} {[k8s.gcr.io/nginx-slim-amd64@sha256:6654db6d4028756062edac466454ee5c9cf9b20ef79e35a81e3c840031eb1e2b k8s.gcr.io/nginx-slim-amd64:0.20] 103591055} {[k8s.gcr.io/kubernetes-dashboard-amd64@sha256:dc4026c1b595435ef5527ca598e1e9c4343076926d7d62b365c44831395adbd0 k8s.gcr.io/kubernetes-dashboard-amd64:v1.8.3] 102319441} {[gcr.io/google_containers/kube-proxy:v1.11.10-gke.4 k8s.gcr.io/kube-proxy:v1.11.10-gke.4] 102279340} {[gcr.io/heptio-images/sonobuoy@sha256:d6d530b1ede4b82e9989aa1ba7ae4cd4fac09c6f7cb6a7c4f9270fff241e72c7 gcr.io/heptio-images/sonobuoy:v0.14.3] 89896078} {[k8s.gcr.io/fluentd-gcp-scaler@sha256:a5ace7506d393c4ed65eb2cbb6312c64ab357fcea16dff76b9055bc6e498e5ff k8s.gcr.io/fluentd-gcp-scaler:0.5.1] 86637208} {[k8s.gcr.io/heapster-amd64@sha256:9fae0af136ce0cf4f88393b3670f7139ffc464692060c374d2ae748e13144521 k8s.gcr.io/heapster-amd64:v1.6.0-beta.1] 76016169} {[k8s.gcr.io/ingress-gce-glbc-amd64@sha256:31d36bbd9c44caffa135fc78cf0737266fcf25e3cf0cd1c2fcbfbc4f7309cc52 k8s.gcr.io/ingress-gce-glbc-amd64:v1.1.1] 67801919} {[k8s.gcr.io/kube-addon-manager@sha256:d53486c3a0b49ebee019932878dc44232735d5622a51dbbdcec7124199020d09 k8s.gcr.io/kube-addon-manager:v8.7] 63322109} {[k8s.gcr.io/cpvpa-amd64@sha256:cfe7b0a11c9c8e18c87b1eb34fef9a7cbb8480a8da11fc2657f78dbf4739f869 k8s.gcr.io/cpvpa-amd64:v0.6.0] 51785854} {[k8s.gcr.io/cluster-proportional-autoscaler-amd64@sha256:003f98d9f411ddfa6ff6d539196355e03ddd69fa4ed38c7ffb8fec6f729afe2d k8s.gcr.io/cluster-proportional-autoscaler-amd64:1.1.2-r2] 49648481} {[k8s.gcr.io/ip-masq-agent-amd64@sha256:1ffda57d87901bc01324c82ceb2145fe6a0448d3f0dd9cb65aa76a867cd62103 k8s.gcr.io/ip-masq-agent-amd64:v2.1.1] 49612505} {[k8s.gcr.io/k8s-dns-kube-dns-amd64@sha256:b99fc3eee2a9f052f7eb4cc00f15eb12fc405fa41019baa2d6b79847ae7284a8 k8s.gcr.io/k8s-dns-kube-dns-amd64:1.14.10] 49549457} {[k8s.gcr.io/rescheduler@sha256:156cfbfd05a5a815206fd2eeb6cbdaf1596d71ea4b415d3a6c43071dd7b99450 k8s.gcr.io/rescheduler:v0.4.0] 48973149} {[k8s.gcr.io/event-exporter@sha256:16ca66e2b5dc7a1ce6a5aafcb21d0885828b75cdfc08135430480f7ad2364adc k8s.gcr.io/event-exporter:v0.2.4] 47261019} {[k8s.gcr.io/coredns@sha256:db2bf53126ed1c761d5a41f24a1b82a461c85f736ff6e90542e9522be4757848 k8s.gcr.io/coredns:1.1.3] 45587362} {[k8s.gcr.io/metrics-server-amd64@sha256:49a9f12f7067d11f42c803dbe61ed2c1299959ad85cb315b25ff7eef8e6b8892 k8s.gcr.io/metrics-server-amd64:v0.2.1] 42541759} {[k8s.gcr.io/prometheus-to-sd@sha256:14666989f40bb7c896c3e775a93c6873e2b791d65bc65579f58a078b7f9a764e k8s.gcr.io/prometheus-to-sd:v0.5.0] 41861013} {[k8s.gcr.io/k8s-dns-sidecar-amd64@sha256:4f1ab957f87b94a5ec1edc26fae50da2175461f00afecf68940c4aa079bd08a4 k8s.gcr.io/k8s-dns-sidecar-amd64:1.14.10] 41635309} {[k8s.gcr.io/k8s-dns-dnsmasq-nanny-amd64@sha256:bbb2a290a568125b3b996028958eb773f33b5b87a6b37bf38a28f8b62dddb3c8 k8s.gcr.io/k8s-dns-dnsmasq-nanny-amd64:1.14.10] 40372149} {[k8s.gcr.io/addon-resizer@sha256:dcec9a5c2e20b8df19f3e9eeb87d9054a9e94e71479b935d5cfdbede9ce15895 k8s.gcr.io/addon-resizer:1.7] 38983736}],VolumesInUse:[],VolumesAttached:[],Config:nil,},}&#xA;Jun 27 10:08:57.006: INFO: &#xA;Logging kubelet events for node gke-standard-cluster-1-default-pool-04796f61-dmzx&#xA;Jun 27 10:08:57.015: INFO: &#xA;Logging pods the kubelet thinks is on node gke-standard-cluster-1-default-pool-04796f61-dmzx&#xA;Jun 27 10:08:57.068: INFO: daemonrestart10-95c0c714-98c2-11e9-ad63-aad45135813d-ncg97 started at 2019-06-27 10:08:42 +0000 UTC (0+1 container statuses recorded)&#xA;Jun 27 10:08:57.068: INFO: &#x9;Container daemonrestart10-95c0c714-98c2-11e9-ad63-aad45135813d ready: true, restart count 0&#xA;Jun 27 10:08:57.068: INFO: daemonrestart10-95c0c714-98c2-11e9-ad63-aad45135813d-n5zw4 started at 2019-06-27 10:08:42 +0000 UTC (0+1 container statuses recorded)&#xA;Jun 27 10:08:57.068: INFO: &#x9;Container daemonrestart10-95c0c714-98c2-11e9-ad63-aad45135813d ready: true, restart count 0&#xA;Jun 27 10:08:57.068: INFO: metrics-server-v0.2.1-fd596d746-mnb77 started at 2019-06-27 09:46:11 +0000 UTC (0+2 container statuses recorded)&#xA;Jun 27 10:08:57.068: INFO: &#x9;Container metrics-server ready: true, restart count 0&#xA;Jun 27 10:08:57.068: INFO: &#x9;Container metrics-server-nanny ready: true, restart count 0&#xA;Jun 27 10:08:57.068: INFO: kube-proxy-gke-standard-cluster-1-default-pool-04796f61-dmzx started at &lt;nil&gt; (0+0 container statuses recorded)&#xA;Jun 27 10:08:57.068: INFO: sonobuoy-e2e-job-3f201e2f061345e7 started at 2019-06-27 10:01:32 +0000 UTC (0+2 container statuses recorded)&#xA;Jun 27 10:08:57.068: INFO: &#x9;Container e2e ready: true, restart count 0&#xA;Jun 27 10:08:57.068: INFO: &#x9;Container sonobuoy-worker ready: true, restart count 0&#xA;Jun 27 10:08:57.068: INFO: sonobuoy-systemd-logs-daemon-set-887c578ef8c54f54-xk7gb started at 2019-06-27 10:01:32 +0000 UTC (0+2 container statuses recorded)&#xA;Jun 27 10:08:57.068: INFO: &#x9;Container sonobuoy-worker ready: true, restart count 0&#xA;Jun 27 10:08:57.068: INFO: &#x9;Container systemd-logs ready: true, restart count 0&#xA;Jun 27 10:08:57.068: INFO: daemonrestart10-95c0c714-98c2-11e9-ad63-aad45135813d-82g9s started at 2019-06-27 10:08:41 +0000 UTC (0+1 container statuses recorded)&#xA;Jun 27 10:08:57.068: INFO: &#x9;Container daemonrestart10-95c0c714-98c2-11e9-ad63-aad45135813d ready: true, restart count 0&#xA;Jun 27 10:08:57.068: INFO: prometheus-to-sd-529s6 started at 2019-06-27 09:45:46 +0000 UTC (0+1 container statuses recorded)&#xA;Jun 27 10:08:57.068: INFO: &#x9;Container prometheus-to-sd ready: true, restart count 0&#xA;Jun 27 10:08:57.068: INFO: fluentd-gcp-v3.2.0-j677d started at 2019-06-27 09:46:25 +0000 UTC (0+2 container statuses recorded)&#xA;Jun 27 10:08:57.068: INFO: &#x9;Container fluentd-gcp ready: true, restart count 0&#xA;Jun 27 10:08:57.068: INFO: &#x9;Container prometheus-to-sd-exporter ready: true, restart count 0&#xA;Jun 27 10:08:57.098: INFO: &#xA;Latency metrics for node gke-standard-cluster-1-default-pool-04796f61-dmzx&#xA;Jun 27 10:08:57.098: INFO: {Operation: Method:pod_start_latency_microseconds Quantile:0.99 Latency:27.354564s}&#xA;Jun 27 10:08:57.098: INFO: {Operation:pull_image Method:docker_operations_latency_microseconds Quantile:0.99 Latency:10.96853s}&#xA;Jun 27 10:08:57.098: INFO: {Operation:pull_image Method:docker_operations_latency_microseconds Quantile:0.9 Latency:10.96853s}&#xA;Jun 27 10:08:57.098: INFO: &#xA;Logging node info for node gke-standard-cluster-1-default-pool-04796f61-rr33&#xA;Jun 27 10:08:57.105: INFO: Node Info: &amp;Node{ObjectMeta:k8s_io_apimachinery_pkg_apis_meta_v1.ObjectMeta{Name:gke-standard-cluster-1-default-pool-04796f61-rr33,GenerateName:,Namespace:,SelfLink:/api/v1/nodes/gke-standard-cluster-1-default-pool-04796f61-rr33,UID:55b363e1-98c0-11e9-93fd-42010a800028,ResourceVersion:7048,Generation:0,CreationTimestamp:2019-06-27 09:45:45 +0000 UTC,DeletionTimestamp:&lt;nil&gt;,DeletionGracePeriodSeconds:nil,Labels:map[string]string{beta.kubernetes.io/arch: amd64,beta.kubernetes.io/fluentd-ds-ready: true,beta.kubernetes.io/instance-type: n1-standard-4,beta.kubernetes.io/os: linux,cloud.google.com/gke-nodepool: default-pool,cloud.google.com/gke-os-distribution: cos,failure-domain.beta.kubernetes.io/region: us-central1,failure-domain.beta.kubernetes.io/zone: us-central1-a,kubernetes.io/hostname: gke-standard-cluster-1-default-pool-04796f61-rr33,},Annotations:map[string]string{container.googleapis.com/instance_id: 4128615952046174550,node.alpha.kubernetes.io/ttl: 0,volumes.kubernetes.io/controller-managed-attach-detach: true,},OwnerReferences:[],Finalizers:[],ClusterName:,Initializers:nil,},Spec:NodeSpec{PodCIDR:10.8.1.0/24,DoNotUse_ExternalID:,ProviderID:gce://sinuous-tuner-235209/us-central1-a/gke-standard-cluster-1-default-pool-04796f61-rr33,Unschedulable:false,Taints:[],ConfigSource:nil,},Status:NodeStatus{Capacity:ResourceList{cpu: {{4 0} {&lt;nil&gt;} 4 DecimalSI},ephemeral-storage: {{101241290752 0} {&lt;nil&gt;}  BinarySI},hugepages-2Mi: {{0 0} {&lt;nil&gt;} 0 DecimalSI},memory: {{15768948736 0} {&lt;nil&gt;} 15399364Ki BinarySI},pods: {{110 0} {&lt;nil&gt;} 110 DecimalSI},},Allocatable:ResourceList{cpu: {{3920 -3} {&lt;nil&gt;} 3920m DecimalSI},ephemeral-storage: {{47093746742 0} {&lt;nil&gt;} 47093746742 DecimalSI},hugepages-2Mi: {{0 0} {&lt;nil&gt;} 0 DecimalSI},memory: {{13004902400 0} {&lt;nil&gt;} 12700100Ki BinarySI},pods: {{110 0} {&lt;nil&gt;} 110 DecimalSI},},Phase:,Conditions:[{FrequentKubeletRestart False 2019-06-27 10:08:18 +0000 UTC 2019-06-27 09:49:03 +0000 UTC FrequentKubeletRestart kubelet is functioning properly} {FrequentDockerRestart False 2019-06-27 10:08:18 +0000 UTC 2019-06-27 09:49:04 +0000 UTC FrequentDockerRestart docker is functioning properly} {FrequentContainerdRestart False 2019-06-27 10:08:18 +0000 UTC 2019-06-27 09:49:05 +0000 UTC FrequentContainerdRestart containerd is functioning properly} {CorruptDockerOverlay2 False 2019-06-27 10:08:18 +0000 UTC 2019-06-27 09:49:03 +0000 UTC CorruptDockerOverlay2 docker overlay2 is functioning properly} {FrequentUnregisterNetDevice False 2019-06-27 10:08:18 +0000 UTC 2019-06-27 09:49:03 +0000 UTC UnregisterNetDevice node is functioning properly} {KernelDeadlock False 2019-06-27 10:08:18 +0000 UTC 2019-06-27 09:44:02 +0000 UTC KernelHasNoDeadlock kernel has no deadlock} {ReadonlyFilesystem False 2019-06-27 10:08:18 +0000 UTC 2019-06-27 09:44:02 +0000 UTC FilesystemIsNotReadOnly Filesystem is not read-only} {NetworkUnavailable False 2019-06-27 09:45:45 +0000 UTC 2019-06-27 09:45:45 +0000 UTC RouteCreated NodeController create implicit route} {OutOfDisk False 2019-06-27 10:08:49 +0000 UTC 2019-06-27 09:45:45 +0000 UTC KubeletHasSufficientDisk kubelet has sufficient disk space available} {MemoryPressure False 2019-06-27 10:08:49 +0000 UTC 2019-06-27 09:45:45 +0000 UTC KubeletHasSufficientMemory kubelet has sufficient memory available} {DiskPressure False 2019-06-27 10:08:49 +0000 UTC 2019-06-27 09:45:45 +0000 UTC KubeletHasNoDiskPressure kubelet has no disk pressure} {PIDPressure False 2019-06-27 10:08:49 +0000 UTC 2019-06-27 09:45:45 +0000 UTC KubeletHasSufficientPID kubelet has sufficient PID available} {Ready True 2019-06-27 10:08:49 +0000 UTC 2019-06-27 09:46:05 +0000 UTC KubeletReady kubelet is posting ready status. AppArmor enabled}],Addresses:[{InternalIP 10.128.0.44} {ExternalIP 35.226.22.222} {Hostname gke-standard-cluster-1-default-pool-04796f61-rr33}],DaemonEndpoints:NodeDaemonEndpoints{KubeletEndpoint:DaemonEndpoint{Port:10250,},},NodeInfo:NodeSystemInfo{MachineID:46f905cfd94d81d48ea29f40cb3028b5,SystemUUID:46F905CF-D94D-81D4-8EA2-9F40CB3028B5,BootID:1a132385-80e1-4ef8-8613-100779f1bf54,KernelVersion:4.14.119+,OSImage:Container-Optimized OS from Google,ContainerRuntimeVersion:docker://17.3.2,KubeletVersion:v1.11.10-gke.4,KubeProxyVersion:v1.11.10-gke.4,OperatingSystem:linux,Architecture:amd64,},Images:[{[gcr.io/heptio-images/sonobuoy-plugin-systemd-logs@sha256:58e077ba773ff5d7b6bba90771fad72217f0d10b913bb66bb0afb387c9552788 gcr.io/heptio-images/sonobuoy-plugin-systemd-logs:latest] 290890605} {[k8s.gcr.io/node-problem-detector@sha256:f95cab985c26b2f46e9bd43283e0bfa88860c14e0fb0649266babe8b65e9eb2b k8s.gcr.io/node-problem-detector:v0.4.1] 286572743} {[gcr.io/stackdriver-agents/stackdriver-logging-agent@sha256:f8d5231b67b9c53f60068b535a11811d29d1b3efd53d2b79f2a2591ea338e4f2 gcr.io/stackdriver-agents/stackdriver-logging-agent:0.6-1.6.0-1] 223242132} {[k8s.gcr.io/fluentd-elasticsearch@sha256:b8c94527b489fb61d3d81ce5ad7f3ddbb7be71e9620a3a36e2bede2f2e487d73 k8s.gcr.io/fluentd-elasticsearch:v2.0.4] 135716379} {[k8s.gcr.io/kubernetes-dashboard-amd64@sha256:dc4026c1b595435ef5527ca598e1e9c4343076926d7d62b365c44831395adbd0 k8s.gcr.io/kubernetes-dashboard-amd64:v1.8.3] 102319441} {[gcr.io/google_containers/kube-proxy:v1.11.10-gke.4 k8s.gcr.io/kube-proxy:v1.11.10-gke.4] 102279340} {[gcr.io/heptio-images/sonobuoy@sha256:d6d530b1ede4b82e9989aa1ba7ae4cd4fac09c6f7cb6a7c4f9270fff241e72c7 gcr.io/heptio-images/sonobuoy:v0.14.3] 89896078} {[k8s.gcr.io/fluentd-gcp-scaler@sha256:a5ace7506d393c4ed65eb2cbb6312c64ab357fcea16dff76b9055bc6e498e5ff k8s.gcr.io/fluentd-gcp-scaler:0.5.1] 86637208} {[k8s.gcr.io/heapster-amd64@sha256:9fae0af136ce0cf4f88393b3670f7139ffc464692060c374d2ae748e13144521 k8s.gcr.io/heapster-amd64:v1.6.0-beta.1] 76016169} {[k8s.gcr.io/ingress-gce-glbc-amd64@sha256:31d36bbd9c44caffa135fc78cf0737266fcf25e3cf0cd1c2fcbfbc4f7309cc52 k8s.gcr.io/ingress-gce-glbc-amd64:v1.1.1] 67801919} {[k8s.gcr.io/kube-addon-manager@sha256:d53486c3a0b49ebee019932878dc44232735d5622a51dbbdcec7124199020d09 k8s.gcr.io/kube-addon-manager:v8.7] 63322109} {[k8s.gcr.io/cpvpa-amd64@sha256:cfe7b0a11c9c8e18c87b1eb34fef9a7cbb8480a8da11fc2657f78dbf4739f869 k8s.gcr.io/cpvpa-amd64:v0.6.0] 51785854} {[k8s.gcr.io/k8s-dns-kube-dns-amd64@sha256:618a82fa66cf0c75e4753369a6999032372be7308866fc9afb381789b1e5ad52 k8s.gcr.io/k8s-dns-kube-dns-amd64:1.14.13] 51157394} {[k8s.gcr.io/cluster-proportional-autoscaler-amd64@sha256:003f98d9f411ddfa6ff6d539196355e03ddd69fa4ed38c7ffb8fec6f729afe2d k8s.gcr.io/cluster-proportional-autoscaler-amd64:1.1.2-r2] 49648481} {[k8s.gcr.io/ip-masq-agent-amd64@sha256:1ffda57d87901bc01324c82ceb2145fe6a0448d3f0dd9cb65aa76a867cd62103 k8s.gcr.io/ip-masq-agent-amd64:v2.1.1] 49612505} {[k8s.gcr.io/k8s-dns-kube-dns-amd64@sha256:b99fc3eee2a9f052f7eb4cc00f15eb12fc405fa41019baa2d6b79847ae7284a8 k8s.gcr.io/k8s-dns-kube-dns-amd64:1.14.10] 49549457} {[k8s.gcr.io/rescheduler@sha256:156cfbfd05a5a815206fd2eeb6cbdaf1596d71ea4b415d3a6c43071dd7b99450 k8s.gcr.io/rescheduler:v0.4.0] 48973149} {[k8s.gcr.io/event-exporter@sha256:16ca66e2b5dc7a1ce6a5aafcb21d0885828b75cdfc08135430480f7ad2364adc k8s.gcr.io/event-exporter:v0.2.4] 47261019} {[k8s.gcr.io/coredns@sha256:db2bf53126ed1c761d5a41f24a1b82a461c85f736ff6e90542e9522be4757848 k8s.gcr.io/coredns:1.1.3] 45587362} {[k8s.gcr.io/k8s-dns-sidecar-amd64@sha256:cedc8fe2098dffc26d17f64061296b7aa54258a31513b6c52df271a98bb522b3 k8s.gcr.io/k8s-dns-sidecar-amd64:1.14.13] 42852039} {[k8s.gcr.io/metrics-server-amd64@sha256:49a9f12f7067d11f42c803dbe61ed2c1299959ad85cb315b25ff7eef8e6b8892 k8s.gcr.io/metrics-server-amd64:v0.2.1] 42541759} {[k8s.gcr.io/prometheus-to-sd@sha256:14666989f40bb7c896c3e775a93c6873e2b791d65bc65579f58a078b7f9a764e k8s.gcr.io/prometheus-to-sd:v0.5.0] 41861013} {[k8s.gcr.io/prometheus-to-sd@sha256:aca8ef83a7fae83f1f8583e978dd4d1ff655b9f2ca0a76bda5edce6d8965bdf2 k8s.gcr.io/prometheus-to-sd:v0.4.2] 41861013} {[k8s.gcr.io/k8s-dns-sidecar-amd64@sha256:4f1ab957f87b94a5ec1edc26fae50da2175461f00afecf68940c4aa079bd08a4 k8s.gcr.io/k8s-dns-sidecar-amd64:1.14.10] 41635309} {[k8s.gcr.io/k8s-dns-dnsmasq-nanny-amd64@sha256:45df3e8e0c551bd0c79cdba48ae6677f817971dcbd1eeed7fd1f9a35118410e4 k8s.gcr.io/k8s-dns-dnsmasq-nanny-amd64:1.14.13] 41372492}],VolumesInUse:[],VolumesAttached:[],Config:nil,},}&#xA;Jun 27 10:08:57.105: INFO: &#xA;Logging kubelet events for node gke-standard-cluster-1-default-pool-04796f61-rr33&#xA;Jun 27 10:08:57.115: INFO: &#xA;Logging pods the kubelet thinks is on node gke-standard-cluster-1-default-pool-04796f61-rr33&#xA;Jun 27 10:08:57.147: INFO: event-exporter-v0.2.4-5c57bb7478-xtjl2 started at 2019-06-27 09:46:05 +0000 UTC (0+2 container statuses recorded)&#xA;Jun 27 10:08:57.147: INFO: &#x9;Container event-exporter ready: true, restart count 0&#xA;Jun 27 10:08:57.147: INFO: &#x9;Container prometheus-to-sd-exporter ready: true, restart count 0&#xA;Jun 27 10:08:57.147: INFO: l7-default-backend-7ff48cffd7-g8pnv started at 2019-06-27 09:46:05 +0000 UTC (0+1 container statuses recorded)&#xA;Jun 27 10:08:57.147: INFO: &#x9;Container default-http-backend ready: true, restart count 0&#xA;Jun 27 10:08:57.147: INFO: fluentd-gcp-v3.2.0-k8m8z started at 2019-06-27 09:46:25 +0000 UTC (0+2 container statuses recorded)&#xA;Jun 27 10:08:57.147: INFO: &#x9;Container fluentd-gcp ready: true, restart count 0&#xA;Jun 27 10:08:57.147: INFO: &#x9;Container prometheus-to-sd-exporter ready: true, restart count 0&#xA;Jun 27 10:08:57.147: INFO: daemonrestart10-95c0c714-98c2-11e9-ad63-aad45135813d-fjvqg started at 2019-06-27 10:08:42 +0000 UTC (0+1 container statuses recorded)&#xA;Jun 27 10:08:57.147: INFO: &#x9;Container daemonrestart10-95c0c714-98c2-11e9-ad63-aad45135813d ready: true, restart count 0&#xA;Jun 27 10:08:57.147: INFO: kube-proxy-gke-standard-cluster-1-default-pool-04796f61-rr33 started at &lt;nil&gt; (0+0 container statuses recorded)&#xA;Jun 27 10:08:57.147: INFO: sonobuoy-systemd-logs-daemon-set-887c578ef8c54f54-rmqrw started at 2019-06-27 10:01:32 +0000 UTC (0+2 container statuses recorded)&#xA;Jun 27 10:08:57.147: INFO: &#x9;Container sonobuoy-worker ready: true, restart count 0&#xA;Jun 27 10:08:57.147: INFO: &#x9;Container systemd-logs ready: true, restart count 0&#xA;Jun 27 10:08:57.147: INFO: kube-dns-autoscaler-67c97c87fb-4j4kd started at 2019-06-27 09:46:05 +0000 UTC (0+1 container statuses recorded)&#xA;Jun 27 10:08:57.147: INFO: &#x9;Container autoscaler ready: true, restart count 0&#xA;Jun 27 10
[...]
242132} {[k8s.gcr.io/zookeeper-install-3.5.0-alpha@sha256:60d7f3ce5ec9ff06bc82a1e42d4c66633b93ebd22a8c792a8d34f8c0078f6b68 k8s.gcr.io/zookeeper-install-3.5.0-alpha:e2e] 220145150} {[cockroachdb/cockroach@sha256:815acd11351fb5087edb0ec73896cd2baf5767dedc20ccd0bbe6d08d1e05b38f cockroachdb/cockroach:v1.0] 163225516} {[cockroachdb/cockroach-k8s-init@sha256:aa384ac9476677208acc0d0d625b0f277a7142603846cefb71f80706682c188c cockroachdb/cockroach-k8s-init:0.1] 153888353} {[k8s.gcr.io/fluentd-elasticsearch@sha256:b8c94527b489fb61d3d81ce5ad7f3ddbb7be71e9620a3a36e2bede2f2e487d73 k8s.gcr.io/fluentd-elasticsearch:v2.0.4] 135716379} {[k8s.gcr.io/nginx-slim-amd64@sha256:6654db6d4028756062edac466454ee5c9cf9b20ef79e35a81e3c840031eb1e2b k8s.gcr.io/nginx-slim-amd64:0.20] 103591055} {[k8s.gcr.io/kubernetes-dashboard-amd64@sha256:dc4026c1b595435ef5527ca598e1e9c4343076926d7d62b365c44831395adbd0 k8s.gcr.io/kubernetes-dashboard-amd64:v1.8.3] 102319441} {[gcr.io/google_containers/kube-proxy:v1.11.10-gke.4 k8s.gcr.io/kube-proxy:v1.11.10-gke.4] 102279340} {[k8s.gcr.io/echoserver@sha256:cb5c1bddd1b5665e1867a7fa1b5fa843a47ee433bbb75d4293888b71def53229 k8s.gcr.io/echoserver:1.10] 95361986} {[k8s.gcr.io/nginx-slim-amd64@sha256:8ca6a9ecef3b2ef02f6e0c3d449235d9c53d532f420cc0a29a6a133aa88df256 k8s.gcr.io/nginx-slim-amd64:0.21] 95339966} {[gcr.io/heptio-images/sonobuoy@sha256:d6d530b1ede4b82e9989aa1ba7ae4cd4fac09c6f7cb6a7c4f9270fff241e72c7 gcr.io/heptio-images/sonobuoy:v0.14.3] 89896078} {[k8s.gcr.io/fluentd-gcp-scaler@sha256:a5ace7506d393c4ed65eb2cbb6312c64ab357fcea16dff76b9055bc6e498e5ff k8s.gcr.io/fluentd-gcp-scaler:0.5.1] 86637208} {[k8s.gcr.io/heapster-amd64@sha256:9fae0af136ce0cf4f88393b3670f7139ffc464692060c374d2ae748e13144521 k8s.gcr.io/heapster-amd64:v1.6.0-beta.1] 76016169} {[k8s.gcr.io/ingress-gce-glbc-amd64@sha256:31d36bbd9c44caffa135fc78cf0737266fcf25e3cf0cd1c2fcbfbc4f7309cc52 k8s.gcr.io/ingress-gce-glbc-amd64:v1.1.1] 67801919} {[k8s.gcr.io/kube-addon-manager@sha256:d53486c3a0b49ebee019932878dc44232735d5622a51dbbdcec7124199020d09 k8s.gcr.io/kube-addon-manager:v8.7] 63322109} {[k8s.gcr.io/cpvpa-amd64@sha256:cfe7b0a11c9c8e18c87b1eb34fef9a7cbb8480a8da11fc2657f78dbf4739f869 k8s.gcr.io/cpvpa-amd64:v0.6.0] 51785854} {[k8s.gcr.io/k8s-dns-kube-dns-amd64@sha256:618a82fa66cf0c75e4753369a6999032372be7308866fc9afb381789b1e5ad52 k8s.gcr.io/k8s-dns-kube-dns-amd64:1.14.13] 51157394} {[k8s.gcr.io/cluster-proportional-autoscaler-amd64@sha256:003f98d9f411ddfa6ff6d539196355e03ddd69fa4ed38c7ffb8fec6f729afe2d k8s.gcr.io/cluster-proportional-autoscaler-amd64:1.1.2-r2] 49648481} {[k8s.gcr.io/ip-masq-agent-amd64@sha256:1ffda57d87901bc01324c82ceb2145fe6a0448d3f0dd9cb65aa76a867cd62103 k8s.gcr.io/ip-masq-agent-amd64:v2.1.1] 49612505} {[k8s.gcr.io/k8s-dns-kube-dns-amd64@sha256:b99fc3eee2a9f052f7eb4cc00f15eb12fc405fa41019baa2d6b79847ae7284a8 k8s.gcr.io/k8s-dns-kube-dns-amd64:1.14.10] 49549457} {[k8s.gcr.io/rescheduler@sha256:156cfbfd05a5a815206fd2eeb6cbdaf1596d71ea4b415d3a6c43071dd7b99450 k8s.gcr.io/rescheduler:v0.4.0] 48973149} {[k8s.gcr.io/event-exporter@sha256:16ca66e2b5dc7a1ce6a5aafcb21d0885828b75cdfc08135430480f7ad2364adc k8s.gcr.io/event-exporter:v0.2.4] 47261019}],VolumesInUse:[],VolumesAttached:[],Config:nil,},}&#xA;Jun 27 11:32:12.623: INFO: &#xA;Logging kubelet events for node gke-standard-cluster-1-default-pool-04796f61-rr33&#xA;Jun 27 11:32:12.628: INFO: &#xA;Logging pods the kubelet thinks is on node gke-standard-cluster-1-default-pool-04796f61-rr33&#xA;Jun 27 11:32:12.643: INFO: kube-proxy-gke-standard-cluster-1-default-pool-04796f61-rr33 started at &lt;nil&gt; (0+0 container statuses recorded)&#xA;Jun 27 11:32:12.643: INFO: sonobuoy-systemd-logs-daemon-set-887c578ef8c54f54-rmqrw started at 2019-06-27 10:01:32 +0000 UTC (0+2 container statuses recorded)&#xA;Jun 27 11:32:12.643: INFO: &#x9;Container sonobuoy-worker ready: true, restart count 1&#xA;Jun 27 11:32:12.643: INFO: &#x9;Container systemd-logs ready: true, restart count 1&#xA;Jun 27 11:32:12.643: INFO: event-exporter-v0.2.4-5c57bb7478-xtjl2 started at 2019-06-27 09:46:05 +0000 UTC (0+2 container statuses recorded)&#xA;Jun 27 11:32:12.643: INFO: &#x9;Container event-exporter ready: true, restart count 0&#xA;Jun 27 11:32:12.643: INFO: &#x9;Container prometheus-to-sd-exporter ready: true, restart count 0&#xA;Jun 27 11:32:12.643: INFO: l7-default-backend-7ff48cffd7-g8pnv started at 2019-06-27 09:46:05 +0000 UTC (0+1 container statuses recorded)&#xA;Jun 27 11:32:12.643: INFO: &#x9;Container default-http-backend ready: true, restart count 0&#xA;Jun 27 11:32:12.643: INFO: fluentd-gcp-v3.2.0-k8m8z started at 2019-06-27 09:46:25 +0000 UTC (0+2 container statuses recorded)&#xA;Jun 27 11:32:12.643: INFO: &#x9;Container fluentd-gcp ready: true, restart count 0&#xA;Jun 27 11:32:12.643: INFO: &#x9;Container prometheus-to-sd-exporter ready: true, restart count 0&#xA;Jun 27 11:32:12.643: INFO: prometheus-to-sd-28w8p started at 2019-06-27 09:45:45 +0000 UTC (0+1 container statuses recorded)&#xA;Jun 27 11:32:12.643: INFO: &#x9;Container prometheus-to-sd ready: true, restart count 0&#xA;Jun 27 11:32:12.643: INFO: kube-dns-autoscaler-67c97c87fb-4j4kd started at 2019-06-27 09:46:05 +0000 UTC (0+1 container statuses recorded)&#xA;Jun 27 11:32:12.643: INFO: &#x9;Container autoscaler ready: true, restart count 0&#xA;Jun 27 11:32:12.643: INFO: kube-dns-76dbb796c5-4ndph started at 2019-06-27 09:46:05 +0000 UTC (0+4 container statuses recorded)&#xA;Jun 27 11:32:12.643: INFO: &#x9;Container dnsmasq ready: true, restart count 0&#xA;Jun 27 11:32:12.643: INFO: &#x9;Container kubedns ready: true, restart count 0&#xA;Jun 27 11:32:12.643: INFO: &#x9;Container prometheus-to-sd ready: true, restart count 0&#xA;Jun 27 11:32:12.643: INFO: &#x9;Container sidecar ready: true, restart count 0&#xA;Jun 27 11:32:12.643: INFO: fluentd-gcp-scaler-5b5bf8b99f-vkg4s started at 2019-06-27 09:46:05 +0000 UTC (0+1 container statuses recorded)&#xA;Jun 27 11:32:12.643: INFO: &#x9;Container fluentd-gcp-scaler ready: true, restart count 0&#xA;Jun 27 11:32:12.689: INFO: &#xA;Latency metrics for node gke-standard-cluster-1-default-pool-04796f61-rr33&#xA;Jun 27 11:32:12.689: INFO: &#xA;Logging node info for node gke-standard-cluster-1-default-pool-04796f61-sx27&#xA;Jun 27 11:32:12.694: INFO: Node Info: &amp;Node{ObjectMeta:k8s_io_apimachinery_pkg_apis_meta_v1.ObjectMeta{Name:gke-standard-cluster-1-default-pool-04796f61-sx27,GenerateName:,Namespace:,SelfLink:/api/v1/nodes/gke-standard-cluster-1-default-pool-04796f61-sx27,UID:560b3037-98c0-11e9-93fd-42010a800028,ResourceVersion:32818,Generation:0,CreationTimestamp:2019-06-27 09:45:45 +0000 UTC,DeletionTimestamp:&lt;nil&gt;,DeletionGracePeriodSeconds:nil,Labels:map[string]string{beta.kubernetes.io/arch: amd64,beta.kubernetes.io/fluentd-ds-ready: true,beta.kubernetes.io/instance-type: n1-standard-4,beta.kubernetes.io/os: linux,cloud.google.com/gke-nodepool: default-pool,cloud.google.com/gke-os-distribution: cos,failure-domain.beta.kubernetes.io/region: us-central1,failure-domain.beta.kubernetes.io/zone: us-central1-a,kubernetes.io/hostname: gke-standard-cluster-1-default-pool-04796f61-sx27,},Annotations:map[string]string{container.googleapis.com/instance_id: 7591417305628225878,node.alpha.kubernetes.io/ttl: 0,volumes.kubernetes.io/controller-managed-attach-detach: true,},OwnerReferences:[],Finalizers:[],ClusterName:,Initializers:nil,},Spec:NodeSpec{PodCIDR:10.8.0.0/24,DoNotUse_ExternalID:,ProviderID:gce://sinuous-tuner-235209/us-central1-a/gke-standard-cluster-1-default-pool-04796f61-sx27,Unschedulable:false,Taints:[],ConfigSource:nil,},Status:NodeStatus{Capacity:ResourceList{cpu: {{4 0} {&lt;nil&gt;} 4 DecimalSI},ephemeral-storage: {{101241290752 0} {&lt;nil&gt;}  BinarySI},hugepages-2Mi: {{0 0} {&lt;nil&gt;} 0 DecimalSI},memory: {{15768948736 0} {&lt;nil&gt;} 15399364Ki BinarySI},pods: {{110 0} {&lt;nil&gt;} 110 DecimalSI},},Allocatable:ResourceList{cpu: {{3920 -3} {&lt;nil&gt;} 3920m DecimalSI},ephemeral-storage: {{47093746742 0} {&lt;nil&gt;} 47093746742 DecimalSI},hugepages-2Mi: {{0 0} {&lt;nil&gt;} 0 DecimalSI},memory: {{13004902400 0} {&lt;nil&gt;} 12700100Ki BinarySI},pods: {{110 0} {&lt;nil&gt;} 110 DecimalSI},},Phase:,Conditions:[{FrequentContainerdRestart False 2019-06-27 11:31:58 +0000 UTC 2019-06-27 09:49:05 +0000 UTC FrequentContainerdRestart containerd is functioning properly} {KernelDeadlock False 2019-06-27 11:31:58 +0000 UTC 2019-06-27 09:44:02 +0000 UTC KernelHasNoDeadlock kernel has no deadlock} {ReadonlyFilesystem False 2019-06-27 11:31:58 +0000 UTC 2019-06-27 09:44:02 +0000 UTC FilesystemIsNotReadOnly Filesystem is not read-only} {CorruptDockerOverlay2 False 2019-06-27 11:31:58 +0000 UTC 2019-06-27 09:49:03 +0000 UTC CorruptDockerOverlay2 docker overlay2 is functioning properly} {FrequentUnregisterNetDevice False 2019-06-27 11:31:58 +0000 UTC 2019-06-27 09:49:03 +0000 UTC UnregisterNetDevice node is functioning properly} {FrequentKubeletRestart False 2019-06-27 11:31:58 +0000 UTC 2019-06-27 09:49:03 +0000 UTC FrequentKubeletRestart kubelet is functioning properly} {FrequentDockerRestart False 2019-06-27 11:31:58 +0000 UTC 2019-06-27 09:49:04 +0000 UTC FrequentDockerRestart docker is functioning properly} {NetworkUnavailable False 2019-06-27 09:45:46 +0000 UTC 2019-06-27 09:45:46 +0000 UTC RouteCreated NodeController create implicit route} {OutOfDisk False 2019-06-27 11:32:07 +0000 UTC 2019-06-27 09:45:45 +0000 UTC KubeletHasSufficientDisk kubelet has sufficient disk space available} {MemoryPressure False 2019-06-27 11:32:07 +0000 UTC 2019-06-27 09:45:45 +0000 UTC KubeletHasSufficientMemory kubelet has sufficient memory available} {DiskPressure False 2019-06-27 11:32:07 +0000 UTC 2019-06-27 09:45:45 +0000 UTC KubeletHasNoDiskPressure kubelet has no disk pressure} {PIDPressure False 2019-06-27 11:32:07 +0000 UTC 2019-06-27 09:45:45 +0000 UTC KubeletHasSufficientPID kubelet has sufficient PID available} {Ready True 2019-06-27 11:32:07 +0000 UTC 2019-06-27 09:46:06 +0000 UTC KubeletReady kubelet is posting ready status. AppArmor enabled}],Addresses:[{InternalIP 10.128.0.41} {ExternalIP 34.67.223.57} {Hostname gke-standard-cluster-1-default-pool-04796f61-sx27}],DaemonEndpoints:NodeDaemonEndpoints{KubeletEndpoint:DaemonEndpoint{Port:10250,},},NodeInfo:NodeSystemInfo{MachineID:ae4216d32aefe90029e9232dc77c1eda,SystemUUID:AE4216D3-2AEF-E900-29E9-232DC77C1EDA,BootID:75bdcdda-ed72-4df2-bb2c-68fbb20cc027,KernelVersion:4.14.119+,OSImage:Container-Optimized OS from Google,ContainerRuntimeVersion:docker://17.3.2,KubeletVersion:v1.11.10-gke.4,KubeProxyVersion:v1.11.10-gke.4,OperatingSystem:linux,Architecture:amd64,},Images:[{[k8s.gcr.io/mysql-galera@sha256:daa2bc871bad84f4a05536fa3b0956ff8698b41e7f48c6280a6450cec6d25917 k8s.gcr.io/mysql-galera:e2e] 715149006} {[java@sha256:b91008e234402fc87e7889d6af1f36b6ece844c05989236d83d1f658a6f329b0 java:openjdk-8-jre] 311241763} {[gcr.io/heptio-images/sonobuoy-plugin-systemd-logs@sha256:58e077ba773ff5d7b6bba90771fad72217f0d10b913bb66bb0afb387c9552788 gcr.io/heptio-images/sonobuoy-plugin-systemd-logs:latest] 290890605} {[k8s.gcr.io/node-problem-detector@sha256:f95cab985c26b2f46e9bd43283e0bfa88860c14e0fb0649266babe8b65e9eb2b k8s.gcr.io/node-problem-detector:v0.4.1] 286572743} {[gcr.io/stackdriver-agents/stackdriver-logging-agent@sha256:f8d5231b67b9c53f60068b535a11811d29d1b3efd53d2b79f2a2591ea338e4f2 gcr.io/stackdriver-agents/stackdriver-logging-agent:0.6-1.6.0-1] 223242132} {[k8s.gcr.io/zookeeper-install-3.5.0-alpha@sha256:60d7f3ce5ec9ff06bc82a1e42d4c66633b93ebd22a8c792a8d34f8c0078f6b68 k8s.gcr.io/zookeeper-install-3.5.0-alpha:e2e] 220145150} {[k8s.gcr.io/galera-install@sha256:7f8245935b92f170e22d7b2cdf802adc75da3a3e05120c50eaa97543e1c20b0a k8s.gcr.io/galera-install:0.1] 181241032} {[cockroachdb/cockroach@sha256:815acd11351fb5087edb0ec73896cd2baf5767dedc20ccd0bbe6d08d1e05b38f cockroachdb/cockroach:v1.0] 163225516} {[cockroachdb/cockroach-k8s-init@sha256:aa384ac9476677208acc0d0d625b0f277a7142603846cefb71f80706682c188c cockroachdb/cockroach-k8s-init:0.1] 153888353} {[k8s.gcr.io/fluentd-elasticsearch@sha256:b8c94527b489fb61d3d81ce5ad7f3ddbb7be71e9620a3a36e2bede2f2e487d73 k8s.gcr.io/fluentd-elasticsearch:v2.0.4] 135716379} {[debian@sha256:6b95a104400bb99ad60b47a48e37d5d1eb71a3f9ec8e86854e0cf64ecc5fd0e8 debian:jessie] 129072320} {[k8s.gcr.io/nginx-slim-amd64@sha256:6654db6d4028756062edac466454ee5c9cf9b20ef79e35a81e3c840031eb1e2b k8s.gcr.io/nginx-slim-amd64:0.20] 103591055} {[k8s.gcr.io/kubernetes-dashboard-amd64@sha256:dc4026c1b595435ef5527ca598e1e9c4343076926d7d62b365c44831395adbd0 k8s.gcr.io/kubernetes-dashboard-amd64:v1.8.3] 102319441} {[gcr.io/google_containers/kube-proxy:v1.11.10-gke.4 k8s.gcr.io/kube-proxy:v1.11.10-gke.4] 102279340} {[k8s.gcr.io/echoserver@sha256:cb5c1bddd1b5665e1867a7fa1b5fa843a47ee433bbb75d4293888b71def53229 k8s.gcr.io/echoserver:1.10] 95361986} {[k8s.gcr.io/nginx-slim-amd64@sha256:8ca6a9ecef3b2ef02f6e0c3d449235d9c53d532f420cc0a29a6a133aa88df256 k8s.gcr.io/nginx-slim-amd64:0.21] 95339966} {[gcr.io/heptio-images/sonobuoy@sha256:d6d530b1ede4b82e9989aa1ba7ae4cd4fac09c6f7cb6a7c4f9270fff241e72c7 gcr.io/heptio-images/sonobuoy:v0.14.3] 89896078} {[k8s.gcr.io/fluentd-gcp-scaler@sha256:a5ace7506d393c4ed65eb2cbb6312c64ab357fcea16dff76b9055bc6e498e5ff k8s.gcr.io/fluentd-gcp-scaler:0.5.1] 86637208} {[k8s.gcr.io/heapster-amd64@sha256:9fae0af136ce0cf4f88393b3670f7139ffc464692060c374d2ae748e13144521 k8s.gcr.io/heapster-amd64:v1.6.0-beta.1] 76016169} {[k8s.gcr.io/ingress-gce-glbc-amd64@sha256:31d36bbd9c44caffa135fc78cf0737266fcf25e3cf0cd1c2fcbfbc4f7309cc52 k8s.gcr.io/ingress-gce-glbc-amd64:v1.1.1] 67801919} {[k8s.gcr.io/kube-addon-manager@sha256:d53486c3a0b49ebee019932878dc44232735d5622a51dbbdcec7124199020d09 k8s.gcr.io/kube-addon-manager:v8.7] 63322109} {[k8s.gcr.io/cpvpa-amd64@sha256:cfe7b0a11c9c8e18c87b1eb34fef9a7cbb8480a8da11fc2657f78dbf4739f869 k8s.gcr.io/cpvpa-amd64:v0.6.0] 51785854} {[k8s.gcr.io/k8s-dns-kube-dns-amd64@sha256:618a82fa66cf0c75e4753369a6999032372be7308866fc9afb381789b1e5ad52 k8s.gcr.io/k8s-dns-kube-dns-amd64:1.14.13] 51157394} {[k8s.gcr.io/cluster-proportional-autoscaler-amd64@sha256:003f98d9f411ddfa6ff6d539196355e03ddd69fa4ed38c7ffb8fec6f729afe2d k8s.gcr.io/cluster-proportional-autoscaler-amd64:1.1.2-r2] 49648481} {[k8s.gcr.io/ip-masq-agent-amd64@sha256:1ffda57d87901bc01324c82ceb2145fe6a0448d3f0dd9cb65aa76a867cd62103 k8s.gcr.io/ip-masq-agent-amd64:v2.1.1] 49612505}],VolumesInUse:[],VolumesAttached:[],Config:nil,},}&#xA;Jun 27 11:32:12.694: INFO: &#xA;Logging kubelet events for node gke-standard-cluster-1-default-pool-04796f61-sx27&#xA;Jun 27 11:32:12.699: INFO: &#xA;Logging pods the kubelet thinks is on node gke-standard-cluster-1-default-pool-04796f61-sx27&#xA;Jun 27 11:32:12.712: INFO: prometheus-to-sd-2qsz9 started at 2019-06-27 09:45:46 +0000 UTC (0+1 container statuses recorded)&#xA;Jun 27 11:32:12.712: INFO: &#x9;Container prometheus-to-sd ready: true, restart count 0&#xA;Jun 27 11:32:12.712: INFO: fluentd-gcp-v3.2.0-jb9xn started at 2019-06-27 09:46:25 +0000 UTC (0+2 container statuses recorded)&#xA;Jun 27 11:32:12.712: INFO: &#x9;Container fluentd-gcp ready: true, restart count 0&#xA;Jun 27 11:32:12.712: INFO: &#x9;Container prometheus-to-sd-exporter ready: true, restart count 0&#xA;Jun 27 11:32:12.712: INFO: kube-dns-76dbb796c5-6qg5f started at 2019-06-27 09:46:07 +0000 UTC (0+4 container statuses recorded)&#xA;Jun 27 11:32:12.712: INFO: &#x9;Container dnsmasq ready: true, restart count 0&#xA;Jun 27 11:32:12.712: INFO: &#x9;Container kubedns ready: true, restart count 0&#xA;Jun 27 11:32:12.712: INFO: &#x9;Container prometheus-to-sd ready: true, restart count 0&#xA;Jun 27 11:32:12.712: INFO: &#x9;Container sidecar ready: true, restart count 0&#xA;Jun 27 11:32:12.712: INFO: kube-proxy-gke-standard-cluster-1-default-pool-04796f61-sx27 started at &lt;nil&gt; (0+0 container statuses recorded)&#xA;Jun 27 11:32:12.712: INFO: sonobuoy-systemd-logs-daemon-set-887c578ef8c54f54-28cmn started at 2019-06-27 10:01:32 +0000 UTC (0+2 container statuses recorded)&#xA;Jun 27 11:32:12.712: INFO: &#x9;Container sonobuoy-worker ready: true, restart count 1&#xA;Jun 27 11:32:12.712: INFO: &#x9;Container systemd-logs ready: true, restart count 1&#xA;Jun 27 11:32:12.743: INFO: &#xA;Latency metrics for node gke-standard-cluster-1-default-pool-04796f61-sx27&#xA;STEP: Dumping a list of prepulled images on each node to file /tmp/results/image-puller.txt&#xA;Jun 27 11:32:12.750: INFO: Waiting up to 3m0s for all (but 0) nodes to be ready&#xA;STEP: Destroying namespace &#34;e2e-tests-cassandra-upgrade-g4xjl&#34; for this suite.&#xA;Jun 27 11:32:18.775: INFO: Waiting up to 30s for server preferred namespaced resources to be successfully discovered&#xA;Jun 27 11:32:19.055: INFO: namespace: e2e-tests-cassandra-upgrade-g4xjl, resource: bindings, ignored listing per whitelist&#xA;Jun 27 11:32:19.101: INFO: namespace e2e-tests-cassandra-upgrade-g4xjl deletion completed in 6.344750219s&#xA;</system-out>
      </testcase>
      <testcase name="[sig-storage] Subpath [Volume type: hostPath] should support file as subpath" classname="Kubernetes e2e suite" time="0">
          <skipped></skipped>
      </testcase>
      <testcase name="[k8s.io] Cluster size autoscaler scalability [Slow] shouldn&#39;t scale down with underutilized nodes due to host port conflicts [Feature:ClusterAutoscalerScalability5]" classname="Kubernetes e2e suite" time="0">
          <skipped></skipped>
      </testcase>
      <testcase name="[sig-storage] Subpath [Volume type: gcePDPartitioned] should support restarting containers using file as subpath [Slow]" classname="Kubernetes e2e suite" time="0">
          <skipped></skipped>
      </testcase>
      <testcase name="[sig-apps] Network Partition [Disruptive] [Slow] [k8s.io] Pods should return to running and ready state after network partition is healed All pods on the unreachable node should be marked as NotReady upon the node turn NotReady AND all pods should be mark back to Ready when the node get back to Ready before pod eviction timeout" classname="Kubernetes e2e suite" time="6.503799004">
          <skipped></skipped>
      </testcase>
      <testcase name="[sig-storage] Secrets should be consumable from pods in volume [NodeConformance] [Conformance]" classname="Kubernetes e2e suite" time="0">
          <skipped></skipped>
      </testcase>
      <testcase name="[sig-apps] Deployment deployment should support rollback" classname="Kubernetes e2e suite" time="15.038513327"></testcase>
      <testcase name="[sig-cluster-lifecycle] Restart [Disruptive] should restart all nodes and ensure all nodes and pods recover" classname="Kubernetes e2e suite" time="0">
          <skipped></skipped>
      </testcase>
      <testcase name="[sig-storage] Projected should provide podname as non-root with fsgroup and defaultMode [NodeFeature:FSGroup]" classname="Kubernetes e2e suite" time="0">
          <skipped></skipped>
      </testcase>
      <testcase name="[sig-storage] EmptyDir volumes when FSGroup is specified [NodeFeature:FSGroup] files with FSGroup ownership should support (root,0644,tmpfs)" classname="Kubernetes e2e suite" time="0">
          <skipped></skipped>
      </testcase>
      <testcase name="[sig-storage] PersistentVolumes-local  [Volume type: tmpfs] One pod requesting one prebound PVC should be able to mount volume and read from pod1" classname="Kubernetes e2e suite" time="0">
          <skipped></skipped>
      </testcase>
      <testcase name="[sig-network] NetworkPolicy NetworkPolicy between server and client should support allow-all policy [Feature:NetworkPolicy]" classname="Kubernetes e2e suite" time="0">
          <skipped></skipped>
      </testcase>
      <testcase name="[sig-api-machinery] CustomResourceDefinition resources Simple CustomResourceDefinition creating/deleting custom resource definition objects works  [Conformance]" classname="Kubernetes e2e suite" time="0">
          <skipped></skipped>
      </testcase>
  </testsuite>